Opened log file '<REDACTED>'
[SEED2STATE_V18_1_KSEC_MANUAL_BREAKPOINTS_BEGIN]
[SEED2STATE_V18_1_KSEC_MANUAL_BREAKPOINTS_END]
[SEED2STATE_V18_1_KSEC_MANUAL_SETUP_END]
0: kd> bl
bl
     0 e Disable Clear  f7459724     0001 (0001) 
     1 e Disable Clear  f74599a6     0001 (0001) 

0: kd> $$>a<C:\Temp\seed2state_v18_1\01_go.txt
$$>a<C:\Temp\seed2state_v18_1\01_go.txt
[SEED2STATE_V18_1_GO_ARMED]
Break instruction exception - code 80000003 (first chance)
KSecDD!GatherRandomKey+0x38b:
f7459724 6a14            push    14h
2: kd> $$>a<C:\Temp\seed2state_v18_1\manual\01_dump_vlh_exit_f7459724.txt
$$>a<C:\Temp\seed2state_v18_1\manual\01_dump_vlh_exit_f7459724.txt
[V18_1_MANUAL_VLH_EXIT_F7459724]
eax=00000001 ebx=00000ba8 ecx=00004596 edx=cad8bff2 esi=f7455530 edi=b8dd2bb8
eip=f7459724 esp=b8dd29d0 ebp=b8dd2bbc iopl=0         nv up ei pl zr na pe nc
cs=0008  ss=0010  ds=0023  es=0023  fs=0030  gs=0000             efl=00000246
KSecDD!GatherRandomKey+0x38b:
f7459724 6a14            push    14h
[V18_1_EXEC_ID]
proc=<REDACTED> thread=<REDACTED> peb=<REDACTED> teb=<REDACTED> eip=f7459724 esp=b8dd29d0 ebp=b8dd2bbc
[V18_1_MANUAL_VLH_ARGS_EBP]
b8dd2bbc  b8dd2be0 f74599a6 00000000 00000000
b8dd2bcc  8a0b15f8 b8dd2bf0 b8dd2c10 8a0b15f8
b8dd2bdc  b8dd2c4c b8dd2c14 f7457cf9 b8dd2c00
b8dd2bec  8a0b15f8 00000100 89f9be48 89f9bdd8
b8dd2bfc  00000000 00000010 00000001 00000000
b8dd2c0c  00000000 c00000bb b8dd2c40 f7457e7a
b8dd2c1c  00000000 00000100 8a0b15f8 b8dd2c4c
b8dd2c2c  00390008 89fbb9b8 8a1f9530 89f9bdd8
[V18_1_MANUAL_VLH_SEEDBASE_AFTER_EBP_M54]
b8dd2b68  86 b4 5d 0f 6c c8 38 b9-1e 47 b0 a4 ef 99 72 28  ..].l.8..G....r(
b8dd2b78  f0 d6 5b 3c 55 6b b6 5d-34 ab ba a9 d4 78 3c 41  ..[<Uk.]4....x<A
b8dd2b88  ba 12 cc 14 92 97 30 fd-6d 54 7e 7f bf 88 29 95  ......0.mT~...).
b8dd2b98  ea 96 b7 f5 03 7a 29 c3-8f 5e d6 e5 7c 9a 2d bc  .....z)..^..|.-.
b8dd2ba8  5d af 32 57 6f 43 a2 71-f2 bf d8 ca 63 7c f4 47  ].2WoC.q....c|.G
[V18_1_MANUAL_VLH_EBP_REGION_M100]
b8dd2abc  74 28 0e b0 4e 6d 55 3f-d4 ad a4 21 f6 5c 06 ec  t(..NmU?...!.\..
b8dd2acc  3a f3 71 ee 6e dc 81 f9-31 7f fb 5f c2 6c c8 11  :.q.n...1.._.l..
b8dd2adc  89 bf 13 37 38 04 f2 50-e5 dd 49 b4 98 99 68 61  ...78..P..I...ha
b8dd2aec  ab 18 00 fe 00 00 00 00-30 97 21 8a 02 02 00 00  ........0.!.....
b8dd2afc  00 00 00 00 9a 19 70 80-3d 0d 57 80 3c 2c dd b8  ......p.=.W.<,..
b8dd2b0c  01 23 45 67 89 ab cd ef-fe dc ba 98 76 54 32 10  .#Eg........vT2.
b8dd2b1c  f0 e1 d2 c3 00 00 00 00-00 00 00 00 00 00 00 00  ................
b8dd2b2c  00 00 00 00 00 00 00 00-00 00 00 00 00 00 00 00  ................
b8dd2b3c  00 00 00 00 00 00 00 00-00 00 00 00 00 00 00 00  ................
b8dd2b4c  00 00 00 00 00 00 00 00-00 00 00 00 00 00 00 00  ................
b8dd2b5c  00 00 00 00 00 00 00 00-00 00 00 00 86 b4 5d 0f  ..............].
b8dd2b6c  6c c8 38 b9 1e 47 b0 a4-ef 99 72 28 f0 d6 5b 3c  l.8..G....r(..[<
b8dd2b7c  55 6b b6 5d 34 ab ba a9-d4 78 3c 41 ba 12 cc 14  Uk.]4....x<A....
b8dd2b8c  92 97 30 fd 6d 54 7e 7f-bf 88 29 95 ea 96 b7 f5  ..0.mT~...).....
b8dd2b9c  03 7a 29 c3 8f 5e d6 e5-7c 9a 2d bc 5d af 32 57  .z)..^..|.-.].2W
b8dd2bac  6f 43 a2 71 f2 bf d8 ca-63 7c f4 47 96 45 00 00  oC.q....c|.G.E..
b8dd2bbc  e0 2b dd b8 a6 99 45 f7-00 00 00 00 00 00 00 00  .+....E.........
b8dd2bcc  f8 15 0b 8a f0 2b dd b8-10 2c dd b8 f8 15 0b 8a  .....+...,......
b8dd2bdc  4c 2c dd b8 14 2c dd b8-f9 7c 45 f7 00 2c dd b8  L,...,...|E..,..
b8dd2bec  f8 15 0b 8a 00 01 00 00-48 be f9 89 d8 bd f9 89  ........H.......
b8dd2bfc  00 00 00 00 10 00 00 00-01 00 00 00 00 00 00 00  ................
b8dd2c0c  00 00 00 00 bb 00 00 c0-40 2c dd b8 7a 7e 45 f7  ........@,..z~E.
b8dd2c1c  00 00 00 00 00 01 00 00-f8 15 0b 8a 4c 2c dd b8  ............L,..
b8dd2c2c  08 00 39 00 b8 b9 fb 89-30 95 1f 8a d8 bd f9 89  ..9.....0.......
b8dd2c3c  08 00 39 00 64 2c dd b8-c9 13 4e 80 18 94 1f 8a  ..9.d,....N.....
b8dd2c4c  00 01 00 00 10 14 70 80-e2 06 57 80 48 be f9 89  ......p...W.H...
b8dd2c5c  b8 b9 fb 89 d8 bd f9 89-00 2d dd b8 d8 03 58 80  .........-....X.
b8dd2c6c  18 94 1f 8a d8 bd f9 89-b8 b9 fb 89 00 f4 23 00  ..............#.
b8dd2c7c  01 00 00 00 01 00 00 00-02 00 00 00 64 2d dd b8  ............d-..
b8dd2c8c  bc f3 23 00 a6 89 58 80-00 00 00 00 01 00 10 00  ..#...X.........
b8dd2c9c  c8 2e 4e 80 f8 2d 4f 80-ff ff ff ff c6 c2 57 80  ..N..-O.......W.
b8dd2cac  18 ac fb 89 44 f4 23 00-01 00 10 00 1c f4 23 00  ....D.#.......#.
[V18_1_MANUAL_VLH_STACK]
b8dd29d0  00000000 b8dd2c00 00000000 b8dd2bf0
b8dd29e0  8a0b15f8 00000008 e1031008 00000000
b8dd29f0  be225251 87620c20 8c360fff 3b2be232
b8dd2a00  e32d9072 23a3c660 a0706a30 bc0ab94d
b8dd2a10  638034e0 d0af26cf ce4c6b3e 951a54d9
b8dd2a20  47a5161c 658440ed 2a1b4fc3 b593e753
b8dd2a30  92f14543 9b777644 97c5a242 48649abd
b8dd2a40  4ad7197b 0dba5ab1 d1599682 c014c9c7
b8dd2a50  b6857a58 bbb73383 247c73a9 120502d8
b8dd2a60  868af05d 9fae08db e88ee6b3 d246d3fc
b8dd2a70  df1da1ef 5b07cd3d 578d9c88 c4d6d5a8
b8dd2a80  a6e1f529 b2b8413c eb7975c1 78a7568f
b8dd2a90  270be9cb f735916f 152f2ef8 035eaa39
b8dd2aa0  94da25fd 01661ede 09fa9d7e 1f7dcc67
b8dd2ab0  cae48bac f49e1017 4bea2c69 b00e2874
b8dd2ac0  3f556d4e 21a4add4 ec065cf6 ee71f33a
b8dd2ad0  f981dc6e 5ffb7f31 11c86cc2 3713bf89
b8dd2ae0  50f20438 b449dde5 61689998 fe0018ab
b8dd2af0  00000000 8a219730 00000202 00000000
b8dd2b00  8070199a 80570d3d b8dd2c3c 67452301
b8dd2b10  efcdab89 98badcfe 10325476 c3d2e1f0
b8dd2b20  00000000 00000000 00000000 00000000
b8dd2b30  00000000 00000000 00000000 00000000
b8dd2b40  00000000 00000000 00000000 00000000
b8dd2b50  00000000 00000000 00000000 00000000
b8dd2b60  00000000 00000000 0f5db486 b938c86c
b8dd2b70  a4b0471e 287299ef 3c5bd6f0 5db66b55
b8dd2b80  a9baab34 413c78d4 14cc12ba fd309792
b8dd2b90  7f7e546d 952988bf f5b796ea c3297a03
b8dd2ba0  e5d65e8f bc2d9a7c 5732af5d 71a2436f
b8dd2bb0  cad8bff2 47f47c63 00004596 b8dd2be0
b8dd2bc0  f74599a6 00000000 00000000 8a0b15f8
[V18_1_MANUAL_VLH_CALLSTACK]
 # ChildEBP RetAddr      Args to Child              
00 b8dd2bbc f74599a6     00000000 00000000 8a0b15f8 KSecDD!GatherRandomKey+0x38b
01 b8dd2be0 f7457cf9     b8dd2c00 8a0b15f8 00000100 KSecDD!NewGenRandomEx+0x55
02 b8dd2c14 f7457e7a     00000000 00000100 8a0b15f8 KSecDD!KsecDeviceControl+0x145
03 b8dd2c40 804e13c9     8a1f9418 00000100 80701410 KSecDD!KsecDispatch+0xa6
04 b8dd2c50 805706e2     89f9be48 89fbb9b8 89f9bdd8 nt!IopfCallDriver+0x31
05 b8dd2c64 805803d8     8a1f9418 89f9bdd8 89fbb9b8 nt!IopSynchronousServiceTail+0x70
06 b8dd2d00 805889d0     000007c4 00000000 00000000 nt!IopXxxControlFile+0x5ef
07 b8dd2d34 804dd98f     000007c4 00000000 00000000 nt!NtDeviceIoControlFile+0x2a
    <Intermediate frames may have been skipped due to lack of complete unwind>
08 b8dd2d34 7c90e4f4 (T) 000007c4 00000000 00000000 nt!KiFastCallEntry+0xfc
    <Intermediate frames may have been skipped due to lack of complete unwind>
09 0023f388 7c90d26c (T) 7c801675 000007c4 00000000 ntdll!KiFastSystemCallRet
0a 0023f38c 7c801675     000007c4 00000000 00000000 ntdll!ZwDeviceIoControlFile+0xc
WARNING: Frame IP not in any known module. Following frames may be wrong.
0b 0023f3ec 77dd9549     000007c4 00390008 77e46318 0x7c801675
0c 0023f448 77dd8443     77e46318 00000100 0023f484 0x77dd9549
0d 0023f588 77dd8378     0023f658 0023f59c 0023f5dc 0x77dd8443
0e 0023f5a0 77dd833b     00000000 0023f658 00000014 0x77dd8378
0f 0023f5c0 77dd82e3     0023f5dc 0023f658 00000014 0x77dd833b
10 0023f5ec 77dd82a6     00000000 00000000 0023f658 0x77dd82e3
11 0023f604 6800d69e     0023f658 00000014 68031998 0x77dd82a6
12 0023f670 680120d4     00000000 00000000 00000000 0x6800d69e
13 0023f6c8 68014eda     68000000 00000001 00000000 0x680120d4
14 0023f6e8 7c90118a     68000000 00000001 00000000 0x68014eda
15 0023f708 7c91c4da     68014e88 68000000 00000001 ntdll!LdrpCallInitRoutine+0x14
16 0023f810 7c916351     00000000 c0150008 00000000 ntdll!LdrpRunInitializeRoutines+0x344
17 0023fabc 7c9164b3     00000000 00254bf0 0023fdb0 ntdll!LdrpLoadDll+0x3e5
18 0023fd64 7c801bbd     00254bf0 0023fdb0 0023fd90 ntdll!LdrLoadDll+0x230
19 0023fdcc 7c801d72     7ffdfc00 00000000 00000000 0x7c801bbd
1a 0023fde0 7c801da8     00254bb8 00000000 00000000 0x7c801d72
1b 0023fdfc 77de8810     00254bb8 729029bc 01dcde82 0x7c801da8
1c 0023feb8 00401c84     0023ff2c 00000000 00000000 0x77de8810
1d 0023fed8 004024e4     0023ff2c 000324a8 0023ff30 0x401c84
1e 0023ff78 0040124b     00000003 000324a8 00032a20 0x4024e4
1f 0023ffb0 00401298     00000001 00000009 0023fff0 0x40124b
20 0023ffc0 7c817067     729029bc 01dcde82 7ffd9000 0x401298
21 0023fff0 00000000     00401280 00000000 78746341 0x7c817067
[V18_1_MANUAL_VLH_EXIT_DUMP_DONE]
2: kd> g
g
Break instruction exception - code 80000003 (first chance)
KSecDD!NewGenRandomEx+0x55:
f74599a6 eb0d            jmp     KSecDD!NewGenRandomEx+0x64 (f74599b5)
2: kd> $$>a<C:\Temp\seed2state_v18_1\manual\02_dump_ksec_late_f74599a6.txt
$$>a<C:\Temp\seed2state_v18_1\manual\02_dump_ksec_late_f74599a6.txt
[V18_1_MANUAL_KSEC_LATE_F74599A6]
eax=00000001 ebx=00000000 ecx=00004596 edx=e1031008 esi=b8dd2c00 edi=00000000
eip=f74599a6 esp=b8dd2bd4 ebp=b8dd2be0 iopl=0         nv up ei pl zr na pe nc
cs=0008  ss=0010  ds=0023  es=0023  fs=0030  gs=0000             efl=00000246
KSecDD!NewGenRandomEx+0x55:
f74599a6 eb0d            jmp     KSecDD!NewGenRandomEx+0x64 (f74599b5)
[V18_1_EXEC_ID]
proc=<REDACTED> thread=<REDACTED> peb=<REDACTED> teb=<REDACTED> eip=f74599a6 esp=b8dd2bd4 ebp=b8dd2be0
[V18_1_MANUAL_KSEC_ARGS_EBP]
b8dd2be0  b8dd2c14 f7457cf9 b8dd2c00 8a0b15f8
b8dd2bf0  00000100 89f9be48 89f9bdd8 00000000
b8dd2c00  00000010 00000001 00000000 00000000
b8dd2c10  c00000bb b8dd2c40 f7457e7a 00000000
b8dd2c20  00000100 8a0b15f8 b8dd2c4c 00390008
b8dd2c30  89fbb9b8 8a1f9530 89f9bdd8 00390008
b8dd2c40  b8dd2c64 804e13c9 8a1f9418 00000100
b8dd2c50  80701410 805706e2 89f9be48 89fbb9b8
[V18_1_MANUAL_KSEC_KERNEL_OUTBUF_PTR]
kernel_outbuf=8a0b15f8 len=00000100 user_or_ctx=b8dd2c00 esp=b8dd2bd4 ebp=b8dd2be0
[V18_1_MANUAL_KSEC_KERNEL_OUTBUF_100]
8a0b15f8  c4 aa 4a da b1 fb d3 32-38 69 19 a8 da ad db cd  ..J....28i......
8a0b1608  7b 63 83 b7 2f 42 23 f4-ee ef 22 a0 81 d8 15 db  {c../B#...".....
8a0b1618  9f a4 20 75 ce fa 64 17-06 c6 2c 13 c6 9e 19 68  .. u..d...,....h
8a0b1628  e1 bb ad 3b fd f8 0d 9d-a3 5a 5a 0f 25 13 f5 89  ...;.....ZZ.%...
8a0b1638  5a 48 dd c9 74 86 c0 ac-2c 7c cc 0e 4e 9a 9b 5c  ZH..t...,|..N..\
8a0b1648  6b e0 f5 d8 b2 54 da b7-98 bc 83 20 71 f3 31 a4  k....T..... q.1.
8a0b1658  7f f0 b1 54 3f 32 ee 52-71 49 8d 44 a4 11 39 04  ...T?2.RqI.D..9.
8a0b1668  2a 21 66 b1 a8 b7 5c fc-7c 0f cb 2e 1a 1e 83 48  *!f...\.|......H
8a0b1678  03 85 fc 23 41 bb 5b 69-8e 50 76 fd aa 7e 93 ed  ...#A.[i.Pv..~..
8a0b1688  65 bf 11 30 1c de 78 7a-4b 0a e8 79 f3 ba 96 cd  e..0..xzK..y....
8a0b1698  a2 f7 6f 95 e8 24 71 37-27 a5 e3 f9 d8 83 e4 af  ..o..$q7'.......
8a0b16a8  2e 4e f8 4e e1 5e 10 7a-e6 24 0f 74 b2 45 26 3a  .N.N.^.z.$.t.E&:
8a0b16b8  2f b7 42 b0 b9 38 24 77-70 84 d7 f1 9e f3 2c 7e  /.B..8$wp.....,~
8a0b16c8  7b 19 2c 84 93 79 50 14-4a b3 77 f0 56 10 1a d5  {.,..yP.J.w.V...
8a0b16d8  c3 fe cf 3d 81 97 34 5e-dd 12 49 00 3f 73 a4 06  ...=..4^..I.?s..
8a0b16e8  e4 a9 91 92 63 04 7c f1-63 33 31 92 e7 0b 14 12  ....c.|.c31.....
[V18_1_MANUAL_KSEC_ARG08_REGION]
b8dd2c00  10 00 00 00 01 00 00 00-00 00 00 00 00 00 00 00  ................
b8dd2c10  bb 00 00 c0 40 2c dd b8-7a 7e 45 f7 00 00 00 00  ....@,..z~E.....
b8dd2c20  00 01 00 00 f8 15 0b 8a-4c 2c dd b8 08 00 39 00  ........L,....9.
b8dd2c30  b8 b9 fb 89 30 95 1f 8a-d8 bd f9 89 08 00 39 00  ....0.........9.
b8dd2c40  64 2c dd b8 c9 13 4e 80-18 94 1f 8a 00 01 00 00  d,....N.........
b8dd2c50  10 14 70 80 e2 06 57 80-48 be f9 89 b8 b9 fb 89  ..p...W.H.......
b8dd2c60  d8 bd f9 89 00 2d dd b8-d8 03 58 80 18 94 1f 8a  .....-....X.....
b8dd2c70  d8 bd f9 89 b8 b9 fb 89-00 f4 23 00 01 00 00 00  ..........#.....
b8dd2c80  01 00 00 00 02 00 00 00-64 2d dd b8 bc f3 23 00  ........d-....#.
b8dd2c90  a6 89 58 80 00 00 00 00-01 00 10 00 c8 2e 4e 80  ..X...........N.
b8dd2ca0  f8 2d 4f 80 ff ff ff ff-c6 c2 57 80 18 ac fb 89  .-O.......W.....
b8dd2cb0  44 f4 23 00 01 00 10 00-1c f4 23 00 34 f4 23 00  D.#.......#.4.#.
b8dd2cc0  d8 bd f9 89 48 be f9 89-04 00 00 00 18 94 1f 8a  ....H...........
b8dd2cd0  01 00 00 00 00 00 00 00-01 00 00 00 b8 b9 fb 89  ................
b8dd2ce0  00 00 00 00 00 00 00 00-88 2c dd b8 00 00 00 00  .........,......
b8dd2cf0  ff ff ff ff c8 2e 4e 80-c0 3a 4f 80 ff ff ff ff  ......N..:O.....
[V18_1_MANUAL_KSEC_EBP_REGION_M200]
b8dd29e0  f8 15 0b 8a 08 00 00 00-08 10 03 e1 00 00 00 00  ................
b8dd29f0  00 00 00 00 00 00 00 00-00 00 00 00 00 00 00 00  ................
b8dd2a00  00 00 00 00 00 00 00 00-00 00 00 00 00 00 00 00  ................
b8dd2a10  00 00 00 00 00 00 00 00-00 00 00 00 00 00 00 00  ................
b8dd2a20  00 00 00 00 00 00 00 00-00 00 00 00 00 00 00 00  ................
b8dd2a30  00 00 00 00 00 00 00 00-00 00 00 00 00 00 00 00  ................
b8dd2a40  00 00 00 00 00 00 00 00-00 00 00 00 00 00 00 00  ................
b8dd2a50  00 00 00 00 00 00 00 00-00 00 00 00 00 00 00 00  ................
b8dd2a60  00 00 00 00 00 00 00 00-00 00 00 00 00 00 00 00  ................
b8dd2a70  00 00 00 00 00 00 00 00-00 00 00 00 00 00 00 00  ................
b8dd2a80  00 00 00 00 00 00 00 00-00 00 00 00 00 00 00 00  ................
b8dd2a90  00 00 00 00 00 00 00 00-00 00 00 00 00 00 00 00  ................
b8dd2aa0  00 00 00 00 00 00 00 00-00 00 00 00 00 00 00 00  ................
b8dd2ab0  00 00 00 00 00 00 00 00-00 00 00 00 00 00 00 00  ................
b8dd2ac0  00 00 00 00 00 00 00 00-00 00 00 00 00 00 00 00  ................
b8dd2ad0  00 00 00 00 40 bb 00 00-44 27 dd b8 00 00 00 00  ....@...D'......
b8dd2ae0  f0 2c dd b8 c8 2e 4e 80-60 9d 4f 80 ff ff ff ff  .,....N.`.O.....
b8dd2af0  60 2b dd b8 f3 e3 4d 80-0c 2b dd b8 00 00 00 00  `+....M..+......
b8dd2b00  60 2b dd b8 00 00 00 00-01 00 00 00 03 00 00 80  `+..............
b8dd2b10  00 00 00 00 00 00 00 00-a6 99 45 f7 03 00 00 00  ..........E.....
b8dd2b20  00 00 00 00 96 45 00 00-08 10 03 e1 00 00 00 00  .....E..........
b8dd2b30  00 00 00 00 00 00 00 00-00 00 00 00 00 00 00 00  ................
b8dd2b40  00 00 00 00 00 00 00 00-00 00 00 00 00 00 00 00  ................
b8dd2b50  00 00 00 00 00 00 00 00-00 00 00 00 4c eb 4d 80  ............L.M.
b8dd2b60  e0 2b dd b8 a7 99 45 f7-00 0d db ba 08 10 03 e1  .+....E.........
b8dd2b70  00 00 00 00 00 00 00 00-00 00 00 00 00 00 00 00  ................
b8dd2b80  00 00 00 00 00 00 00 00-00 00 00 00 00 00 00 00  ................
b8dd2b90  00 00 00 00 23 00 00 00-23 00 00 00 08 10 03 e1  ....#...#.......
b8dd2ba0  96 45 00 00 01 00 00 00-00 00 00 00 f0 2c dd b8  .E...........,..
b8dd2bb0  30 00 00 00 00 00 00 00-00 2c dd b8 00 00 00 00  0........,......
b8dd2bc0  e0 2b dd b8 00 00 00 00-a7 99 45 f7 08 00 00 00  .+........E.....
b8dd2bd0  46 02 00 00 10 2c dd b8-f8 15 0b 8a 4c 2c dd b8  F....,......L,..
b8dd2be0  14 2c dd b8 f9 7c 45 f7-00 2c dd b8 f8 15 0b 8a  .,...|E..,......
b8dd2bf0  00 01 00 00 48 be f9 89-d8 bd f9 89 00 00 00 00  ....H...........
b8dd2c00  10 00 00 00 01 00 00 00-00 00 00 00 00 00 00 00  ................
b8dd2c10  bb 00 00 c0 40 2c dd b8-7a 7e 45 f7 00 00 00 00  ....@,..z~E.....
b8dd2c20  00 01 00 00 f8 15 0b 8a-4c 2c dd b8 08 00 39 00  ........L,....9.
b8dd2c30  b8 b9 fb 89 30 95 1f 8a-d8 bd f9 89 08 00 39 00  ....0.........9.
b8dd2c40  64 2c dd b8 c9 13 4e 80-18 94 1f 8a 00 01 00 00  d,....N.........
b8dd2c50  10 14 70 80 e2 06 57 80-48 be f9 89 b8 b9 fb 89  ..p...W.H.......
b8dd2c60  d8 bd f9 89 00 2d dd b8-d8 03 58 80 18 94 1f 8a  .....-....X.....
b8dd2c70  d8 bd f9 89 b8 b9 fb 89-00 f4 23 00 01 00 00 00  ..........#.....
b8dd2c80  01 00 00 00 02 00 00 00-64 2d dd b8 bc f3 23 00  ........d-....#.
b8dd2c90  a6 89 58 80 00 00 00 00-01 00 10 00 c8 2e 4e 80  ..X...........N.
b8dd2ca0  f8 2d 4f 80 ff ff ff ff-c6 c2 57 80 18 ac fb 89  .-O.......W.....
b8dd2cb0  44 f4 23 00 01 00 10 00-1c f4 23 00 34 f4 23 00  D.#.......#.4.#.
b8dd2cc0  d8 bd f9 89 48 be f9 89-04 00 00 00 18 94 1f 8a  ....H...........
b8dd2cd0  01 00 00 00 00 00 00 00-01 00 00 00 b8 b9 fb 89  ................
b8dd2ce0  00 00 00 00 00 00 00 00-88 2c dd b8 00 00 00 00  .........,......
b8dd2cf0  ff ff ff ff c8 2e 4e 80-c0 3a 4f 80 ff ff ff ff  ......N..:O.....
b8dd2d00  34 2d dd b8 d0 89 58 80-c4 07 00 00 00 00 00 00  4-....X.........
b8dd2d10  00 00 00 00 00 00 00 00-c8 f3 23 00 08 00 39 00  ..........#...9.
b8dd2d20  18 63 e4 77 00 01 00 00-84 f4 23 00 00 01 00 00  .c.w......#.....
b8dd2d30  01 00 00 00 64 2d dd b8-8f d9 4d 80 c4 07 00 00  ....d-....M.....
b8dd2d40  00 00 00 00 00 00 00 00-00 00 00 00 c8 f3 23 00  ..............#.
b8dd2d50  08 00 39 00 18 63 e4 77-00 01 00 00 84 f4 23 00  ..9..c.w......#.
b8dd2d60  00 01 00 00 ec f3 23 00-f4 e4 90 7c 00 0d db ba  ......#....|....
b8dd2d70  94 f3 23 00 4a e5 cf b9-00 00 00 00 00 00 00 00  ..#.J...........
b8dd2d80  00 00 00 00 00 00 00 00-00 00 00 00 00 00 00 00  ................
b8dd2d90  00 00 00 00 00 00 00 00-23 00 00 00 23 00 00 00  ........#...#...
b8dd2da0  00 00 00 00 00 00 00 00-24 f3 23 00 01 00 00 00  ........$.#.....
b8dd2db0  ff ff ff ff 3b 00 00 00-00 00 00 00 00 00 00 00  ....;...........
b8dd2dc0  00 00 00 00 ec f3 23 00-00 00 00 00 f4 e4 90 7c  ......#........|
b8dd2dd0  1b 00 00 00 02 02 00 00-8c f3 23 00 23 00 00 00  ..........#.#...
b8dd2de0  c9 c6 4e 80 3d 89 d0 b9-c0 7f d0 b9 00 00 00 00  ..N.=...........
b8dd2df0  7f 03 00 00 00 00 00 00-00 00 00 00 00 00 00 00  ................
b8dd2e00  00 00 00 00 00 00 00 00-80 1f 00 00 ff ff 00 00  ................
b8dd2e10  73 00 73 00 2e 00 65 00-78 00 00 00 00 00 00 00  s.s...e.x.......
b8dd2e20  08 02 91 7c ec d7 90 7c-01 b4 00 00 00 00 00 00  ...|...|........
b8dd2e30  17 00 00 00 4c f5 13 00-24 00 00 00 00 00 00 00  ....L...$.......
b8dd2e40  01 00 00 00 a0 a1 15 00-51 b4 00 00 00 00 00 00  ........Q.......
b8dd2e50  02 00 03 05 05 03 00 00-00 00 00 00 00 00 00 00  ................
b8dd2e60  00 00 00 00 00 00 00 00-00 04 00 00 00 00 00 00  ................
b8dd2e70  d8 f9 13 00 d8 03 15 00-44 f6 00 00 00 00 00 00  ........D.......
b8dd2e80  d8 07 15 00 3d 00 91 7c-04 c0 00 00 00 00 00 00  ....=..|........
b8dd2e90  00 00 00 00 98 00 91 7c-43 00 00 00 9f f8 13 00  .......|C.......
b8dd2ea0  00 00 00 00 98 00 91 7c-43 00 00 00 9f f8 13 00  .......|C.......
b8dd2eb0  40 3e 03 00 05 9e 80 7c-c8 f5 13 00 00 00 00 00  @>.....|........
b8dd2ec0  98 00 91 7c 30 88 15 00-94 f6 13 00 21 00 91 7c  ...|0.......!..|
b8dd2ed0  78 07 15 00 3d 00 91 7c-58 88 15 00 38 88 15 00  x...=..|X...8...
b8dd2ee0  e4 ba 15 00 b5 01 00 00-09 00 00 00 9f f8 13 00  ................
b8dd2ef0  01 00 00 00 50 f6 13 00-01 00 00 00 9f f8 13 00  ....P...........
b8dd2f00  9f f8 13 00 88 f6 13 00-25 10 c4 77 15 04 91 7c  ........%..w...|
b8dd2f10  1e 04 91 7c 80 f9 13 00-24 00 02 00 6c f7 13 00  ...|....$...l...
b8dd2f20  05 00 00 00 68 43 91 7c-00 e0 fd 7f 02 00 00 00  ....hC.|........
b8dd2f30  40 f6 13 00 00 00 00 00-98 00 91 7c c8 ba 15 00  @..........|....
b8dd2f40  0c f7 13 00 21 00 91 7c-d8 07 15 00 3d 00 91 7c  ....!..|....=..|
b8dd2f50  e4 ba 15 00 d0 ba 15 00-00 00 00 00 00 00 15 00  ................
b8dd2f60  00 00 00 00 07 00 00 00-00 00 00 00 bc fa 13 00  ................
b8dd2f70  76 f7 13 00 ff ff 01 00-05 00 00 00 d8 f5 13 00  v...............
b8dd2f80  1e 00 20 00 c0 f6 13 00-00 e9 90 7c 40 00 91 7c  .. ........|@..|
b8dd2f90  ff ff ff ff 3d 00 91 7c-32 14 91 7c 63 14 91 7c  ....=..|2..|c..|
b8dd2fa0  20 b1 97 7c 40 14 91 7c-58 88 15 00 38 00 00 00   ..|@..|X...8...
b8dd2fb0  e4 ba 15 00 00 d0 fd 7f-a8 f6 13 00 78 f7 13 00  ............x...
b8dd2fc0  04 f7 13 00 00 e9 90 7c-48 14 91 7c ff ff ff ff  .......|H..|....
b8dd2fd0  40 14 91 7c 00 00 15 00-d2 13 91 7c e4 ba 15 00  @..|.......|....
b8dd2fe0  d0 ba 15 00 00 00 00 00-d0 87 15 00 68 b1 01 00  ............h...
b8dd2ff0  00 00 00 00 00 00 00 00-00 00 00 00 00 00 00 00  ................
b8dd3000  ?? ?? ?? ?? ?? ?? ?? ??-?? ?? ?? ?? ?? ?? ?? ??  ????????????????
b8dd3010  ?? ?? ?? ?? ?? ?? ?? ??-?? ?? ?? ?? ?? ?? ?? ??  ????????????????
b8dd3020  ?? ?? ?? ?? ?? ?? ?? ??-?? ?? ?? ?? ?? ?? ?? ??  ????????????????
b8dd3030  ?? ?? ?? ?? ?? ?? ?? ??-?? ?? ?? ?? ?? ?? ?? ??  ????????????????
b8dd3040  ?? ?? ?? ?? ?? ?? ?? ??-?? ?? ?? ?? ?? ?? ?? ??  ????????????????
b8dd3050  ?? ?? ?? ?? ?? ?? ?? ??-?? ?? ?? ?? ?? ?? ?? ??  ????????????????
b8dd3060  ?? ?? ?? ?? ?? ?? ?? ??-?? ?? ?? ?? ?? ?? ?? ??  ????????????????
b8dd3070  ?? ?? ?? ?? ?? ?? ?? ??-?? ?? ?? ?? ?? ?? ?? ??  ????????????????
b8dd3080  ?? ?? ?? ?? ?? ?? ?? ??-?? ?? ?? ?? ?? ?? ?? ??  ????????????????
b8dd3090  ?? ?? ?? ?? ?? ?? ?? ??-?? ?? ?? ?? ?? ?? ?? ??  ????????????????
b8dd30a0  ?? ?? ?? ?? ?? ?? ?? ??-?? ?? ?? ?? ?? ?? ?? ??  ????????????????
b8dd30b0  ?? ?? ?? ?? ?? ?? ?? ??-?? ?? ?? ?? ?? ?? ?? ??  ????????????????
b8dd30c0  ?? ?? ?? ?? ?? ?? ?? ??-?? ?? ?? ?? ?? ?? ?? ??  ????????????????
b8dd30d0  ?? ?? ?? ?? ?? ?? ?? ??-?? ?? ?? ?? ?? ?? ?? ??  ????????????????
b8dd30e0  ?? ?? ?? ?? ?? ?? ?? ??-?? ?? ?? ?? ?? ?? ?? ??  ????????????????
b8dd30f0  ?? ?? ?? ?? ?? ?? ?? ??-?? ?? ?? ?? ?? ?? ?? ??  ????????????????
b8dd3100  ?? ?? ?? ?? ?? ?? ?? ??-?? ?? ?? ?? ?? ?? ?? ??  ????????????????
b8dd3110  ?? ?? ?? ?? ?? ?? ?? ??-?? ?? ?? ?? ?? ?? ?? ??  ????????????????
b8dd3120  ?? ?? ?? ?? ?? ?? ?? ??-?? ?? ?? ?? ?? ?? ?? ??  ????????????????
b8dd3130  ?? ?? ?? ?? ?? ?? ?? ??-?? ?? ?? ?? ?? ?? ?? ??  ????????????????
b8dd3140  ?? ?? ?? ?? ?? ?? ?? ??-?? ?? ?? ?? ?? ?? ?? ??  ????????????????
b8dd3150  ?? ?? ?? ?? ?? ?? ?? ??-?? ?? ?? ?? ?? ?? ?? ??  ????????????????
b8dd3160  ?? ?? ?? ?? ?? ?? ?? ??-?? ?? ?? ?? ?? ?? ?? ??  ????????????????
b8dd3170  ?? ?? ?? ?? ?? ?? ?? ??-?? ?? ?? ?? ?? ?? ?? ??  ????????????????
b8dd3180  ?? ?? ?? ?? ?? ?? ?? ??-?? ?? ?? ?? ?? ?? ?? ??  ????????????????
b8dd3190  ?? ?? ?? ?? ?? ?? ?? ??-?? ?? ?? ?? ?? ?? ?? ??  ????????????????
b8dd31a0  ?? ?? ?? ?? ?? ?? ?? ??-?? ?? ?? ?? ?? ?? ?? ??  ????????????????
b8dd31b0  ?? ?? ?? ?? ?? ?? ?? ??-?? ?? ?? ?? ?? ?? ?? ??  ????????????????
b8dd31c0  ?? ?? ?? ?? ?? ?? ?? ??-?? ?? ?? ?? ?? ?? ?? ??  ????????????????
b8dd31d0  ?? ?? ?? ?? ?? ?? ?? ??-?? ?? ?? ?? ?? ?? ?? ??  ????????????????
[V18_1_MANUAL_KSEC_ESP_REGION_M100]
b8dd2ad4  40 bb 00 00 44 27 dd b8-00 00 00 00 f0 2c dd b8  @...D'.......,..
b8dd2ae4  c8 2e 4e 80 60 9d 4f 80-ff ff ff ff 60 2b dd b8  ..N.`.O.....`+..
b8dd2af4  f3 e3 4d 80 0c 2b dd b8-00 00 00 00 60 2b dd b8  ..M..+......`+..
b8dd2b04  00 00 00 00 01 00 00 00-03 00 00 80 00 00 00 00  ................
b8dd2b14  00 00 00 00 a6 99 45 f7-03 00 00 00 00 00 00 00  ......E.........
b8dd2b24  96 45 00 00 08 10 03 e1-00 00 00 00 00 00 00 00  .E..............
b8dd2b34  00 00 00 00 00 00 00 00-00 00 00 00 00 00 00 00  ................
b8dd2b44  00 00 00 00 00 00 00 00-00 00 00 00 00 00 00 00  ................
b8dd2b54  00 00 00 00 00 00 00 00-4c eb 4d 80 e0 2b dd b8  ........L.M..+..
b8dd2b64  a7 99 45 f7 00 0d db ba-08 10 03 e1 00 00 00 00  ..E.............
b8dd2b74  00 00 00 00 00 00 00 00-00 00 00 00 00 00 00 00  ................
b8dd2b84  00 00 00 00 00 00 00 00-00 00 00 00 00 00 00 00  ................
b8dd2b94  23 00 00 00 23 00 00 00-08 10 03 e1 96 45 00 00  #...#........E..
b8dd2ba4  01 00 00 00 00 00 00 00-f0 2c dd b8 30 00 00 00  .........,..0...
b8dd2bb4  00 00 00 00 00 2c dd b8-00 00 00 00 e0 2b dd b8  .....,.......+..
b8dd2bc4  00 00 00 00 a7 99 45 f7-08 00 00 00 46 02 00 00  ......E.....F...
b8dd2bd4  10 2c dd b8 f8 15 0b 8a-4c 2c dd b8 14 2c dd b8  .,......L,...,..
b8dd2be4  f9 7c 45 f7 00 2c dd b8-f8 15 0b 8a 00 01 00 00  .|E..,..........
b8dd2bf4  48 be f9 89 d8 bd f9 89-00 00 00 00 10 00 00 00  H...............
b8dd2c04  01 00 00 00 00 00 00 00-00 00 00 00 bb 00 00 c0  ................
b8dd2c14  40 2c dd b8 7a 7e 45 f7-00 00 00 00 00 01 00 00  @,..z~E.........
b8dd2c24  f8 15 0b 8a 4c 2c dd b8-08 00 39 00 b8 b9 fb 89  ....L,....9.....
b8dd2c34  30 95 1f 8a d8 bd f9 89-08 00 39 00 64 2c dd b8  0.........9.d,..
b8dd2c44  c9 13 4e 80 18 94 1f 8a-00 01 00 00 10 14 70 80  ..N...........p.
b8dd2c54  e2 06 57 80 48 be f9 89-b8 b9 fb 89 d8 bd f9 89  ..W.H...........
b8dd2c64  00 2d dd b8 d8 03 58 80-18 94 1f 8a d8 bd f9 89  .-....X.........
b8dd2c74  b8 b9 fb 89 00 f4 23 00-01 00 00 00 01 00 00 00  ......#.........
b8dd2c84  02 00 00 00 64 2d dd b8-bc f3 23 00 a6 89 58 80  ....d-....#...X.
b8dd2c94  00 00 00 00 01 00 10 00-c8 2e 4e 80 f8 2d 4f 80  ..........N..-O.
b8dd2ca4  ff ff ff ff c6 c2 57 80-18 ac fb 89 44 f4 23 00  ......W.....D.#.
b8dd2cb4  01 00 10 00 1c f4 23 00-34 f4 23 00 d8 bd f9 89  ......#.4.#.....
b8dd2cc4  48 be f9 89 04 00 00 00-18 94 1f 8a 01 00 00 00  H...............
b8dd2cd4  00 00 00 00 01 00 00 00-b8 b9 fb 89 00 00 00 00  ................
b8dd2ce4  00 00 00 00 88 2c dd b8-00 00 00 00 ff ff ff ff  .....,..........
b8dd2cf4  c8 2e 4e 80 c0 3a 4f 80-ff ff ff ff 34 2d dd b8  ..N..:O.....4-..
b8dd2d04  d0 89 58 80 c4 07 00 00-00 00 00 00 00 00 00 00  ..X.............
b8dd2d14  00 00 00 00 c8 f3 23 00-08 00 39 00 18 63 e4 77  ......#...9..c.w
b8dd2d24  00 01 00 00 84 f4 23 00-00 01 00 00 01 00 00 00  ......#.........
b8dd2d34  64 2d dd b8 8f d9 4d 80-c4 07 00 00 00 00 00 00  d-....M.........
b8dd2d44  00 00 00 00 00 00 00 00-c8 f3 23 00 08 00 39 00  ..........#...9.
b8dd2d54  18 63 e4 77 00 01 00 00-84 f4 23 00 00 01 00 00  .c.w......#.....
b8dd2d64  ec f3 23 00 f4 e4 90 7c-00 0d db ba 94 f3 23 00  ..#....|......#.
b8dd2d74  4a e5 cf b9 00 00 00 00-00 00 00 00 00 00 00 00  J...............
b8dd2d84  00 00 00 00 00 00 00 00-00 00 00 00 00 00 00 00  ................
b8dd2d94  00 00 00 00 23 00 00 00-23 00 00 00 00 00 00 00  ....#...#.......
b8dd2da4  00 00 00 00 24 f3 23 00-01 00 00 00 ff ff ff ff  ....$.#.........
b8dd2db4  3b 00 00 00 00 00 00 00-00 00 00 00 00 00 00 00  ;...............
b8dd2dc4  ec f3 23 00 00 00 00 00-f4 e4 90 7c 1b 00 00 00  ..#........|....
b8dd2dd4  02 02 00 00 8c f3 23 00-23 00 00 00 c9 c6 4e 80  ......#.#.....N.
b8dd2de4  3d 89 d0 b9 c0 7f d0 b9-00 00 00 00 7f 03 00 00  =...............
b8dd2df4  00 00 00 00 00 00 00 00-00 00 00 00 00 00 00 00  ................
b8dd2e04  00 00 00 00 80 1f 00 00-ff ff 00 00 73 00 73 00  ............s.s.
b8dd2e14  2e 00 65 00 78 00 00 00-00 00 00 00 08 02 91 7c  ..e.x..........|
b8dd2e24  ec d7 90 7c 01 b4 00 00-00 00 00 00 17 00 00 00  ...|............
b8dd2e34  4c f5 13 00 24 00 00 00-00 00 00 00 01 00 00 00  L...$...........
b8dd2e44  a0 a1 15 00 51 b4 00 00-00 00 00 00 02 00 03 05  ....Q...........
b8dd2e54  05 03 00 00 00 00 00 00-00 00 00 00 00 00 00 00  ................
b8dd2e64  00 00 00 00 00 04 00 00-00 00 00 00 d8 f9 13 00  ................
b8dd2e74  d8 03 15 00 44 f6 00 00-00 00 00 00 d8 07 15 00  ....D...........
b8dd2e84  3d 00 91 7c 04 c0 00 00-00 00 00 00 00 00 00 00  =..|............
b8dd2e94  98 00 91 7c 43 00 00 00-9f f8 13 00 00 00 00 00  ...|C...........
b8dd2ea4  98 00 91 7c 43 00 00 00-9f f8 13 00 40 3e 03 00  ...|C.......@>..
b8dd2eb4  05 9e 80 7c c8 f5 13 00-00 00 00 00 98 00 91 7c  ...|...........|
b8dd2ec4  30 88 15 00 94 f6 13 00-21 00 91 7c 78 07 15 00  0.......!..|x...
[V18_1_MANUAL_KSEC_STACK]
b8dd2b94  00000023 00000023 e1031008 00004596
b8dd2ba4  00000001 00000000 b8dd2cf0 00000030
b8dd2bb4  00000000 b8dd2c00 00000000 b8dd2be0
b8dd2bc4  00000000 f74599a7 00000008 00000246
b8dd2bd4  b8dd2c10 8a0b15f8 b8dd2c4c b8dd2c14
b8dd2be4  f7457cf9 b8dd2c00 8a0b15f8 00000100
b8dd2bf4  89f9be48 89f9bdd8 00000000 00000010
b8dd2c04  00000001 00000000 00000000 c00000bb
b8dd2c14  b8dd2c40 f7457e7a 00000000 00000100
b8dd2c24  8a0b15f8 b8dd2c4c 00390008 89fbb9b8
b8dd2c34  8a1f9530 89f9bdd8 00390008 b8dd2c64
b8dd2c44  804e13c9 8a1f9418 00000100 80701410
b8dd2c54  805706e2 89f9be48 89fbb9b8 89f9bdd8
b8dd2c64  b8dd2d00 805803d8 8a1f9418 89f9bdd8
b8dd2c74  89fbb9b8 0023f400 00000001 00000001
b8dd2c84  00000002 b8dd2d64 0023f3bc 805889a6
b8dd2c94  00000000 00100001 804e2ec8 804f2df8
b8dd2ca4  ffffffff 8057c2c6 89fbac18 0023f444
b8dd2cb4  00100001 0023f41c 0023f434 89f9bdd8
b8dd2cc4  89f9be48 00000004 8a1f9418 00000001
b8dd2cd4  00000000 00000001 89fbb9b8 00000000
b8dd2ce4  00000000 b8dd2c88 00000000 ffffffff
b8dd2cf4  804e2ec8 804f3ac0 ffffffff b8dd2d34
b8dd2d04  805889d0 000007c4 00000000 00000000
b8dd2d14  00000000 0023f3c8 00390008 77e46318
b8dd2d24  00000100 0023f484 00000100 00000001
b8dd2d34  b8dd2d64 804dd98f 000007c4 00000000
b8dd2d44  00000000 00000000 0023f3c8 00390008
b8dd2d54  77e46318 00000100 0023f484 00000100
b8dd2d64  0023f3ec 7c90e4f4 badb0d00 0023f394
b8dd2d74  b9cfe54a 00000000 00000000 00000000
b8dd2d84  00000000 00000000 00000000 00000000
[V18_1_MANUAL_KSEC_CALLSTACK]
 # ChildEBP RetAddr      Args to Child              
00 b8dd2be0 f7457cf9     b8dd2c00 8a0b15f8 00000100 KSecDD!NewGenRandomEx+0x55
01 b8dd2c14 f7457e7a     00000000 00000100 8a0b15f8 KSecDD!KsecDeviceControl+0x145
02 b8dd2c40 804e13c9     8a1f9418 00000100 80701410 KSecDD!KsecDispatch+0xa6
03 b8dd2c50 805706e2     89f9be48 89fbb9b8 89f9bdd8 nt!IopfCallDriver+0x31
04 b8dd2c64 805803d8     8a1f9418 89f9bdd8 89fbb9b8 nt!IopSynchronousServiceTail+0x70
05 b8dd2d00 805889d0     000007c4 00000000 00000000 nt!IopXxxControlFile+0x5ef
06 b8dd2d34 804dd98f     000007c4 00000000 00000000 nt!NtDeviceIoControlFile+0x2a
    <Intermediate frames may have been skipped due to lack of complete unwind>
07 b8dd2d34 7c90e4f4 (T) 000007c4 00000000 00000000 nt!KiFastCallEntry+0xfc
    <Intermediate frames may have been skipped due to lack of complete unwind>
08 0023f388 7c90d26c (T) 7c801675 000007c4 00000000 ntdll!KiFastSystemCallRet
09 0023f38c 7c801675     000007c4 00000000 00000000 ntdll!ZwDeviceIoControlFile+0xc
WARNING: Frame IP not in any known module. Following frames may be wrong.
0a 0023f3ec 77dd9549     000007c4 00390008 77e46318 0x7c801675
0b 0023f448 77dd8443     77e46318 00000100 0023f484 0x77dd9549
0c 0023f588 77dd8378     0023f658 0023f59c 0023f5dc 0x77dd8443
0d 0023f5a0 77dd833b     00000000 0023f658 00000014 0x77dd8378
0e 0023f5c0 77dd82e3     0023f5dc 0023f658 00000014 0x77dd833b
0f 0023f5ec 77dd82a6     00000000 00000000 0023f658 0x77dd82e3
10 0023f604 6800d69e     0023f658 00000014 68031998 0x77dd82a6
11 0023f670 680120d4     00000000 00000000 00000000 0x6800d69e
12 0023f6c8 68014eda     68000000 00000001 00000000 0x680120d4
13 0023f6e8 7c90118a     68000000 00000001 00000000 0x68014eda
14 0023f708 7c91c4da     68014e88 68000000 00000001 ntdll!LdrpCallInitRoutine+0x14
15 0023f810 7c916351     00000000 c0150008 00000000 ntdll!LdrpRunInitializeRoutines+0x344
16 0023fabc 7c9164b3     00000000 00254bf0 0023fdb0 ntdll!LdrpLoadDll+0x3e5
17 0023fd64 7c801bbd     00254bf0 0023fdb0 0023fd90 ntdll!LdrLoadDll+0x230
18 0023fdcc 7c801d72     7ffdfc00 00000000 00000000 0x7c801bbd
19 0023fde0 7c801da8     00254bb8 00000000 00000000 0x7c801d72
1a 0023fdfc 77de8810     00254bb8 729029bc 01dcde82 0x7c801da8
1b 0023feb8 00401c84     0023ff2c 00000000 00000000 0x77de8810
1c 0023fed8 004024e4     0023ff2c 000324a8 0023ff30 0x401c84
1d 0023ff78 0040124b     00000003 000324a8 00032a20 0x4024e4
1e 0023ffb0 00401298     00000001 00000009 0023fff0 0x40124b
1f 0023ffc0 7c817067     729029bc 01dcde82 7ffd9000 0x401298
20 0023fff0 00000000     00401280 00000000 78746341 0x7c817067
[V18_1_MANUAL_KSEC_LATE_DUMP_DONE]
2: kd> $$>a<C:\Temp\seed2state_v18_1\03_setup_advapi_after_ksec.txt
$$>a<C:\Temp\seed2state_v18_1\03_setup_advapi_after_ksec.txt
[SEED2STATE_V18_1_ADVAPI_SETUP_AFTER_KSEC_BEGIN]
[SEED2STATE_V18_1_ADVAPI_SETUP_AFTER_KSEC_END]
2: kd> bl
bl
     0 e Disable Clear  77dd9549     0001 (0001)  "$$>a<C:\\Temp\\seed2state_v18_1\\bodies\\10_advapi_ioctl_after_c2_precise.txt"
     1 e Disable Clear  77dd8292     0001 (0001)  "$$>a<C:\\Temp\\seed2state_v18_1\\bodies\\20_systemfunction036_entry.txt"
     2 e Disable Clear  77dd82a6     0001 (0001)  "$$>a<C:\\Temp\\seed2state_v18_1\\bodies\\21_systemfunction036_return.txt"
     3 e Disable Clear  77dd8633     0001 (0001)  "$$>a<C:\\Temp\\seed2state_v18_1\\bodies\\33_rc4_prga_entry.txt"

2: kd> g
g
[V18_1_ADVAPI_IOCTL_AFTER_C2]
eax=00000001 ebx=00000100 ecx=7c801698 edx=7c90e4f4 esi=00000000 edi=00000000
eip=77dd9549 esp=0023f414 ebp=0023f448 iopl=0         nv up ei pl nz na po nc
cs=001b  ss=0023  ds=0023  es=0023  fs=003b  gs=0000             efl=00000202
001b:77dd9549 5f              pop     edi
[V18_1_EXEC_ID]
proc=<REDACTED> thread=<REDACTED> peb=<REDACTED> teb=<REDACTED> eip=77dd9549 esp=0023f414 ebp=0023f448
ioctl_outbuf=0023f484 ioctl_outlen=00000100 bytesret_ptr=0023f47c ioctl_inbuf=77e46318 ioctl_inlen=00000100 esp=0023f414 ebp=0023f448 eax=00000001
[V18_1_IOCTL_OUTBUF_100]
0023f484  c4 aa 4a da b1 fb d3 32-38 69 19 a8 da ad db cd  ..J....28i......
0023f494  7b 63 83 b7 2f 42 23 f4-ee ef 22 a0 81 d8 15 db  {c../B#...".....
0023f4a4  9f a4 20 75 ce fa 64 17-06 c6 2c 13 c6 9e 19 68  .. u..d...,....h
0023f4b4  e1 bb ad 3b fd f8 0d 9d-a3 5a 5a 0f 25 13 f5 89  ...;.....ZZ.%...
0023f4c4  5a 48 dd c9 74 86 c0 ac-2c 7c cc 0e 4e 9a 9b 5c  ZH..t...,|..N..\
0023f4d4  6b e0 f5 d8 b2 54 da b7-98 bc 83 20 71 f3 31 a4  k....T..... q.1.
0023f4e4  7f f0 b1 54 3f 32 ee 52-71 49 8d 44 a4 11 39 04  ...T?2.RqI.D..9.
0023f4f4  2a 21 66 b1 a8 b7 5c fc-7c 0f cb 2e 1a 1e 83 48  *!f...\.|......H
0023f504  03 85 fc 23 41 bb 5b 69-8e 50 76 fd aa 7e 93 ed  ...#A.[i.Pv..~..
0023f514  65 bf 11 30 1c de 78 7a-4b 0a e8 79 f3 ba 96 cd  e..0..xzK..y....
0023f524  a2 f7 6f 95 e8 24 71 37-27 a5 e3 f9 d8 83 e4 af  ..o..$q7'.......
0023f534  2e 4e f8 4e e1 5e 10 7a-e6 24 0f 74 b2 45 26 3a  .N.N.^.z.$.t.E&:
0023f544  2f b7 42 b0 b9 38 24 77-70 84 d7 f1 9e f3 2c 7e  /.B..8$wp.....,~
0023f554  7b 19 2c 84 93 79 50 14-4a b3 77 f0 56 10 1a d5  {.,..yP.J.w.V...
0023f564  c3 fe cf 3d 81 97 34 5e-dd 12 49 00 3f 73 a4 06  ...=..4^..I.?s..
0023f574  e4 a9 91 92 63 04 7c f1-63 33 31 92 e7 0b 14 12  ....c.|.c31.....
[V18_1_IOCTL_INBUF_100]
77e46318  59 ca 1e 7a f9 c2 7a 9a-31 43 d4 ef 10 71 d2 f8  Y..z..z.1C...q..
77e46328  00 00 00 00 00 00 00 00-00 00 00 00 00 00 00 00  ................
77e46338  00 00 00 00 00 00 00 00-00 00 00 00 00 00 00 00  ................
77e46348  00 00 00 00 00 00 00 00-00 00 00 00 00 00 00 00  ................
77e46358  00 00 00 00 00 00 00 00-00 00 00 00 00 00 00 00  ................
77e46368  00 00 00 00 00 00 00 00-00 00 00 00 00 00 00 00  ................
77e46378  00 00 00 00 00 00 00 00-00 00 00 00 00 00 00 00  ................
77e46388  00 00 00 00 00 00 00 00-00 00 00 00 00 00 00 00  ................
77e46398  00 00 00 00 00 00 00 00-00 00 00 00 00 00 00 00  ................
77e463a8  00 00 00 00 00 00 00 00-00 00 00 00 00 00 00 00  ................
77e463b8  00 00 00 00 00 00 00 00-00 00 00 00 00 00 00 00  ................
77e463c8  00 00 00 00 00 00 00 00-00 00 00 00 00 00 00 00  ................
77e463d8  00 00 00 00 00 00 00 00-00 00 00 00 00 00 00 00  ................
77e463e8  00 00 00 00 00 00 00 00-00 00 00 00 00 00 00 00  ................
77e463f8  00 00 00 00 00 00 00 00-00 00 00 00 00 00 00 00  ................
77e46408  00 00 00 00 00 00 00 00-00 00 00 00 00 00 00 00  ................
[V18_1_IOCTL_STACK]
0023f3f4  000007c4 00390008 77e46318 00000100
0023f404  0023f484 00000100 0023f47c 00000000
0023f414  77e462f8 0023f59c 00000018 00000000
0023f424  0023f43c 00000040 00000000 00000000
0023f434  00000000 00000000 001e001c 77dd9790
0023f444  000007c4 0023f588 77dd8443 77e46318
0023f454  00000100 0023f484 0023f47c 00000000
0023f464  00000000 00000000 77e46318 0023f658
0023f474  00000100 00000001 00000100 00000200
0023f484  da4aaac4 32d3fbb1 a8196938 cddbadda
0023f494  b783637b f423422f a022efee db15d881
0023f4a4  7520a49f 1764face 132cc606 68199ec6
0023f4b4  3badbbe1 9d0df8fd 0f5a5aa3 89f51325
0023f4c4  c9dd485a acc08674 0ecc7c2c 5c9b9a4e
0023f4d4  d8f5e06b b7da54b2 2083bc98 a431f371
0023f4e4  54b1f07f 52ee323f 448d4971 043911a4
0023f4f4  b166212a fc5cb7a8 2ecb0f7c 48831e1a
0023f504  23fc8503 695bbb41 fd76508e ed937eaa
0023f514  3011bf65 7a78de1c 79e80a4b cd96baf3
0023f524  956ff7a2 377124e8 f9e3a527 afe483d8
0023f534  4ef84e2e 7a105ee1 740f24e6 3a2645b2
0023f544  b042b72f 772438b9 f1d78470 7e2cf39e
0023f554  842c197b 14507993 f077b34a d51a1056
0023f564  3dcffec3 5e349781 004912dd 06a4733f
0023f574  9291a9e4 f17c0463 92313363 12140be7
0023f584  0000f8f4 0023f5a0 77dd8378 0023f658
0023f594  0023f59c 0023f5dc 00000014 0023f5c0
0023f5a4  77dd833b 00000000 0023f658 00000014
0023f5b4  0023f5ec 00000000 00000000 0023f5ec
0023f5c4  77dd82e3 0023f5dc 0023f658 00000014
0023f5d4  00000014 00000000 00000010 00000000
0023f5e4  00000000 00000000 0023f604 77dd82a6
[V18_1_IOCTL_CALLSTACK]
 # ChildEBP RetAddr      Args to Child              
WARNING: Frame IP not in any known module. Following frames may be wrong.
00 0023f448 77dd8443     77e46318 00000100 0023f484 0x77dd9549
01 0023f588 77dd8378     0023f658 0023f59c 0023f5dc 0x77dd8443
02 0023f5a0 77dd833b     00000000 0023f658 00000014 0x77dd8378
03 0023f5c0 77dd82e3     0023f5dc 0023f658 00000014 0x77dd833b
04 0023f5ec 77dd82a6     00000000 00000000 0023f658 0x77dd82e3
05 0023f604 6800d69e     0023f658 00000014 68031998 0x77dd82a6
06 0023f670 680120d4     00000000 00000000 00000000 0x6800d69e
07 0023f6c8 68014eda     68000000 00000001 00000000 0x680120d4
08 0023f6e8 7c90118a     68000000 00000001 00000000 0x68014eda
09 0023f708 7c91c4da     68014e88 68000000 00000001 ntdll!LdrpCallInitRoutine+0x14
0a 0023f810 7c916351     00000000 c0150008 00000000 ntdll!LdrpRunInitializeRoutines+0x344
0b 0023fabc 7c9164b3     00000000 00254bf0 0023fdb0 ntdll!LdrpLoadDll+0x3e5
0c 0023fd64 7c801bbd     00254bf0 0023fdb0 0023fd90 ntdll!LdrLoadDll+0x230
0d 0023fdcc 7c801d72     7ffdfc00 00000000 00000000 0x7c801bbd
0e 0023fde0 7c801da8     00254bb8 00000000 00000000 0x7c801d72
0f 0023fdfc 77de8810     00254bb8 729029bc 01dcde82 0x7c801da8
10 0023feb8 00401c84     0023ff2c 00000000 00000000 0x77de8810
11 0023fed8 004024e4     0023ff2c 000324a8 0023ff30 0x401c84
12 0023ff78 0040124b     00000003 000324a8 00032a20 0x4024e4
13 0023ffb0 00401298     00000001 00000009 0023fff0 0x40124b
14 0023ffc0 7c817067     729029bc 01dcde82 7ffd9000 0x401298
15 0023fff0 00000000     00401280 00000000 78746341 0x7c817067
[V18_1_RC4_PRGA_ENTRY]
eax=0025ba84 ebx=00000014 ecx=7ffdf000 edx=0025ba6c esi=0025ba68 edi=0025ba6c
eip=77dd8633 esp=0023f42c ebp=0023f448 iopl=0         nv up ei pl zr na pe nc
cs=001b  ss=0023  ds=0023  es=0023  fs=003b  gs=0000             efl=00000246
001b:77dd8633 53              push    ebx
[V18_1_EXEC_ID]
proc=<REDACTED> thread=<REDACTED> peb=<REDACTED> teb=<REDACTED> eip=77dd8633 esp=0023f42c ebp=0023f448
ret=77dd8623 s_ptr=0025ba84 len=00000014 out_ptr=0023f658 arg10=77e462f8 eax=0025ba84 ebx=00000014 ecx=7ffdf000 edx=0025ba6c esi=0025ba68 edi=0025ba6c
[V18_1_PRGA_STATE_BEFORE_SIJ]
0025ba84  12 17 bb 20 1c 42 e9 5d-64 11 2e 1a dc b3 f9 4c  ... .B.]d......L
0025ba94  6b 38 d8 be 7f 91 75 5a-c2 18 d3 85 a8 b0 4a 35  k8....uZ......J5
0025baa4  46 c8 4d 9c 19 8d 1d b9-83 41 21 26 f8 15 34 bd  F.M......A!&..4.
0025bab4  b2 9e 6a f1 73 27 37 e6-e2 a4 4f 82 bc cd 5c 47  ..j.s'7...O...\G
0025bac4  a0 67 48 f5 93 78 7e 71-9b 39 94 0b 25 a7 cc 77  .gH..x~q.9..%..w
0025bad4  74 63 aa c9 db 36 57 32-ad 43 06 92 8a af 3f a3  tc...6W2.C....?.
0025bae4  80 6e 56 fa 9d f2 02 95-09 1f a9 29 3b c4 9a 1b  .nV........);...
0025baf4  10 7b 00 ed 7d 96 ef 99-fb 28 2a fc 5f 44 98 de  .{..}....(*._D..
0025bb04  6f 5b 1e 66 d0 fe 97 e1-e7 07 89 e4 d9 58 d6 84  o[.f.........X..
0025bb14  51 3c 7c 0f f4 72 ff 8e-76 da c0 03 61 ec cf 52  Q<|..r..v...a..R
0025bb24  4b a5 b4 5e 2f 05 6c e3-e0 2d 0c 69 b7 4e 45 81  K..^/.l..-.i.NE.
0025bb34  14 8b 3d 90 55 b5 2b c7-24 13 f0 88 c3 a1 a2 30  ..=.U.+.$......0
0025bb44  ac e5 86 d2 33 d1 01 ea-9f f7 e8 c5 ca 7a 0a d5  ....3........z..
0025bb54  54 87 50 8c df c1 b1 ce-6d 68 0d dd bf f6 ee 04  T.P.....mh......
0025bb64  22 8f 2c 0e 08 16 62 53-79 3e d7 23 c6 fd 40 ae  ".,...bSy>.#..@.
0025bb74  59 eb cb 31 b8 ab ba f3-3a 70 49 d4 b6 65 a6 60  Y..1....:pI..e.`
0025bb84  00 00                                            ..
[V18_1_PRGA_OUTPUT_BEFORE]
0023f658  98 19 03 68 00 00 00 00-00 00 00 68 00 ae 25 00  ...h.......h..%.
0023f668  00 00 00 00 bd 1f 00 00-c8 f6 23 00 d4 20 01 68  ..........#.. .h
0023f678  00 00 00 00 00 00 00 00-00 00 00 00 00 00 00 00  ................
0023f688  9c f6 23 00 28 00 00 00-00 00 00 00 00 00 00 00  ..#.(...........
[V18_1_RC4_PRGA_RETURN]
eax=0025bb84 ebx=00000014 ecx=00000014 edx=000000f9 esi=0025ba68 edi=0025ba6c
eip=77dd8623 esp=0023f43c ebp=0023f448 iopl=0         nv up ei pl zr na pe nc
cs=001b  ss=0023  ds=0023  es=0023  fs=003b  gs=0000             efl=00000246
001b:77dd8623 011e            add     dword ptr [esi],ebx ds:0023:0025ba68=00000000
[V18_1_EXEC_ID]
proc=<REDACTED> thread=<REDACTED> peb=<REDACTED> teb=<REDACTED> eip=77dd8623 esp=0023f43c ebp=0023f448
eax=0025bb84 ebx=00000014 ecx=00000014 edx=000000f9 esi=0025ba68 edi=0025ba6c esp=0023f43c ebp=0023f448 saved_sys_out=0023f658 saved_sys_len=00000014
[V18_1_PRGA_SYSFUNC_OUT_AT_RETURN]
0023f658  e3 03 20 f9 2b 58 8a 4e-26 17 05 18 85 44 b5 4d  .. .+X.N&....D.M
0023f668  a0 03 79 ae bd 1f 00 00-c8 f6 23 00 d4 20 01 68  ..y.......#.. .h
0023f678  00 00 00 00 00 00 00 00-00 00 00 00 00 00 00 00  ................
0023f688  9c f6 23 00 28 00 00 00-00 00 00 00 00 00 00 00  ..#.(...........
[V18_1_PRGA_STATE_AFTER_SIJ]
0025ba84  12 5a 50 cb f9 74 a4 ff-49 1a e9 94 1d 68 ab 67  .ZP..t..I....h.g
0025ba94  b7 08 c3 2a 70 91 75 17-c2 18 d3 85 a8 b0 4a 35  ...*p.u.......J5
0025baa4  46 c8 4d 9c 19 8d dc b9-83 41 21 26 f8 15 34 bd  F.M......A!&..4.
0025bab4  b2 9e 6a f1 73 27 37 e6-e2 2e 4f 82 bc cd 5c 47  ..j.s'7...O...\G
0025bac4  a0 4c 48 f5 93 78 7e 71-9b 39 11 0b 25 a7 cc 77  .LH..x~q.9..%..w
0025bad4  42 63 aa c9 db 36 57 32-ad 43 06 92 8a af 3f a3  Bc...6W2.C....?.
0025bae4  80 6e 56 fa 9d f2 02 95-09 1f a9 29 3b c4 9a 1b  .nV........);...
0025baf4  10 7b 00 ed 7d 96 ef 99-fb 28 be fc 5f 44 98 de  .{..}....(.._D..
0025bb04  6f 5b 1e 66 d0 fe 97 e1-e7 07 89 e4 d9 58 d6 84  o[.f.........X..
0025bb14  51 3c 7c 0f f4 72 5d 8e-76 da c0 03 61 ec cf 52  Q<|..r].v...a..R
0025bb24  4b a5 b4 5e 2f 05 6c e3-e0 2d 0c 69 6b 4e 45 81  K..^/.l..-.ikNE.
0025bb34  14 8b 3d 90 55 b5 2b c7-24 13 f0 88 d8 a1 a2 30  ..=.U.+.$......0
0025bb44  ac e5 86 d2 33 d1 01 ea-9f f7 e8 c5 ca 7a 0a d5  ....3........z..
0025bb54  54 87 bb 8c df c1 b1 ce-6d b3 0d dd bf f6 ee 04  T.......m.......
0025bb64  22 8f 2c 0e 38 16 62 53-79 3e d7 23 c6 fd 40 ae  ".,.8.bSy>.#..@.
0025bb74  59 eb 20 31 b8 1c ba f3-3a 7f 64 d4 b6 65 a6 60  Y. 1....:.d..e.`
0025bb84  14 f9                                            ..
[V18_1_PRGA_OUTPUT_AFTER]
0023f658  e3 03 20 f9 2b 58 8a 4e-26 17 05 18 85 44 b5 4d  .. .+X.N&....D.M
0023f668  a0 03 79 ae bd 1f 00 00-c8 f6 23 00 d4 20 01 68  ..y.......#.. .h
0023f678  00 00 00 00 00 00 00 00-00 00 00 00 00 00 00 00  ................
0023f688  9c f6 23 00 28 00 00 00-00 00 00 00 00 00 00 00  ..#.(...........
[V18_1_PRGA_RETURN_CALLSTACK]
 # ChildEBP RetAddr      Args to Child              
WARNING: Frame IP not in any known module. Following frames may be wrong.
00 0023f448 77dd85d9     0025b920 00000001 00000014 0x77dd8623
01 0023f588 77dd8378     0023f658 0023f59c 0023f5dc 0x77dd85d9
02 0023f5a0 77dd833b     00000000 0023f658 00000014 0x77dd8378
03 0023f5c0 77dd82e3     0023f5dc 0023f658 00000014 0x77dd833b
04 0023f5ec 77dd82a6     00000000 00000000 0023f658 0x77dd82e3
05 0023f604 6800d69e     0023f658 00000014 68031998 0x77dd82a6
06 0023f670 680120d4     00000000 00000000 00000000 0x6800d69e
07 0023f6c8 68014eda     68000000 00000001 00000000 0x680120d4
08 0023f6e8 7c90118a     68000000 00000001 00000000 0x68014eda
09 0023f708 7c91c4da     68014e88 68000000 00000001 ntdll!LdrpCallInitRoutine+0x14
0a 0023f810 7c916351     00000000 c0150008 00000000 ntdll!LdrpRunInitializeRoutines+0x344
0b 0023fabc 7c9164b3     00000000 00254bf0 0023fdb0 ntdll!LdrpLoadDll+0x3e5
0c 0023fd64 7c801bbd     00254bf0 0023fdb0 0023fd90 ntdll!LdrLoadDll+0x230
0d 0023fdcc 7c801d72     7ffdfc00 00000000 00000000 0x7c801bbd
0e 0023fde0 7c801da8     00254bb8 00000000 00000000 0x7c801d72
0f 0023fdfc 77de8810     00254bb8 729029bc 01dcde82 0x7c801da8
10 0023feb8 00401c84     0023ff2c 00000000 00000000 0x77de8810
11 0023fed8 004024e4     0023ff2c 000324a8 0023ff30 0x401c84
12 0023ff78 0040124b     00000003 000324a8 00032a20 0x4024e4
13 0023ffb0 00401298     00000001 00000009 0023fff0 0x40124b
14 0023ffc0 7c817067     729029bc 01dcde82 7ffd9000 0x401298
15 0023fff0 00000000     00401280 00000000 78746341 0x7c817067
[V18_1_SYSTEMFUNCTION036_RETURN]
eax=00000001 ebx=00000000 ecx=0000f8f4 edx=0025ba6c esi=00000000 edi=00000014
eip=77dd82a6 esp=0023f604 ebp=0023f604 iopl=0         nv up ei pl zr na pe nc
cs=001b  ss=0023  ds=0023  es=0023  fs=003b  gs=0000             efl=00000246
001b:77dd82a6 5d              pop     ebp
[V18_1_EXEC_ID]
proc=<REDACTED> thread=<REDACTED> peb=<REDACTED> teb=<REDACTED> eip=77dd82a6 esp=0023f604 ebp=0023f604
eax=00000001 saved_out_t8=0023f658 saved_len_t9=00000014 esp=0023f604 ebp=0023f604
[V18_1_SYSFUNC_OUT_AFTER]
0023f658  e3 03 20 f9 2b 58 8a 4e-26 17 05 18 85 44 b5 4d  .. .+X.N&....D.M
0023f668  a0 03 79 ae bd 1f 00 00-c8 f6 23 00 d4 20 01 68  ..y.......#.. .h
0023f678  00 00 00 00 00 00 00 00-00 00 00 00 00 00 00 00  ................
0023f688  9c f6 23 00 28 00 00 00-00 00 00 00 00 00 00 00  ..#.(...........
[V18_1_SYSFUNC_RETURN_CALLSTACK]
 # ChildEBP RetAddr      Args to Child              
WARNING: Frame IP not in any known module. Following frames may be wrong.
00 0023f604 6800d69e     0023f658 00000014 68031998 0x77dd82a6
01 0023f670 680120d4     00000000 00000000 00000000 0x6800d69e
02 0023f6c8 68014eda     68000000 00000001 00000000 0x680120d4
03 0023f6e8 7c90118a     68000000 00000001 00000000 0x68014eda
04 0023f708 7c91c4da     68014e88 68000000 00000001 ntdll!LdrpCallInitRoutine+0x14
05 0023f810 7c916351     00000000 c0150008 00000000 ntdll!LdrpRunInitializeRoutines+0x344
06 0023fabc 7c9164b3     00000000 00254bf0 0023fdb0 ntdll!LdrpLoadDll+0x3e5
07 0023fd64 7c801bbd     00254bf0 0023fdb0 0023fd90 ntdll!LdrLoadDll+0x230
08 0023fdcc 7c801d72     7ffdfc00 00000000 00000000 0x7c801bbd
09 0023fde0 7c801da8     00254bb8 00000000 00000000 0x7c801d72
0a 0023fdfc 77de8810     00254bb8 729029bc 01dcde82 0x7c801da8
0b 0023feb8 00401c84     0023ff2c 00000000 00000000 0x77de8810
0c 0023fed8 004024e4     0023ff2c 000324a8 0023ff30 0x401c84
0d 0023ff78 0040124b     00000003 000324a8 00032a20 0x4024e4
0e 0023ffb0 00401298     00000001 00000009 0023fff0 0x40124b
0f 0023ffc0 7c817067     729029bc 01dcde82 7ffd9000 0x401298
10 0023fff0 00000000     00401280 00000000 78746341 0x7c817067
[V18_1_SYSTEMFUNCTION036_ENTRY]
eax=0023fd3c ebx=00000000 ecx=7c9101bb edx=00000014 esi=00000000 edi=0000000a
eip=77dd8292 esp=0023fcec ebp=0023fd54 iopl=0         nv up ei ng nz na pe cy
cs=001b  ss=0023  ds=0023  es=0023  fs=003b  gs=0000             efl=00000287
001b:77dd8292 8bff            mov     edi,edi
[V18_1_EXEC_ID]
proc=<REDACTED> thread=<REDACTED> peb=<REDACTED> teb=<REDACTED> eip=77dd8292 esp=0023fcec ebp=0023fd54
ret=6800d69e out_ptr=0023fd3c len=00000014 saved_out_t8=0023fd3c saved_len_t9=00000014
[V18_1_SYSFUNC_OUT_BEFORE]
0023fd3c  10 00 00 00 00 00 00 00-70 4b 25 00 40 fb 23 00  ........pK%.@.#.
0023fd4c  08 00 00 00 bd 1f 00 00-78 fd 23 00 66 d7 00 68  ........x.#.f..h
0023fd5c  a8 c2 25 00 88 c2 25 00-00 00 00 00 00 00 00 00  ..%...%.........
0023fd6c  bc fd 23 00 0a 00 00 00-00 00 00 00 cc fd 23 00  ..#...........#.
[V18_1_SYSFUNC_ENTRY_STACK]
0023fcec  6800d69e 0023fd3c 00000014 f0000000
0023fcfc  0025c2a8 0025c250 00000000 00000000
0023fd0c  0023fdbc 0000000a 0025af98 0023fc6c
0023fd1c  000007c8 0023fea8 7c90e900 7c9115e0
0023fd2c  00000000 00254ba8 7c97b140 0025c250
0023fd3c  00000010 00000000 00254b70 0023fb40
0023fd4c  00000008 00001fbd 0023fd78 6800d766
0023fd5c  0025c2a8 0025c288 00000000 00000000
0023fd6c  0023fdbc 0000000a 00000000 0023fdcc
0023fd7c  6800fac7 0025c3b4 0025c2a8 0025c288
0023fd8c  0023fdbc 0000000a 0023fe34 00000001
0023fd9c  0025abf0 0023fe04 0023fea8 0023fe4c
[V18_1_SYSFUNC_ENTRY_CALLSTACK]
 # ChildEBP RetAddr      Args to Child              
WARNING: Frame IP not in any known module. Following frames may be wrong.
00 0023fce8 6800d69e     0023fd3c 00000014 f0000000 0x77dd8292
01 0023fd54 6800d766     0025c2a8 0025c288 00000000 0x6800d69e
02 0023fd78 6800fac7     0025c3b4 0025c2a8 0025c288 0x6800d766
03 0023fdcc 6800fb7a     00000000 f0000000 0023fe04 0x6800fac7
04 0023fdf0 77de7c8f     0023fe4c 00000000 f0000000 0x6800fb7a
05 0023feb8 00401c84     0023ff2c 00000000 00000000 0x77de7c8f
06 0023fed8 004024e4     0023ff2c 000324a8 0023ff30 0x401c84
07 0023ff78 0040124b     00000003 000324a8 00032a20 0x4024e4
08 0023ffb0 00401298     00000001 00000009 0023fff0 0x40124b
09 0023ffc0 7c817067     729029bc 01dcde82 7ffd9000 0x401298
0a 0023fff0 00000000     00401280 00000000 78746341 0x7c817067
[V18_1_ADVAPI_IOCTL_AFTER_C2]
eax=00000001 ebx=00000100 ecx=7c801698 edx=7c90e4f4 esi=0023fc80 edi=00000000
eip=77dd9549 esp=0023faf8 ebp=0023fb2c iopl=0         nv up ei pl nz na po nc
cs=001b  ss=0023  ds=0023  es=0023  fs=003b  gs=0000             efl=00000202
001b:77dd9549 5f              pop     edi
[V18_1_EXEC_ID]
proc=<REDACTED> thread=<REDACTED> peb=<REDACTED> teb=<REDACTED> eip=77dd9549 esp=0023faf8 ebp=0023fb2c
ioctl_outbuf=0023fb68 ioctl_outlen=00000100 bytesret_ptr=0023fb60 ioctl_inbuf=77e46318 ioctl_inlen=00000100 esp=0023faf8 ebp=0023fb2c eax=00000001
[V18_1_IOCTL_OUTBUF_100]
0023fb68  78 3e 71 bb f9 70 dc 13-77 a4 fa 56 85 55 ae ac  x>q..p..w..V.U..
0023fb78  60 35 c6 a7 bc 59 d0 8b-f7 70 69 95 7b b8 51 50  `5...Y...pi.{.QP
0023fb88  6d 4f 8d cb e3 07 f0 52-c5 f1 b3 de 75 6c de 04  mO.....R....ul..
0023fb98  40 79 2f 4f 8d 73 d7 49-20 a4 4e 48 2c 9d cf 94  @y/O.s.I .NH,...
0023fba8  4a 01 5c c1 c5 f4 93 61-6e c9 c3 b8 5c 5c 37 9c  J.\....an...\\7.
0023fbb8  28 3e 2c e9 0d c6 71 ef-1c 51 3d 9f 06 23 38 4c  (>,...q..Q=..#8L
0023fbc8  3d 53 1a 74 f1 ed 49 1e-d0 2e a6 b9 76 fa 6c 48  =S.t..I.....v.lH
0023fbd8  9f 05 40 67 00 a7 8a 03-7e bd 50 f0 89 c1 46 86  ..@g....~.P...F.
0023fbe8  80 37 6e 5b b2 60 63 c9-68 2a 0c 19 07 74 8b 81  .7n[.`c.h*...t..
0023fbf8  45 e9 9b 8e 17 9e 72 a9-3e 86 c3 a1 dd e3 f3 36  E.....r.>......6
0023fc08  70 11 5e e3 a8 9a e4 8c-b2 6b c2 8b 2b a1 d7 78  p.^......k..+..x
0023fc18  36 25 40 7d cc 8e fa 99-7c 4e e2 13 ac f7 de 54  6%@}....|N.....T
0023fc28  6f 6d 97 25 9a b2 83 c1-35 96 e0 e2 47 6d 6e e9  om.%....5...Gmn.
0023fc38  ae 7d 8f 5a cc be 4d a0-bb 92 12 a6 39 8c eb a7  .}.Z..M.....9...
0023fc48  df 05 46 0e 14 94 ba 02-3f 90 a4 71 66 35 6e 55  ..F.....?..qf5nU
0023fc58  9a e4 6d de 35 7f 9a 24-bf 11 67 24 04 e3 7d d0  ..m.5..$..g$..}.
[V18_1_IOCTL_INBUF_100]
77e46318  59 ca 1e 7a f9 c2 7a 3a-2d 41 80 fd c8 dd b9 da  Y..z..z:-A......
77e46328  f9 83 a6 85 80 bf 56 00-00 00 00 00 00 00 00 00  ......V.........
77e46338  00 00 00 00 00 00 00 00-00 00 00 00 00 00 00 00  ................
77e46348  00 00 00 00 00 00 00 00-00 00 00 00 00 00 00 00  ................
77e46358  00 00 00 00 00 00 00 00-00 00 00 00 00 00 00 00  ................
77e46368  00 00 00 00 00 00 00 00-00 00 00 00 00 00 00 00  ................
77e46378  00 00 00 00 00 00 00 00-00 00 00 00 00 00 00 00  ................
77e46388  00 00 00 00 00 00 00 00-00 00 00 00 00 00 00 00  ................
77e46398  00 00 00 00 00 00 00 00-00 00 00 00 00 00 00 00  ................
77e463a8  00 00 00 00 00 00 00 00-00 00 00 00 00 00 00 00  ................
77e463b8  00 00 00 00 00 00 00 00-00 00 00 00 00 00 00 00  ................
77e463c8  00 00 00 00 00 00 00 00-00 00 00 00 00 00 00 00  ................
77e463d8  00 00 00 00 00 00 00 00-00 00 00 00 00 00 00 00  ................
77e463e8  00 00 00 00 00 00 00 00-00 00 00 00 00 00 00 00  ................
77e463f8  00 00 00 00 00 00 00 00-00 00 00 00 00 00 00 00  ................
77e46408  00 00 00 00 00 00 00 00-00 00 00 00 00 00 00 00  ................
[V18_1_IOCTL_STACK]
0023fad8  000007c4 00390008 77e46318 00000100
0023fae8  0023fb68 00000100 0023fb60 00000000
0023faf8  77e462f8 0023fc80 00000000 00000000
0023fb08  00000000 54021ca0 6bacd812 a683f922
0023fb18  56bf8085 7c910202 00000004 00250748
0023fb28  000007c4 0023fc6c 77dd8443 77e46318
0023fb38  00000100 0023fb68 0023fb60 00000000
0023fb48  00000000 00000000 77e46318 0023fd3c
0023fb58  00000100 00000002 00000100 00004000
0023fb68  bb713e78 13dc70f9 56faa477 acae5585
0023fb78  a7c63560 8bd059bc 956970f7 5051b87b
0023fb88  cb8d4f6d 52f007e3 deb3f1c5 04de6c75
0023fb98  4f2f7940 49d7738d 484ea420 94cf9d2c
0023fba8  c15c014a 6193f4c5 b8c3c96e 9c375c5c
0023fbb8  e92c3e28 ef71c60d 9f3d511c 4c382306
0023fbc8  741a533d 1e49edf1 b9a62ed0 486cfa76
0023fbd8  6740059f 038aa700 f050bd7e 8646c189
0023fbe8  5b6e3780 c96360b2 190c2a68 818b7407
0023fbf8  8e9be945 a9729e17 a1c3863e 36f3e3dd
0023fc08  e35e1170 8ce49aa8 8bc26bb2 78d7a12b
0023fc18  7d402536 99fa8ecc 13e24e7c 54def7ac
0023fc28  25976d6f c183b29a e2e09635 e96e6d47
0023fc38  5a8f7dae a04dbecc a61292bb a7eb8c39
0023fc48  0e4605df 02ba9414 71a4903f 556e3566
0023fc58  de6de49a 249a7f35 246711bf d07de304
0023fc68  0000f8f4 0023fc84 77dd8378 0023fd3c
0023fc78  0023fc80 0023fcc0 00000014 0023fca4
0023fc88  77dd833b 00000000 0023fd3c 00000014
0023fc98  0023fcd0 00000000 00000000 0023fcd0
0023fca8  77dd82e3 0023fcc0 0023fd3c 00000014
0023fcb8  0000000a 00000000 00000010 00000000
0023fcc8  00000000 00000000 0023fce8 77dd82a6
[V18_1_IOCTL_CALLSTACK]
 # ChildEBP RetAddr      Args to Child              
WARNING: Frame IP not in any known module. Following frames may be wrong.
00 0023fb2c 77dd8443     77e46318 00000100 0023fb68 0x77dd9549
01 0023fc6c 77dd8378     0023fd3c 0023fc80 0023fcc0 0x77dd8443
02 0023fc84 77dd833b     00000000 0023fd3c 00000014 0x77dd8378
03 0023fca4 77dd82e3     0023fcc0 0023fd3c 00000014 0x77dd833b
04 0023fcd0 77dd82a6     00000000 00000000 0023fd3c 0x77dd82e3
05 0023fce8 6800d69e     0023fd3c 00000014 f0000000 0x77dd82a6
06 0023fd54 6800d766     0025c2a8 0025c288 00000000 0x6800d69e
07 0023fd78 6800fac7     0025c3b4 0025c2a8 0025c288 0x6800d766
08 0023fdcc 6800fb7a     00000000 f0000000 0023fe04 0x6800fac7
09 0023fdf0 77de7c8f     0023fe4c 00000000 f0000000 0x6800fb7a
0a 0023feb8 00401c84     0023ff2c 00000000 00000000 0x77de7c8f
0b 0023fed8 004024e4     0023ff2c 000324a8 0023ff30 0x401c84
0c 0023ff78 0040124b     00000003 000324a8 00032a20 0x4024e4
0d 0023ffb0 00401298     00000001 00000009 0023fff0 0x40124b
0e 0023ffc0 7c817067     729029bc 01dcde82 7ffd9000 0x401298
0f 0023fff0 00000000     00401280 00000000 78746341 0x7c817067
[V18_1_RC4_PRGA_ENTRY]
eax=0025bba4 ebx=00000000 ecx=7ffdf000 edx=0025bb8c esi=0025bb88 edi=0025bb8c
eip=77dd8633 esp=0023fb10 ebp=0023fb2c iopl=0         nv up ei pl zr na pe nc
cs=001b  ss=0023  ds=0023  es=0023  fs=003b  gs=0000             efl=00000246
001b:77dd8633 53              push    ebx
[V18_1_EXEC_ID]
proc=<REDACTED> thread=<REDACTED> peb=<REDACTED> teb=<REDACTED> eip=77dd8633 esp=0023fb10 ebp=0023fb2c
ret=77dd8623 s_ptr=0025bba4 len=00000000 out_ptr=0023fd3c arg10=77e462f8 eax=0025bba4 ebx=00000000 ecx=7ffdf000 edx=0025bb8c esi=0025bb88 edi=0025bb8c
[V18_1_PRGA_STATE_BEFORE_SIJ]
0025bba4  78 3b 31 61 9d 1e 4c 36-af 82 d6 0a 00 da bb 51  x;1a..L6.......Q
0025bbb4  c1 3e 6d 01 69 06 48 5f-90 f7 21 02 10 0e 5a 74  .>m.i.H_..!...Zt
0025bbc4  22 fd fa 96 33 18 52 5e-a3 15 a5 ae cf 03 81 94  "...3.R^........
0025bbd4  97 25 a2 d7 0f 4a 2b 28-8e c5 6c 05 8c 66 73 46  .%...J+(..l..fsF
0025bbe4  a6 fc a0 9b ad e6 b8 63-a9 f8 1a b2 e0 89 f1 47  .......c.......G
0025bbf4  5b a8 5c 62 5d 2d 07 6b-26 4d 20 87 aa bf c8 cb  [.\b]-.k&M .....
0025bc04  c2 c7 70 92 8a ee 1f ca-d1 14 7b 12 ec a1 0c e9  ..p.......{.....
0025bc14  ce 7e 84 cc 59 98 80 dd-41 ef 1d 76 85 44 77 75  .~..Y...A..v.Dwu
0025bc24  b3 d3 1b 83 64 9e e7 f0-72 53 08 d5 c0 be f5 0b  ....d...rS......
0025bc34  bc 9a 19 b9 42 7a c6 9f-79 0d 11 a4 93 e5 dc b5  ....Bz..y.......
0025bc44  3f df 32 49 99 ac 27 56-04 bd b4 ea b0 f2 e1 8b  ?.2I..'V........
0025bc54  65 c4 09 45 57 e2 88 55-d0 29 13 6f 6e c9 ab d2  e..EW..U.).on...
0025bc64  24 67 b1 e4 39 2c d9 e8-68 6a f9 d8 a7 58 23 4f  $g..9,..hj...X#O
0025bc74  37 2f c3 f4 71 8f 86 4b-e3 ff 4e 7d ba 54 34 40  7/..q..K..N}.T4@
0025bc84  3c 91 1c f3 2e 43 7f 9c-f6 7c 8d db 38 3a 30 50  <....C...|..8:0P
0025bc94  95 3d cd fe eb ed de 60-16 b6 b7 2a fb d4 17 35  .=.....`...*...5
0025bca4  00 00                                            ..
[V18_1_PRGA_OUTPUT_BEFORE]
0023fd3c  10 00 00 00 00 00 00 00-70 4b 25 00 40 fb 23 00  ........pK%.@.#.
0023fd4c  08 00 00 00 bd 1f 00 00-78 fd 23 00 66 d7 00 68  ........x.#.f..h
0023fd5c  a8 c2 25 00 88 c2 25 00-00 00 00 00 00 00 00 00  ..%...%.........
0023fd6c  bc fd 23 00 0a 00 00 00-00 00 00 00 cc fd 23 00  ..#...........#.
[V18_1_RC4_PRGA_RETURN]
eax=0025bca4 ebx=00000000 ecx=00000000 edx=00000000 esi=0025bb88 edi=0025bb8c
eip=77dd8623 esp=0023fb20 ebp=0023fb2c iopl=0         nv up ei pl zr na pe nc
cs=001b  ss=0023  ds=0023  es=0023  fs=003b  gs=0000             efl=00000246
001b:77dd8623 011e            add     dword ptr [esi],ebx ds:0023:0025bb88=00000000
[V18_1_EXEC_ID]
proc=<REDACTED> thread=<REDACTED> peb=<REDACTED> teb=<REDACTED> eip=77dd8623 esp=0023fb20 ebp=0023fb2c
eax=0025bca4 ebx=00000000 ecx=00000000 edx=00000000 esi=0025bb88 edi=0025bb8c esp=0023fb20 ebp=0023fb2c saved_sys_out=0023fd3c saved_sys_len=00000014
[V18_1_PRGA_SYSFUNC_OUT_AT_RETURN]
0023fd3c  10 00 00 00 00 00 00 00-70 4b 25 00 40 fb 23 00  ........pK%.@.#.
0023fd4c  08 00 00 00 bd 1f 00 00-78 fd 23 00 66 d7 00 68  ........x.#.f..h
0023fd5c  a8 c2 25 00 88 c2 25 00-00 00 00 00 00 00 00 00  ..%...%.........
0023fd6c  bc fd 23 00 0a 00 00 00-00 00 00 00 cc fd 23 00  ..#...........#.
[V18_1_PRGA_STATE_AFTER_SIJ]
0025bba4  78 3b 31 61 9d 1e 4c 36-af 82 d6 0a 00 da bb 51  x;1a..L6.......Q
0025bbb4  c1 3e 6d 01 69 06 48 5f-90 f7 21 02 10 0e 5a 74  .>m.i.H_..!...Zt
0025bbc4  22 fd fa 96 33 18 52 5e-a3 15 a5 ae cf 03 81 94  "...3.R^........
0025bbd4  97 25 a2 d7 0f 4a 2b 28-8e c5 6c 05 8c 66 73 46  .%...J+(..l..fsF
0025bbe4  a6 fc a0 9b ad e6 b8 63-a9 f8 1a b2 e0 89 f1 47  .......c.......G
0025bbf4  5b a8 5c 62 5d 2d 07 6b-26 4d 20 87 aa bf c8 cb  [.\b]-.k&M .....
0025bc04  c2 c7 70 92 8a ee 1f ca-d1 14 7b 12 ec a1 0c e9  ..p.......{.....
0025bc14  ce 7e 84 cc 59 98 80 dd-41 ef 1d 76 85 44 77 75  .~..Y...A..v.Dwu
0025bc24  b3 d3 1b 83 64 9e e7 f0-72 53 08 d5 c0 be f5 0b  ....d...rS......
0025bc34  bc 9a 19 b9 42 7a c6 9f-79 0d 11 a4 93 e5 dc b5  ....Bz..y.......
0025bc44  3f df 32 49 99 ac 27 56-04 bd b4 ea b0 f2 e1 8b  ?.2I..'V........
0025bc54  65 c4 09 45 57 e2 88 55-d0 29 13 6f 6e c9 ab d2  e..EW..U.).on...
0025bc64  24 67 b1 e4 39 2c d9 e8-68 6a f9 d8 a7 58 23 4f  $g..9,..hj...X#O
0025bc74  37 2f c3 f4 71 8f 86 4b-e3 ff 4e 7d ba 54 34 40  7/..q..K..N}.T4@
0025bc84  3c 91 1c f3 2e 43 7f 9c-f6 7c 8d db 38 3a 30 50  <....C...|..8:0P
0025bc94  95 3d cd fe eb ed de 60-16 b6 b7 2a fb d4 17 35  .=.....`...*...5
0025bca4  00 00                                            ..
[V18_1_PRGA_OUTPUT_AFTER]
0023fd3c  10 00 00 00 00 00 00 00-70 4b 25 00 40 fb 23 00  ........pK%.@.#.
0023fd4c  08 00 00 00 bd 1f 00 00-78 fd 23 00 66 d7 00 68  ........x.#.f..h
0023fd5c  a8 c2 25 00 88 c2 25 00-00 00 00 00 00 00 00 00  ..%...%.........
0023fd6c  bc fd 23 00 0a 00 00 00-00 00 00 00 cc fd 23 00  ..#...........#.
[V18_1_PRGA_RETURN_CALLSTACK]
 # ChildEBP RetAddr      Args to Child              
WARNING: Frame IP not in any known module. Following frames may be wrong.
00 0023fb2c 77dd85d9     0025b920 00000002 00000000 0x77dd8623
01 0023fc6c 77dd8378     0023fd3c 0023fc80 0023fcc0 0x77dd85d9
02 0023fc84 77dd833b     00000000 0023fd3c 00000014 0x77dd8378
03 0023fca4 77dd82e3     0023fcc0 0023fd3c 00000014 0x77dd833b
04 0023fcd0 77dd82a6     00000000 00000000 0023fd3c 0x77dd82e3
05 0023fce8 6800d69e     0023fd3c 00000014 f0000000 0x77dd82a6
06 0023fd54 6800d766     0025c2a8 0025c288 00000000 0x6800d69e
07 0023fd78 6800fac7     0025c3b4 0025c2a8 0025c288 0x6800d766
08 0023fdcc 6800fb7a     00000000 f0000000 0023fe04 0x6800fac7
09 0023fdf0 77de7c8f     0023fe4c 00000000 f0000000 0x6800fb7a
0a 0023feb8 00401c84     0023ff2c 00000000 00000000 0x77de7c8f
0b 0023fed8 004024e4     0023ff2c 000324a8 0023ff30 0x401c84
0c 0023ff78 0040124b     00000003 000324a8 00032a20 0x4024e4
0d 0023ffb0 00401298     00000001 00000009 0023fff0 0x40124b
0e 0023ffc0 7c817067     729029bc 01dcde82 7ffd9000 0x401298
0f 0023fff0 00000000     00401280 00000000 78746341 0x7c817067
[V18_1_ADVAPI_IOCTL_AFTER_C2]
eax=00000001 ebx=00000100 ecx=7c801698 edx=7c90e4f4 esi=0023fc80 edi=00000000
eip=77dd9549 esp=0023faf8 ebp=0023fb2c iopl=0         nv up ei pl nz na po nc
cs=001b  ss=0023  ds=0023  es=0023  fs=003b  gs=0000             efl=00000202
001b:77dd9549 5f              pop     edi
[V18_1_EXEC_ID]
proc=<REDACTED> thread=<REDACTED> peb=<REDACTED> teb=<REDACTED> eip=77dd9549 esp=0023faf8 ebp=0023fb2c
ioctl_outbuf=0023fb68 ioctl_outlen=00000100 bytesret_ptr=0023fb60 ioctl_inbuf=77e46318 ioctl_inlen=00000100 esp=0023faf8 ebp=0023fb2c eax=00000001
[V18_1_IOCTL_OUTBUF_100]
0023fb68  fd 9a 85 68 27 65 8b 9b-2a cf fa 59 32 db bf 66  ...h'e..*..Y2..f
0023fb78  1a fa 47 6d f5 50 d5 08-97 38 f0 00 08 74 b0 a6  ..Gm.P...8...t..
0023fb88  c1 c6 4d bd 63 33 11 7c-6e b6 7e e5 59 ff e4 b1  ..M.c3.|n.~.Y...
0023fb98  5b 93 7a 4b 91 20 85 81-4f 60 b5 03 a4 0b da 18  [.zK. ..O`......
0023fba8  89 a4 f7 12 20 b7 d1 03-3d 6e 53 dc 9e 3d e0 4f  .... ...=nS..=.O
0023fbb8  ed bd c0 be 34 70 c2 94-61 b7 29 1a 6f 27 55 92  ....4p..a.).o'U.
0023fbc8  72 94 db 35 6b f7 e4 32-88 aa 85 36 1d fd bb 15  r..5k..2...6....
0023fbd8  93 8c 88 60 f9 40 47 d0-a1 0f 13 27 a8 36 fb aa  ...`.@G....'.6..
0023fbe8  8c 9b d4 e6 a8 60 dd 2d-2e f2 0f 75 db 87 71 7d  .....`.-...u..q}
0023fbf8  69 69 79 13 4f c7 0a ad-fc 56 db ee 59 ce 1f 1f  iiy.O....V..Y...
0023fc08  ae ae 3e 53 9c 12 d2 b2-8c 78 91 d5 b6 0e 07 a7  ..>S.....x......
0023fc18  4e 79 bb c7 0b 80 6a 02-eb 74 22 a6 dc 16 88 c0  Ny....j..t".....
0023fc28  2f be 54 7a e9 37 9d 56-93 4f c7 b6 60 d3 8d d7  /.Tz.7.V.O..`...
0023fc38  b9 af 58 55 92 dd af 76-c7 61 41 7e 26 c9 07 d3  ..XU...v.aA~&...
0023fc48  8a 85 06 11 d8 24 58 79-8d 4c 11 24 7d c5 4d 16  .....$Xy.L.$}.M.
0023fc58  c8 74 f4 0d bd 00 98 32-7e 6a fe ae 7e 05 eb 00  .t.....2~j..~...
[V18_1_IOCTL_INBUF_100]
77e46318  59 ca 1e 7a f9 c2 7a 3a-2d 41 80 fd c8 dd 19 c6  Y..z..z:-A......
77e46328  fb d7 b4 5d 2c d4 74 f9-83 a6 85 80 bf 56 00 00  ...],.t......V..
77e46338  00 00 00 00 00 00 00 00-00 00 00 00 00 00 00 00  ................
77e46348  00 00 00 00 00 00 00 00-00 00 00 00 00 00 00 00  ................
77e46358  00 00 00 00 00 00 00 00-00 00 00 00 00 00 00 00  ................
77e46368  00 00 00 00 00 00 00 00-00 00 00 00 00 00 00 00  ................
77e46378  00 00 00 00 00 00 00 00-00 00 00 00 00 00 00 00  ................
77e46388  00 00 00 00 00 00 00 00-00 00 00 00 00 00 00 00  ................
77e46398  00 00 00 00 00 00 00 00-00 00 00 00 00 00 00 00  ................
77e463a8  00 00 00 00 00 00 00 00-00 00 00 00 00 00 00 00  ................
77e463b8  00 00 00 00 00 00 00 00-00 00 00 00 00 00 00 00  ................
77e463c8  00 00 00 00 00 00 00 00-00 00 00 00 00 00 00 00  ................
77e463d8  00 00 00 00 00 00 00 00-00 00 00 00 00 00 00 00  ................
77e463e8  00 00 00 00 00 00 00 00-00 00 00 00 00 00 00 00  ................
77e463f8  00 00 00 00 00 00 00 00-00 00 00 00 00 00 00 00  ................
77e46408  00 00 00 00 00 00 00 00-00 00 00 00 00 00 00 00  ................
[V18_1_IOCTL_STACK]
0023fad8  000007c4 00390008 77e46318 00000100
0023fae8  0023fb68 00000100 0023fb60 00000000
0023faf8  77e462f8 0023fc80 00000000 00000000
0023fb08  00000000 54021ca0 6bacd812 a683f922
0023fb18  56bf8085 0025bb8c 77e462f8 0023fc80
0023fb28  000007c4 0023fc6c 77dd8443 77e46318
0023fb38  00000100 0023fb68 0023fb60 00000000
0023fb48  00000000 00000000 77e46318 0023fd3c
0023fb58  00000100 00000003 00000100 00004000
0023fb68  68859afd 9b8b6527 59facf2a 66bfdb32
0023fb78  6d47fa1a 08d550f5 00f03897 a6b07408
0023fb88  bd4dc6c1 7c113363 e57eb66e b1e4ff59
0023fb98  4b7a935b 81852091 03b5604f 18da0ba4
0023fba8  12f7a489 03d1b720 dc536e3d 4fe03d9e
0023fbb8  bec0bded 94c27034 1a29b761 9255276f
0023fbc8  35db9472 32e4f76b 3685aa88 15bbfd1d
0023fbd8  60888c93 d04740f9 27130fa1 aafb36a8
0023fbe8  e6d49b8c 2ddd60a8 750ff22e 7d7187db
0023fbf8  13796969 ad0ac74f eedb56fc 1f1fce59
0023fc08  533eaeae b2d2129c d591788c a7070eb6
0023fc18  c7bb794e 026a800b a62274eb c08816dc
0023fc28  7a54be2f 569d37e9 b6c74f93 d78dd360
0023fc38  5558afb9 76afdd92 7e4161c7 d307c926
0023fc48  1106858a 795824d8 24114c8d 164dc57d
0023fc58  0df474c8 329800bd aefe6a7e 00eb057e
0023fc68  0000f8f4 0023fc84 77dd8378 0023fd3c
0023fc78  0023fc80 0023fcc0 00000014 0023fca4
0023fc88  77dd833b 00000000 0023fd3c 00000014
0023fc98  0023fcd0 00000000 00000000 0023fcd0
0023fca8  77dd82e3 0023fcc0 0023fd3c 00000014
0023fcb8  0000000a 00000000 00000010 00000000
0023fcc8  00000000 00000000 0023fce8 77dd82a6
[V18_1_IOCTL_CALLSTACK]
 # ChildEBP RetAddr      Args to Child              
WARNING: Frame IP not in any known module. Following frames may be wrong.
00 0023fb2c 77dd8443     77e46318 00000100 0023fb68 0x77dd9549
01 0023fc6c 77dd8378     0023fd3c 0023fc80 0023fcc0 0x77dd8443
02 0023fc84 77dd833b     00000000 0023fd3c 00000014 0x77dd8378
03 0023fca4 77dd82e3     0023fcc0 0023fd3c 00000014 0x77dd833b
04 0023fcd0 77dd82a6     00000000 00000000 0023fd3c 0x77dd82e3
05 0023fce8 6800d69e     0023fd3c 00000014 f0000000 0x77dd82a6
06 0023fd54 6800d766     0025c2a8 0025c288 00000000 0x6800d69e
07 0023fd78 6800fac7     0025c3b4 0025c2a8 0025c288 0x6800d766
08 0023fdcc 6800fb7a     00000000 f0000000 0023fe04 0x6800fac7
09 0023fdf0 77de7c8f     0023fe4c 00000000 f0000000 0x6800fb7a
0a 0023feb8 00401c84     0023ff2c 00000000 00000000 0x77de7c8f
0b 0023fed8 004024e4     0023ff2c 000324a8 0023ff30 0x401c84
0c 0023ff78 0040124b     00000003 000324a8 00032a20 0x4024e4
0d 0023ffb0 00401298     00000001 00000009 0023fff0 0x40124b
0e 0023ffc0 7c817067     729029bc 01dcde82 7ffd9000 0x401298
0f 0023fff0 00000000     00401280 00000000 78746341 0x7c817067
[V18_1_RC4_PRGA_ENTRY]
eax=0025bcc4 ebx=00000000 ecx=7ffdf000 edx=0025bcac esi=0025bca8 edi=0025bcac
eip=77dd8633 esp=0023fb10 ebp=0023fb2c iopl=0         nv up ei pl zr na pe nc
cs=001b  ss=0023  ds=0023  es=0023  fs=003b  gs=0000             efl=00000246
001b:77dd8633 53              push    ebx
[V18_1_EXEC_ID]
proc=<REDACTED> thread=<REDACTED> peb=<REDACTED> teb=<REDACTED> eip=77dd8633 esp=0023fb10 ebp=0023fb2c
ret=77dd8623 s_ptr=0025bcc4 len=00000000 out_ptr=0023fd3c arg10=77e462f8 eax=0025bcc4 ebx=00000000 ecx=7ffdf000 edx=0025bcac esi=0025bca8 edi=0025bcac
[V18_1_PRGA_STATE_BEFORE_SIJ]
0025bcc4  83 98 2b 8a b5 05 b0 8d-59 2f 60 c4 7c ea b7 0a  ..+.....Y/`.|...
0025bcd4  71 61 4f 27 43 0e 8b b1-11 17 c7 d7 c0 e9 5a 02  qaO'C.........Z.
0025bce4  e6 de 3c e5 66 3f 9d d5-6b 4a f2 51 6a 7d 15 91  ..<.f?..kJ.Qj}..
0025bcf4  1d 48 34 f5 12 90 cf 82-7e a2 cc 2e 9f 9a ce 57  .H4.....~......W
0025bd04  ee c2 1f 77 2d 04 99 08-26 3b 01 d2 4c a9 74 1e  ...w-...&;..L.t.
0025bd14  ba 5d 65 28 10 63 bd 1c-5f 84 5e f1 6e 69 67 f8  .]e(.c.._.^.nig.
0025bd24  d4 62 54 37 07 b3 36 50-ab b4 33 2c dc 4d 81 db  .bT7..6P..3,.M..
0025bd34  aa 6f a1 41 e0 a5 a3 78-1b 2a 3d e8 42 bf f4 80  .o.A...x.*=.B...
0025bd44  76 fb 97 55 89 75 58 ac-38 25 a0 03 79 39 3a 09  v..U.uX.8%..y9:.
0025bd54  3e 13 73 93 29 df 70 af-d6 c8 b6 c6 bb 32 e3 b8  >.s.).p......2..
0025bd64  ef 8f 52 5c be cb 45 56-31 92 da f9 d1 8e d3 6c  ..R\..EV1......l
0025bd74  a6 b2 eb 18 c1 9b fa fc-72 ad e2 64 1a 5b 94 d0  ........r..d.[..
0025bd84  e1 0c ae 24 c9 21 00 bc-7a f7 9c 95 87 a4 53 ca  ...$.!..z.....S.
0025bd94  96 0f dd 4e 40 30 d9 88-7b 68 16 a7 0d e4 9e 46  ...N@0..{h.....F
0025bda4  ed 86 14 cd fe 20 22 fd-d8 8c ff 4b 6d f3 35 44  ..... "....Km.5D
0025bdb4  f6 0b b9 c5 c3 49 47 7f-19 f0 ec 06 a8 85 23 e7  .....IG.......#.
0025bdc4  00 00                                            ..
[V18_1_PRGA_OUTPUT_BEFORE]
0023fd3c  10 00 00 00 00 00 00 00-70 4b 25 00 40 fb 23 00  ........pK%.@.#.
0023fd4c  08 00 00 00 bd 1f 00 00-78 fd 23 00 66 d7 00 68  ........x.#.f..h
0023fd5c  a8 c2 25 00 88 c2 25 00-00 00 00 00 00 00 00 00  ..%...%.........
0023fd6c  bc fd 23 00 0a 00 00 00-00 00 00 00 cc fd 23 00  ..#...........#.
[V18_1_RC4_PRGA_RETURN]
eax=0025bdc4 ebx=00000000 ecx=00000000 edx=00000000 esi=0025bca8 edi=0025bcac
eip=77dd8623 esp=0023fb20 ebp=0023fb2c iopl=0         nv up ei pl zr na pe nc
cs=001b  ss=0023  ds=0023  es=0023  fs=003b  gs=0000             efl=00000246
001b:77dd8623 011e            add     dword ptr [esi],ebx ds:0023:0025bca8=00000000
[V18_1_EXEC_ID]
proc=<REDACTED> thread=<REDACTED> peb=<REDACTED> teb=<REDACTED> eip=77dd8623 esp=0023fb20 ebp=0023fb2c
eax=0025bdc4 ebx=00000000 ecx=00000000 edx=00000000 esi=0025bca8 edi=0025bcac esp=0023fb20 ebp=0023fb2c saved_sys_out=0023fd3c saved_sys_len=00000014
[V18_1_PRGA_SYSFUNC_OUT_AT_RETURN]
0023fd3c  10 00 00 00 00 00 00 00-70 4b 25 00 40 fb 23 00  ........pK%.@.#.
0023fd4c  08 00 00 00 bd 1f 00 00-78 fd 23 00 66 d7 00 68  ........x.#.f..h
0023fd5c  a8 c2 25 00 88 c2 25 00-00 00 00 00 00 00 00 00  ..%...%.........
0023fd6c  bc fd 23 00 0a 00 00 00-00 00 00 00 cc fd 23 00  ..#...........#.
[V18_1_PRGA_STATE_AFTER_SIJ]
0025bcc4  83 98 2b 8a b5 05 b0 8d-59 2f 60 c4 7c ea b7 0a  ..+.....Y/`.|...
0025bcd4  71 61 4f 27 43 0e 8b b1-11 17 c7 d7 c0 e9 5a 02  qaO'C.........Z.
0025bce4  e6 de 3c e5 66 3f 9d d5-6b 4a f2 51 6a 7d 15 91  ..<.f?..kJ.Qj}..
0025bcf4  1d 48 34 f5 12 90 cf 82-7e a2 cc 2e 9f 9a ce 57  .H4.....~......W
0025bd04  ee c2 1f 77 2d 04 99 08-26 3b 01 d2 4c a9 74 1e  ...w-...&;..L.t.
0025bd14  ba 5d 65 28 10 63 bd 1c-5f 84 5e f1 6e 69 67 f8  .]e(.c.._.^.nig.
0025bd24  d4 62 54 37 07 b3 36 50-ab b4 33 2c dc 4d 81 db  .bT7..6P..3,.M..
0025bd34  aa 6f a1 41 e0 a5 a3 78-1b 2a 3d e8 42 bf f4 80  .o.A...x.*=.B...
0025bd44  76 fb 97 55 89 75 58 ac-38 25 a0 03 79 39 3a 09  v..U.uX.8%..y9:.
0025bd54  3e 13 73 93 29 df 70 af-d6 c8 b6 c6 bb 32 e3 b8  >.s.).p......2..
0025bd64  ef 8f 52 5c be cb 45 56-31 92 da f9 d1 8e d3 6c  ..R\..EV1......l
0025bd74  a6 b2 eb 18 c1 9b fa fc-72 ad e2 64 1a 5b 94 d0  ........r..d.[..
0025bd84  e1 0c ae 24 c9 21 00 bc-7a f7 9c 95 87 a4 53 ca  ...$.!..z.....S.
0025bd94  96 0f dd 4e 40 30 d9 88-7b 68 16 a7 0d e4 9e 46  ...N@0..{h.....F
0025bda4  ed 86 14 cd fe 20 22 fd-d8 8c ff 4b 6d f3 35 44  ..... "....Km.5D
0025bdb4  f6 0b b9 c5 c3 49 47 7f-19 f0 ec 06 a8 85 23 e7  .....IG.......#.
0025bdc4  00 00                                            ..
[V18_1_PRGA_OUTPUT_AFTER]
0023fd3c  10 00 00 00 00 00 00 00-70 4b 25 00 40 fb 23 00  ........pK%.@.#.
0023fd4c  08 00 00 00 bd 1f 00 00-78 fd 23 00 66 d7 00 68  ........x.#.f..h
0023fd5c  a8 c2 25 00 88 c2 25 00-00 00 00 00 00 00 00 00  ..%...%.........
0023fd6c  bc fd 23 00 0a 00 00 00-00 00 00 00 cc fd 23 00  ..#...........#.
[V18_1_PRGA_RETURN_CALLSTACK]
 # ChildEBP RetAddr      Args to Child              
WARNING: Frame IP not in any known module. Following frames may be wrong.
00 0023fb2c 77dd85d9     0025b920 00000003 00000000 0x77dd8623
01 0023fc6c 77dd8378     0023fd3c 0023fc80 0023fcc0 0x77dd85d9
02 0023fc84 77dd833b     00000000 0023fd3c 00000014 0x77dd8378
03 0023fca4 77dd82e3     0023fcc0 0023fd3c 00000014 0x77dd833b
04 0023fcd0 77dd82a6     00000000 00000000 0023fd3c 0x77dd82e3
05 0023fce8 6800d69e     0023fd3c 00000014 f0000000 0x77dd82a6
06 0023fd54 6800d766     0025c2a8 0025c288 00000000 0x6800d69e
07 0023fd78 6800fac7     0025c3b4 0025c2a8 0025c288 0x6800d766
08 0023fdcc 6800fb7a     00000000 f0000000 0023fe04 0x6800fac7
09 0023fdf0 77de7c8f     0023fe4c 00000000 f0000000 0x6800fb7a
0a 0023feb8 00401c84     0023ff2c 00000000 00000000 0x77de7c8f
0b 0023fed8 004024e4     0023ff2c 000324a8 0023ff30 0x401c84
0c 0023ff78 0040124b     00000003 000324a8 00032a20 0x4024e4
0d 0023ffb0 00401298     00000001 00000009 0023fff0 0x40124b
0e 0023ffc0 7c817067     729029bc 01dcde82 7ffd9000 0x401298
0f 0023fff0 00000000     00401280 00000000 78746341 0x7c817067
[V18_1_ADVAPI_IOCTL_AFTER_C2]
eax=00000001 ebx=00000100 ecx=7c801698 edx=7c90e4f4 esi=0023fc80 edi=00000000
eip=77dd9549 esp=0023faf8 ebp=0023fb2c iopl=0         nv up ei pl nz na po nc
cs=001b  ss=0023  ds=0023  es=0023  fs=003b  gs=0000             efl=00000202
001b:77dd9549 5f              pop     edi
[V18_1_EXEC_ID]
proc=<REDACTED> thread=<REDACTED> peb=<REDACTED> teb=<REDACTED> eip=77dd9549 esp=0023faf8 ebp=0023fb2c
ioctl_outbuf=0023fb68 ioctl_outlen=00000100 bytesret_ptr=0023fb60 ioctl_inbuf=77e46318 ioctl_inlen=00000100 esp=0023faf8 ebp=0023fb2c eax=00000001
[V18_1_IOCTL_OUTBUF_100]
0023fb68  a6 00 19 2b 1d 08 d9 0b-6c e9 14 91 74 90 b8 54  ...+....l...t..T
0023fb78  6d e2 b6 0b 7c bd 68 4d-00 b7 83 3f d2 3b 38 1f  m...|.hM...?.;8.
0023fb88  86 9b 24 aa 2a 69 d4 87-dc eb 9f 57 a4 d3 40 f9  ..$.*i.....W..@.
0023fb98  5c 5e ee c0 08 fc 74 fc-07 81 c6 6a 38 98 4c fb  \^....t....j8.L.
0023fba8  83 63 a5 2f 43 56 bc 8e-7a e2 8a 94 dd ba d8 38  .c./CV..z......8
0023fbb8  2d f7 ad 77 0b 55 72 34-84 b0 e8 ec bb fa 11 13  -..w.Ur4........
0023fbc8  b3 bb ef 52 60 d9 e6 95-9a 0f c7 9d d8 b0 6f fc  ...R`.........o.
0023fbd8  75 39 4f 17 4f f1 a7 71-47 90 fa ca f3 23 e0 bd  u9O.O..qG....#..
0023fbe8  32 d1 c3 89 25 ed 92 2a-b5 21 3f 51 73 3c a5 01  2...%..*.!?Qs<..
0023fbf8  ae 55 38 33 0a 0f 5d 17-ab f5 80 37 e3 b1 ae c4  .U83..]....7....
0023fc08  13 1c 8a fc ed 45 91 4b-5d e9 cf ba 3f e6 44 51  .....E.K]...?.DQ
0023fc18  18 4b 35 5d 07 59 c8 fe-05 cf 21 21 1d 9e d1 d0  .K5].Y....!!....
0023fc28  5d 92 47 18 c5 fa aa d7-97 15 a2 79 da ac 6d b1  ].G........y..m.
0023fc38  ab 13 6d c9 4c ab ad 29-b8 c6 87 8e 71 95 cb 7c  ..m.L..)....q..|
0023fc48  54 46 23 e5 39 f7 13 29-a5 c2 24 6c 8d 4d 74 18  TF#.9..)..$l.Mt.
0023fc58  0c 61 ac 19 8b 27 a3 a8-b2 6b 70 1e 3f 19 76 d3  .a...'...kp.?.v.
[V18_1_IOCTL_INBUF_100]
77e46318  59 ca 1e 7a f9 c2 7a 3a-2d 41 80 fd c8 dd 19 c6  Y..z..z:-A......
77e46328  fb d7 b4 5d 2c 74 68 fb-d7 b4 5d 2c d4 74 f9 83  ...],th...],.t..
77e46338  a6 85 80 bf 56 00 00 00-00 00 00 00 00 00 00 00  ....V...........
77e46348  00 00 00 00 00 00 00 00-00 00 00 00 00 00 00 00  ................
77e46358  00 00 00 00 00 00 00 00-00 00 00 00 00 00 00 00  ................
77e46368  00 00 00 00 00 00 00 00-00 00 00 00 00 00 00 00  ................
77e46378  00 00 00 00 00 00 00 00-00 00 00 00 00 00 00 00  ................
77e46388  00 00 00 00 00 00 00 00-00 00 00 00 00 00 00 00  ................
77e46398  00 00 00 00 00 00 00 00-00 00 00 00 00 00 00 00  ................
77e463a8  00 00 00 00 00 00 00 00-00 00 00 00 00 00 00 00  ................
77e463b8  00 00 00 00 00 00 00 00-00 00 00 00 00 00 00 00  ................
77e463c8  00 00 00 00 00 00 00 00-00 00 00 00 00 00 00 00  ................
77e463d8  00 00 00 00 00 00 00 00-00 00 00 00 00 00 00 00  ................
77e463e8  00 00 00 00 00 00 00 00-00 00 00 00 00 00 00 00  ................
77e463f8  00 00 00 00 00 00 00 00-00 00 00 00 00 00 00 00  ................
77e46408  00 00 00 00 00 00 00 00-00 00 00 00 00 00 00 00  ................
[V18_1_IOCTL_STACK]
0023fad8  000007c4 00390008 77e46318 00000100
0023fae8  0023fb68 00000100 0023fb60 00000000
0023faf8  77e462f8 0023fc80 00000000 00000000
0023fb08  00000000 54021ca0 6bacd812 a683f922
0023fb18  56bf8085 0025bcac 77e462f8 0023fc80
0023fb28  000007c4 0023fc6c 77dd8443 77e46318
0023fb38  00000100 0023fb68 0023fb60 00000000
0023fb48  00000000 00000000 77e46318 0023fd3c
0023fb58  00000100 00000004 00000100 00004000
0023fb68  2b1900a6 0bd9081d 9114e96c 54b89074
0023fb78  0bb6e26d 4d68bd7c 3f83b700 1f383bd2
0023fb88  aa249b86 87d4692a 579febdc f940d3a4
0023fb98  c0ee5e5c fc74fc08 6ac68107 fb4c9838
0023fba8  2fa56383 8ebc5643 948ae27a 38d8badd
0023fbb8  77adf72d 3472550b ece8b084 1311fabb
0023fbc8  52efbbb3 95e6d960 9dc70f9a fc6fb0d8
0023fbd8  174f3975 71a7f14f cafa9047 bde023f3
0023fbe8  89c3d132 2a92ed25 513f21b5 01a53c73
0023fbf8  333855ae 175d0f0a 3780f5ab c4aeb1e3
0023fc08  fc8a1c13 4b9145ed bacfe95d 5144e63f
0023fc18  5d354b18 fec85907 2121cf05 d0d19e1d
0023fc28  1847925d d7aafac5 79a21597 b16dacda
0023fc38  c96d13ab 29adab4c 8e87c6b8 7ccb9571
0023fc48  e5234654 2913f739 6c24c2a5 18744d8d
0023fc58  19ac610c a8a3278b 1e706bb2 d376193f
0023fc68  0000f8f4 0023fc84 77dd8378 0023fd3c
0023fc78  0023fc80 0023fcc0 00000014 0023fca4
0023fc88  77dd833b 00000000 0023fd3c 00000014
0023fc98  0023fcd0 00000000 00000000 0023fcd0
0023fca8  77dd82e3 0023fcc0 0023fd3c 00000014
0023fcb8  0000000a 00000000 00000010 00000000
0023fcc8  00000000 00000000 0023fce8 77dd82a6
[V18_1_IOCTL_CALLSTACK]
 # ChildEBP RetAddr      Args to Child              
WARNING: Frame IP not in any known module. Following frames may be wrong.
00 0023fb2c 77dd8443     77e46318 00000100 0023fb68 0x77dd9549
01 0023fc6c 77dd8378     0023fd3c 0023fc80 0023fcc0 0x77dd8443
02 0023fc84 77dd833b     00000000 0023fd3c 00000014 0x77dd8378
03 0023fca4 77dd82e3     0023fcc0 0023fd3c 00000014 0x77dd833b
04 0023fcd0 77dd82a6     00000000 00000000 0023fd3c 0x77dd82e3
05 0023fce8 6800d69e     0023fd3c 00000014 f0000000 0x77dd82a6
06 0023fd54 6800d766     0025c2a8 0025c288 00000000 0x6800d69e
07 0023fd78 6800fac7     0025c3b4 0025c2a8 0025c288 0x6800d766
08 0023fdcc 6800fb7a     00000000 f0000000 0023fe04 0x6800fac7
09 0023fdf0 77de7c8f     0023fe4c 00000000 f0000000 0x6800fb7a
0a 0023feb8 00401c84     0023ff2c 00000000 00000000 0x77de7c8f
0b 0023fed8 004024e4     0023ff2c 000324a8 0023ff30 0x401c84
0c 0023ff78 0040124b     00000003 000324a8 00032a20 0x4024e4
0d 0023ffb0 00401298     00000001 00000009 0023fff0 0x40124b
0e 0023ffc0 7c817067     729029bc 01dcde82 7ffd9000 0x401298
0f 0023fff0 00000000     00401280 00000000 78746341 0x7c817067
[V18_1_RC4_PRGA_ENTRY]
eax=0025bde4 ebx=00000000 ecx=7ffdf000 edx=0025bdcc esi=0025bdc8 edi=0025bdcc
eip=77dd8633 esp=0023fb10 ebp=0023fb2c iopl=0         nv up ei pl zr na pe nc
cs=001b  ss=0023  ds=0023  es=0023  fs=003b  gs=0000             efl=00000246
001b:77dd8633 53              push    ebx
[V18_1_EXEC_ID]
proc=<REDACTED> thread=<REDACTED> peb=<REDACTED> teb=<REDACTED> eip=77dd8633 esp=0023fb10 ebp=0023fb2c
ret=77dd8623 s_ptr=0025bde4 len=00000000 out_ptr=0023fd3c arg10=77e462f8 eax=0025bde4 ebx=00000000 ecx=7ffdf000 edx=0025bdcc esi=0025bdc8 edi=0025bdcc
[V18_1_PRGA_STATE_BEFORE_SIJ]
0025bde4  5d a7 d1 cd 11 ab 22 0f-3f 2d 93 d3 0b 37 dc e5  ].....".?-...7..
0025bdf4  67 62 04 b2 a2 9e 92 f6-56 de d7 1d c3 fc 58 4b  gb......V.....XK
0025be04  b3 f8 3e 27 31 e7 e1 ef-99 71 70 d4 69 16 30 08  ..>'1....qp.i.0.
0025be14  be 4d 2b cb 87 b6 fa 85-c0 df 39 52 06 29 f3 79  .M+.......9R.).y
0025be24  b5 48 e2 86 4c a8 aa 91-5b d9 b7 3b 5e 59 07 b9  .H..L...[..;^Y..
0025be34  55 7e 82 2a 00 4e 12 97-88 a6 15 1b 43 dd 7a 2e  U~.*.N......C.z.
0025be44  35 90 d0 74 8a c8 14 ea-94 64 bc 1c 51 54 57 0c  5..t.....d..QTW.
0025be54  4f 01 10 3a 21 ae e6 20-9f f4 af a3 32 96 6e 7f  O..:!.. ....2.n.
0025be64  1e 72 7d ad bf fe ec 9d-a5 8c cc 1f ff 65 84 2f  .r}..........e./
0025be74  38 6a 95 03 8b c1 b1 1a-76 0a b0 68 53 09 33 50  8j......v..hS.3P
0025be84  ca f7 66 e4 42 b8 63 26-e3 b4 d8 80 28 45 c9 d2  ..f.B.c&....(E..
0025be94  bd a9 19 ee 83 40 a4 a1-da 6b fd 9c bb c5 f5 5c  .....@...k.....\
0025bea4  5a db 75 47 f9 4a d6 cf-9a 73 46 49 ed f0 41 c6  Z.uG.J...sFI..A.
0025beb4  9b 17 e0 23 a0 f1 e9 7c-f2 6c 02 2c 18 24 13 ac  ...#...|.l.,.$..
0025bec4  ba 0d 8e 34 60 6d 25 8d-98 eb 44 7b 89 c4 3c 8f  ...4`m%...D{..<.
0025bed4  3d 6f 36 ce 0e fb c2 e8-c7 05 78 61 d5 77 81 5f  =o6.......xa.w._
0025bee4  00 00                                            ..
[V18_1_PRGA_OUTPUT_BEFORE]
0023fd3c  10 00 00 00 00 00 00 00-70 4b 25 00 40 fb 23 00  ........pK%.@.#.
0023fd4c  08 00 00 00 bd 1f 00 00-78 fd 23 00 66 d7 00 68  ........x.#.f..h
0023fd5c  a8 c2 25 00 88 c2 25 00-00 00 00 00 00 00 00 00  ..%...%.........
0023fd6c  bc fd 23 00 0a 00 00 00-00 00 00 00 cc fd 23 00  ..#...........#.
[V18_1_RC4_PRGA_RETURN]
eax=0025bee4 ebx=00000000 ecx=00000000 edx=00000000 esi=0025bdc8 edi=0025bdcc
eip=77dd8623 esp=0023fb20 ebp=0023fb2c iopl=0         nv up ei pl zr na pe nc
cs=001b  ss=0023  ds=0023  es=0023  fs=003b  gs=0000             efl=00000246
001b:77dd8623 011e            add     dword ptr [esi],ebx ds:0023:0025bdc8=00000000
[V18_1_EXEC_ID]
proc=<REDACTED> thread=<REDACTED> peb=<REDACTED> teb=<REDACTED> eip=77dd8623 esp=0023fb20 ebp=0023fb2c
eax=0025bee4 ebx=00000000 ecx=00000000 edx=00000000 esi=0025bdc8 edi=0025bdcc esp=0023fb20 ebp=0023fb2c saved_sys_out=0023fd3c saved_sys_len=00000014
[V18_1_PRGA_SYSFUNC_OUT_AT_RETURN]
0023fd3c  10 00 00 00 00 00 00 00-70 4b 25 00 40 fb 23 00  ........pK%.@.#.
0023fd4c  08 00 00 00 bd 1f 00 00-78 fd 23 00 66 d7 00 68  ........x.#.f..h
0023fd5c  a8 c2 25 00 88 c2 25 00-00 00 00 00 00 00 00 00  ..%...%.........
0023fd6c  bc fd 23 00 0a 00 00 00-00 00 00 00 cc fd 23 00  ..#...........#.
[V18_1_PRGA_STATE_AFTER_SIJ]
0025bde4  5d a7 d1 cd 11 ab 22 0f-3f 2d 93 d3 0b 37 dc e5  ].....".?-...7..
0025bdf4  67 62 04 b2 a2 9e 92 f6-56 de d7 1d c3 fc 58 4b  gb......V.....XK
0025be04  b3 f8 3e 27 31 e7 e1 ef-99 71 70 d4 69 16 30 08  ..>'1....qp.i.0.
0025be14  be 4d 2b cb 87 b6 fa 85-c0 df 39 52 06 29 f3 79  .M+.......9R.).y
0025be24  b5 48 e2 86 4c a8 aa 91-5b d9 b7 3b 5e 59 07 b9  .H..L...[..;^Y..
0025be34  55 7e 82 2a 00 4e 12 97-88 a6 15 1b 43 dd 7a 2e  U~.*.N......C.z.
0025be44  35 90 d0 74 8a c8 14 ea-94 64 bc 1c 51 54 57 0c  5..t.....d..QTW.
0025be54  4f 01 10 3a 21 ae e6 20-9f f4 af a3 32 96 6e 7f  O..:!.. ....2.n.
0025be64  1e 72 7d ad bf fe ec 9d-a5 8c cc 1f ff 65 84 2f  .r}..........e./
0025be74  38 6a 95 03 8b c1 b1 1a-76 0a b0 68 53 09 33 50  8j......v..hS.3P
0025be84  ca f7 66 e4 42 b8 63 26-e3 b4 d8 80 28 45 c9 d2  ..f.B.c&....(E..
0025be94  bd a9 19 ee 83 40 a4 a1-da 6b fd 9c bb c5 f5 5c  .....@...k.....\
0025bea4  5a db 75 47 f9 4a d6 cf-9a 73 46 49 ed f0 41 c6  Z.uG.J...sFI..A.
0025beb4  9b 17 e0 23 a0 f1 e9 7c-f2 6c 02 2c 18 24 13 ac  ...#...|.l.,.$..
0025bec4  ba 0d 8e 34 60 6d 25 8d-98 eb 44 7b 89 c4 3c 8f  ...4`m%...D{..<.
0025bed4  3d 6f 36 ce 0e fb c2 e8-c7 05 78 61 d5 77 81 5f  =o6.......xa.w._
0025bee4  00 00                                            ..
[V18_1_PRGA_OUTPUT_AFTER]
0023fd3c  10 00 00 00 00 00 00 00-70 4b 25 00 40 fb 23 00  ........pK%.@.#.
0023fd4c  08 00 00 00 bd 1f 00 00-78 fd 23 00 66 d7 00 68  ........x.#.f..h
0023fd5c  a8 c2 25 00 88 c2 25 00-00 00 00 00 00 00 00 00  ..%...%.........
0023fd6c  bc fd 23 00 0a 00 00 00-00 00 00 00 cc fd 23 00  ..#...........#.
[V18_1_PRGA_RETURN_CALLSTACK]
 # ChildEBP RetAddr      Args to Child              
WARNING: Frame IP not in any known module. Following frames may be wrong.
00 0023fb2c 77dd85d9     0025b920 00000004 00000000 0x77dd8623
01 0023fc6c 77dd8378     0023fd3c 0023fc80 0023fcc0 0x77dd85d9
02 0023fc84 77dd833b     00000000 0023fd3c 00000014 0x77dd8378
03 0023fca4 77dd82e3     0023fcc0 0023fd3c 00000014 0x77dd833b
04 0023fcd0 77dd82a6     00000000 00000000 0023fd3c 0x77dd82e3
05 0023fce8 6800d69e     0023fd3c 00000014 f0000000 0x77dd82a6
06 0023fd54 6800d766     0025c2a8 0025c288 00000000 0x6800d69e
07 0023fd78 6800fac7     0025c3b4 0025c2a8 0025c288 0x6800d766
08 0023fdcc 6800fb7a     00000000 f0000000 0023fe04 0x6800fac7
09 0023fdf0 77de7c8f     0023fe4c 00000000 f0000000 0x6800fb7a
0a 0023feb8 00401c84     0023ff2c 00000000 00000000 0x77de7c8f
0b 0023fed8 004024e4     0023ff2c 000324a8 0023ff30 0x401c84
0c 0023ff78 0040124b     00000003 000324a8 00032a20 0x4024e4
0d 0023ffb0 00401298     00000001 00000009 0023fff0 0x40124b
0e 0023ffc0 7c817067     729029bc 01dcde82 7ffd9000 0x401298
0f 0023fff0 00000000     00401280 00000000 78746341 0x7c817067
[V18_1_ADVAPI_IOCTL_AFTER_C2]
eax=00000001 ebx=00000100 ecx=7c801698 edx=7c90e4f4 esi=0023fc80 edi=00000000
eip=77dd9549 esp=0023faf8 ebp=0023fb2c iopl=0         nv up ei pl nz na po nc
cs=001b  ss=0023  ds=0023  es=0023  fs=003b  gs=0000             efl=00000202
001b:77dd9549 5f              pop     edi
[V18_1_EXEC_ID]
proc=<REDACTED> thread=<REDACTED> peb=<REDACTED> teb=<REDACTED> eip=77dd9549 esp=0023faf8 ebp=0023fb2c
ioctl_outbuf=0023fb68 ioctl_outlen=00000100 bytesret_ptr=0023fb60 ioctl_inbuf=77e46318 ioctl_inlen=00000100 esp=0023faf8 ebp=0023fb2c eax=00000001
[V18_1_IOCTL_OUTBUF_100]
0023fb68  64 86 5e 4a f6 7a 5e f1-e6 47 74 f4 d4 d2 ed ff  d.^J.z^..Gt.....
0023fb78  96 37 fd 33 f4 bc 24 51-1a 9f 4a 22 e6 34 b0 bf  .7.3..$Q..J".4..
0023fb88  7a 1f 8e f0 c8 04 a8 79-ea b7 d2 e5 06 9e a9 04  z......y........
0023fb98  e5 4c bb 83 85 a6 29 59-3d e1 aa 11 69 ec 59 e9  .L....)Y=...i.Y.
0023fba8  94 30 34 25 57 81 b5 a7-08 fc e6 5b f9 f7 5a 57  .04%W......[..ZW
0023fbb8  45 08 ac 46 d5 49 17 ba-c3 e3 54 b1 bb ea ae 4e  E..F.I....T....N
0023fbc8  67 31 e1 7f 5a a7 ed 4c-38 ef db a4 ba 53 61 59  g1..Z..L8....SaY
0023fbd8  07 8a 9d c7 90 ea f7 7a-cc 8e 74 09 3f 83 ed 90  .......z..t.?...
0023fbe8  7f a8 b7 e3 7f 11 bd d9-8a e6 76 e1 8f 91 92 9a  ..........v.....
0023fbf8  9b 41 03 9c 12 18 59 3c-be de ed e0 b0 90 8e f7  .A....Y<........
0023fc08  33 ba 83 5b 49 e6 28 78-81 d6 fe 37 4d 26 43 dc  3..[I.(x...7M&C.
0023fc18  a9 e9 31 b0 85 5f 3d 64-12 62 d3 0b c8 c7 cf 28  ..1.._=d.b.....(
0023fc28  be 29 b9 be 34 77 1b 53-6e 15 40 fe 63 d2 d4 fd  .)..4w.Sn.@.c...
0023fc38  b3 9f 4b c1 5f c8 cb 5c-8d 4d 69 e2 ff e0 7f 2e  ..K._..\.Mi.....
0023fc48  cd 76 16 1c 7c 73 cb 39-f4 fb a0 07 7f 81 35 e3  .v..|s.9......5.
0023fc58  44 7d 26 09 45 c3 37 a4-d2 16 ae a9 c1 23 8d e6  D}&.E.7......#..
[V18_1_IOCTL_INBUF_100]
77e46318  59 ca 1e 7a f9 c2 7a 3a-2d 41 80 fd c8 dd 19 c6  Y..z..z:-A......
77e46328  fb d7 b4 5d 2c 74 68 fb-d7 b4 5d 2c 74 68 fb d7  ...],th...],th..
77e46338  b4 5d 2c d4 74 f9 83 a6-85 80 bf 56 00 00 00 00  .],.t......V....
77e46348  00 00 00 00 00 00 00 00-00 00 00 00 00 00 00 00  ................
77e46358  00 00 00 00 00 00 00 00-00 00 00 00 00 00 00 00  ................
77e46368  00 00 00 00 00 00 00 00-00 00 00 00 00 00 00 00  ................
77e46378  00 00 00 00 00 00 00 00-00 00 00 00 00 00 00 00  ................
77e46388  00 00 00 00 00 00 00 00-00 00 00 00 00 00 00 00  ................
77e46398  00 00 00 00 00 00 00 00-00 00 00 00 00 00 00 00  ................
77e463a8  00 00 00 00 00 00 00 00-00 00 00 00 00 00 00 00  ................
77e463b8  00 00 00 00 00 00 00 00-00 00 00 00 00 00 00 00  ................
77e463c8  00 00 00 00 00 00 00 00-00 00 00 00 00 00 00 00  ................
77e463d8  00 00 00 00 00 00 00 00-00 00 00 00 00 00 00 00  ................
77e463e8  00 00 00 00 00 00 00 00-00 00 00 00 00 00 00 00  ................
77e463f8  00 00 00 00 00 00 00 00-00 00 00 00 00 00 00 00  ................
77e46408  00 00 00 00 00 00 00 00-00 00 00 00 00 00 00 00  ................
[V18_1_IOCTL_STACK]
0023fad8  000007c4 00390008 77e46318 00000100
0023fae8  0023fb68 00000100 0023fb60 00000000
0023faf8  77e462f8 0023fc80 00000000 00000000
0023fb08  00000000 54021ca0 6bacd812 a683f922
0023fb18  56bf8085 0025bdcc 77e462f8 0023fc80
0023fb28  000007c4 0023fc6c 77dd8443 77e46318
0023fb38  00000100 0023fb68 0023fb60 00000000
0023fb48  00000000 00000000 77e46318 0023fd3c
0023fb58  00000100 00000005 00000100 00004000
0023fb68  4a5e8664 f15e7af6 f47447e6 ffedd2d4
0023fb78  33fd3796 5124bcf4 224a9f1a bfb034e6
0023fb88  f08e1f7a 79a804c8 e5d2b7ea 04a99e06
0023fb98  83bb4ce5 5929a685 11aae13d e959ec69
0023fba8  25343094 a7b58157 5be6fc08 575af7f9
0023fbb8  46ac0845 ba1749d5 b154e3c3 4eaeeabb
0023fbc8  7fe13167 4ceda75a a4dbef38 596153ba
0023fbd8  c79d8a07 7af7ea90 09748ecc 90ed833f
0023fbe8  e3b7a87f d9bd117f e176e68a 9a92918f
0023fbf8  9c03419b 3c591812 e0eddebe f78e90b0
0023fc08  5b83ba33 7828e649 37fed681 dc43264d
0023fc18  b031e9a9 643d5f85 0bd36212 28cfc7c8
0023fc28  beb929be 531b7734 fe40156e fdd4d263
0023fc38  c14b9fb3 5ccbc85f e2694d8d 2e7fe0ff
0023fc48  1c1676cd 39cb737c 07a0fbf4 e335817f
0023fc58  09267d44 a437c345 a9ae16d2 e68d23c1
0023fc68  0000f8f4 0023fc84 77dd8378 0023fd3c
0023fc78  0023fc80 0023fcc0 00000014 0023fca4
0023fc88  77dd833b 00000000 0023fd3c 00000014
0023fc98  0023fcd0 00000000 00000000 0023fcd0
0023fca8  77dd82e3 0023fcc0 0023fd3c 00000014
0023fcb8  0000000a 00000000 00000010 00000000
0023fcc8  00000000 00000000 0023fce8 77dd82a6
[V18_1_IOCTL_CALLSTACK]
 # ChildEBP RetAddr      Args to Child              
WARNING: Frame IP not in any known module. Following frames may be wrong.
00 0023fb2c 77dd8443     77e46318 00000100 0023fb68 0x77dd9549
01 0023fc6c 77dd8378     0023fd3c 0023fc80 0023fcc0 0x77dd8443
02 0023fc84 77dd833b     00000000 0023fd3c 00000014 0x77dd8378
03 0023fca4 77dd82e3     0023fcc0 0023fd3c 00000014 0x77dd833b
04 0023fcd0 77dd82a6     00000000 00000000 0023fd3c 0x77dd82e3
05 0023fce8 6800d69e     0023fd3c 00000014 f0000000 0x77dd82a6
06 0023fd54 6800d766     0025c2a8 0025c288 00000000 0x6800d69e
07 0023fd78 6800fac7     0025c3b4 0025c2a8 0025c288 0x6800d766
08 0023fdcc 6800fb7a     00000000 f0000000 0023fe04 0x6800fac7
09 0023fdf0 77de7c8f     0023fe4c 00000000 f0000000 0x6800fb7a
0a 0023feb8 00401c84     0023ff2c 00000000 00000000 0x77de7c8f
0b 0023fed8 004024e4     0023ff2c 000324a8 0023ff30 0x401c84
0c 0023ff78 0040124b     00000003 000324a8 00032a20 0x4024e4
0d 0023ffb0 00401298     00000001 00000009 0023fff0 0x40124b
0e 0023ffc0 7c817067     729029bc 01dcde82 7ffd9000 0x401298
0f 0023fff0 00000000     00401280 00000000 78746341 0x7c817067
[V18_1_RC4_PRGA_ENTRY]
eax=0025bf04 ebx=00000000 ecx=7ffdf000 edx=0025beec esi=0025bee8 edi=0025beec
eip=77dd8633 esp=0023fb10 ebp=0023fb2c iopl=0         nv up ei pl zr na pe nc
cs=001b  ss=0023  ds=0023  es=0023  fs=003b  gs=0000             efl=00000246
001b:77dd8633 53              push    ebx
[V18_1_EXEC_ID]
proc=<REDACTED> thread=<REDACTED> peb=<REDACTED> teb=<REDACTED> eip=77dd8633 esp=0023fb10 ebp=0023fb2c
ret=77dd8623 s_ptr=0025bf04 len=00000000 out_ptr=0023fd3c arg10=77e462f8 eax=0025bf04 ebx=00000000 ecx=7ffdf000 edx=0025beec esi=0025bee8 edi=0025beec
[V18_1_PRGA_STATE_BEFORE_SIJ]
0025bf04  15 30 4b 73 87 11 19 6d-2a ab b9 28 5b b1 e2 f0  .0Ks...m*..([...
0025bf14  01 66 e1 27 2f 48 3a 9b-d4 8c af f5 54 80 4e f1  .f.'/H:.....T.N.
0025bf24  a3 5d 17 fe ce 79 cc 56-0b ee 44 fa 4c 5e 93 bd  .]...y.V..D.L^..
0025bf34  3f 51 55 61 ad 52 6c 77-57 12 a1 ed 04 bb 67 6e  ?QUa.RlwW.....gn
0025bf44  42 81 38 8f 26 3c 83 71-a6 5a 97 7b 4d 70 35 8e  B.8.&<.q.Z.{Mp5.
0025bf54  c9 5c 49 58 14 ba 72 c7-63 c1 88 5f 9a 75 03 d8  .\IX..r.c.._.u..
0025bf64  23 95 99 33 68 be d2 c4-b2 bc a8 96 0d 90 a0 f8  #..3h...........
0025bf74  2c 7e d3 d0 94 84 9e 4f-fc d9 3d ec 21 7c f7 1d  ,~.....O..=.!|..
0025bf84  c5 a7 cd d7 cb dc e4 92-60 3e f2 c8 7d b5 3b 4a  ........`>..}.;J
0025bf94  08 aa ff 9f b4 85 ca 9d-fd d5 da 2e 50 8a b8 32  ............P..2
0025bfa4  18 c3 b6 c6 ef 13 64 47-eb e9 db 69 ea dd 82 7a  ......dG...i...z
0025bfb4  10 cf 46 bf 06 d1 29 de-86 22 89 fb 24 41 78 6f  ..F...).."..$Axo
0025bfc4  f6 59 0a e8 a9 1c 0e 62-74 16 02 df e3 e0 f9 45  .Y.....bt......E
0025bfd4  b0 2d 25 40 6a 76 98 2b-31 b7 37 c0 1e 0f e5 1b  .-%@jv.+1.7.....
0025bfe4  43 0c 00 91 a4 f3 ae 07-f4 20 39 53 36 c2 d6 34  C........ 9S6..4
0025bff4  e7 1f e6 6b 65 09 ac 7f-b3 8d a2 a5 05 8b 9c 1a  ...ke...........
0025c004  00 00                                            ..
[V18_1_PRGA_OUTPUT_BEFORE]
0023fd3c  10 00 00 00 00 00 00 00-70 4b 25 00 40 fb 23 00  ........pK%.@.#.
0023fd4c  08 00 00 00 bd 1f 00 00-78 fd 23 00 66 d7 00 68  ........x.#.f..h
0023fd5c  a8 c2 25 00 88 c2 25 00-00 00 00 00 00 00 00 00  ..%...%.........
0023fd6c  bc fd 23 00 0a 00 00 00-00 00 00 00 cc fd 23 00  ..#...........#.
[V18_1_RC4_PRGA_RETURN]
eax=0025c004 ebx=00000000 ecx=00000000 edx=00000000 esi=0025bee8 edi=0025beec
eip=77dd8623 esp=0023fb20 ebp=0023fb2c iopl=0         nv up ei pl zr na pe nc
cs=001b  ss=0023  ds=0023  es=0023  fs=003b  gs=0000             efl=00000246
001b:77dd8623 011e            add     dword ptr [esi],ebx ds:0023:0025bee8=00000000
[V18_1_EXEC_ID]
proc=<REDACTED> thread=<REDACTED> peb=<REDACTED> teb=<REDACTED> eip=77dd8623 esp=0023fb20 ebp=0023fb2c
eax=0025c004 ebx=00000000 ecx=00000000 edx=00000000 esi=0025bee8 edi=0025beec esp=0023fb20 ebp=0023fb2c saved_sys_out=0023fd3c saved_sys_len=00000014
[V18_1_PRGA_SYSFUNC_OUT_AT_RETURN]
0023fd3c  10 00 00 00 00 00 00 00-70 4b 25 00 40 fb 23 00  ........pK%.@.#.
0023fd4c  08 00 00 00 bd 1f 00 00-78 fd 23 00 66 d7 00 68  ........x.#.f..h
0023fd5c  a8 c2 25 00 88 c2 25 00-00 00 00 00 00 00 00 00  ..%...%.........
0023fd6c  bc fd 23 00 0a 00 00 00-00 00 00 00 cc fd 23 00  ..#...........#.
[V18_1_PRGA_STATE_AFTER_SIJ]
0025bf04  15 30 4b 73 87 11 19 6d-2a ab b9 28 5b b1 e2 f0  .0Ks...m*..([...
0025bf14  01 66 e1 27 2f 48 3a 9b-d4 8c af f5 54 80 4e f1  .f.'/H:.....T.N.
0025bf24  a3 5d 17 fe ce 79 cc 56-0b ee 44 fa 4c 5e 93 bd  .]...y.V..D.L^..
0025bf34  3f 51 55 61 ad 52 6c 77-57 12 a1 ed 04 bb 67 6e  ?QUa.RlwW.....gn
0025bf44  42 81 38 8f 26 3c 83 71-a6 5a 97 7b 4d 70 35 8e  B.8.&<.q.Z.{Mp5.
0025bf54  c9 5c 49 58 14 ba 72 c7-63 c1 88 5f 9a 75 03 d8  .\IX..r.c.._.u..
0025bf64  23 95 99 33 68 be d2 c4-b2 bc a8 96 0d 90 a0 f8  #..3h...........
0025bf74  2c 7e d3 d0 94 84 9e 4f-fc d9 3d ec 21 7c f7 1d  ,~.....O..=.!|..
0025bf84  c5 a7 cd d7 cb dc e4 92-60 3e f2 c8 7d b5 3b 4a  ........`>..}.;J
0025bf94  08 aa ff 9f b4 85 ca 9d-fd d5 da 2e 50 8a b8 32  ............P..2
0025bfa4  18 c3 b6 c6 ef 13 64 47-eb e9 db 69 ea dd 82 7a  ......dG...i...z
0025bfb4  10 cf 46 bf 06 d1 29 de-86 22 89 fb 24 41 78 6f  ..F...).."..$Axo
0025bfc4  f6 59 0a e8 a9 1c 0e 62-74 16 02 df e3 e0 f9 45  .Y.....bt......E
0025bfd4  b0 2d 25 40 6a 76 98 2b-31 b7 37 c0 1e 0f e5 1b  .-%@jv.+1.7.....
0025bfe4  43 0c 00 91 a4 f3 ae 07-f4 20 39 53 36 c2 d6 34  C........ 9S6..4
0025bff4  e7 1f e6 6b 65 09 ac 7f-b3 8d a2 a5 05 8b 9c 1a  ...ke...........
0025c004  00 00                                            ..
[V18_1_PRGA_OUTPUT_AFTER]
0023fd3c  10 00 00 00 00 00 00 00-70 4b 25 00 40 fb 23 00  ........pK%.@.#.
0023fd4c  08 00 00 00 bd 1f 00 00-78 fd 23 00 66 d7 00 68  ........x.#.f..h
0023fd5c  a8 c2 25 00 88 c2 25 00-00 00 00 00 00 00 00 00  ..%...%.........
0023fd6c  bc fd 23 00 0a 00 00 00-00 00 00 00 cc fd 23 00  ..#...........#.
[V18_1_PRGA_RETURN_CALLSTACK]
 # ChildEBP RetAddr      Args to Child              
WARNING: Frame IP not in any known module. Following frames may be wrong.
00 0023fb2c 77dd85d9     0025b920 00000005 00000000 0x77dd8623
01 0023fc6c 77dd8378     0023fd3c 0023fc80 0023fcc0 0x77dd85d9
02 0023fc84 77dd833b     00000000 0023fd3c 00000014 0x77dd8378
03 0023fca4 77dd82e3     0023fcc0 0023fd3c 00000014 0x77dd833b
04 0023fcd0 77dd82a6     00000000 00000000 0023fd3c 0x77dd82e3
05 0023fce8 6800d69e     0023fd3c 00000014 f0000000 0x77dd82a6
06 0023fd54 6800d766     0025c2a8 0025c288 00000000 0x6800d69e
07 0023fd78 6800fac7     0025c3b4 0025c2a8 0025c288 0x6800d766
08 0023fdcc 6800fb7a     00000000 f0000000 0023fe04 0x6800fac7
09 0023fdf0 77de7c8f     0023fe4c 00000000 f0000000 0x6800fb7a
0a 0023feb8 00401c84     0023ff2c 00000000 00000000 0x77de7c8f
0b 0023fed8 004024e4     0023ff2c 000324a8 0023ff30 0x401c84
0c 0023ff78 0040124b     00000003 000324a8 00032a20 0x4024e4
0d 0023ffb0 00401298     00000001 00000009 0023fff0 0x40124b
0e 0023ffc0 7c817067     729029bc 01dcde82 7ffd9000 0x401298
0f 0023fff0 00000000     00401280 00000000 78746341 0x7c817067
[V18_1_ADVAPI_IOCTL_AFTER_C2]
eax=00000001 ebx=00000100 ecx=7c801698 edx=7c90e4f4 esi=0023fc80 edi=00000000
eip=77dd9549 esp=0023faf8 ebp=0023fb2c iopl=0         nv up ei pl nz na po nc
cs=001b  ss=0023  ds=0023  es=0023  fs=003b  gs=0000             efl=00000202
001b:77dd9549 5f              pop     edi
[V18_1_EXEC_ID]
proc=<REDACTED> thread=<REDACTED> peb=<REDACTED> teb=<REDACTED> eip=77dd9549 esp=0023faf8 ebp=0023fb2c
ioctl_outbuf=0023fb68 ioctl_outlen=00000100 bytesret_ptr=0023fb60 ioctl_inbuf=77e46318 ioctl_inlen=00000100 esp=0023faf8 ebp=0023fb2c eax=00000001
[V18_1_IOCTL_OUTBUF_100]
0023fb68  fc 11 fa 09 10 69 27 9e-a1 6d 06 f7 28 cf a0 5e  .....i'..m..(..^
0023fb78  9f 97 57 ac 12 05 24 aa-61 e1 f9 65 fb 1d e7 05  ..W...$.a..e....
0023fb88  fc f1 d9 84 3c 89 4a 79-29 5d 6e 22 a7 bd b7 ec  ....<.Jy)]n"....
0023fb98  88 b7 75 87 01 df a0 15-0e 7b 1c 55 c7 98 e8 b4  ..u......{.U....
0023fba8  c3 70 04 ae a2 92 de 30-5e 4b 74 25 a8 74 c6 78  .p.....0^Kt%.t.x
0023fbb8  de 02 61 09 8a e5 89 6b-ca b5 e1 65 35 6c b8 7c  ..a....k...e5l.|
0023fbc8  f1 64 c7 db de 73 2d 15-58 8a 41 ba 31 81 be 5b  .d...s-.X.A.1..[
0023fbd8  03 8f 3c b6 b5 b2 50 7f-60 f5 6d 9a fc 7c b8 a7  ..<...P.`.m..|..
0023fbe8  14 1c df 56 1b 7d f9 06-de f3 c3 79 a9 7a 23 bf  ...V.}.....y.z#.
0023fbf8  d1 f7 28 89 86 92 b3 65-cf 1b 2d 30 cc 50 d5 ac  ..(....e..-0.P..
0023fc08  f2 6f b3 e2 eb 7e 16 00-b8 d0 9e c1 5c e5 22 9f  .o...~......\.".
0023fc18  3b 6c ba 0d 1c 88 0f 9d-77 32 c3 c3 63 a8 40 b4  ;l......w2..c.@.
0023fc28  f6 c2 c5 b8 e9 3a b8 91-19 fd ba 4b 6c 72 29 58  .....:.....Klr)X
0023fc38  1e 23 98 c8 33 2b 78 19-bb d9 b2 bc bf cd e6 21  .#..3+x........!
0023fc48  18 91 32 4e 27 d1 47 a5-3b 08 b8 1e 5d df 68 cf  ..2N'.G.;...].h.
0023fc58  cf e3 f7 de dc e0 cf 45-1c dd 7b d0 a0 8f 94 10  .......E..{.....
[V18_1_IOCTL_INBUF_100]
77e46318  59 ca 1e 7a f9 c2 7a 3a-2d 41 80 fd c8 dd 19 c6  Y..z..z:-A......
77e46328  fb d7 b4 5d 2c 74 68 fb-d7 b4 5d 2c 74 68 fb d7  ...],th...],th..
77e46338  b4 5d 2c 74 68 fb d7 b4-5d 2c d4 74 f9 83 a6 85  .],th...],.t....
77e46348  80 bf 56 00 00 00 00 00-00 00 00 00 00 00 00 00  ..V.............
77e46358  00 00 00 00 00 00 00 00-00 00 00 00 00 00 00 00  ................
77e46368  00 00 00 00 00 00 00 00-00 00 00 00 00 00 00 00  ................
77e46378  00 00 00 00 00 00 00 00-00 00 00 00 00 00 00 00  ................
77e46388  00 00 00 00 00 00 00 00-00 00 00 00 00 00 00 00  ................
77e46398  00 00 00 00 00 00 00 00-00 00 00 00 00 00 00 00  ................
77e463a8  00 00 00 00 00 00 00 00-00 00 00 00 00 00 00 00  ................
77e463b8  00 00 00 00 00 00 00 00-00 00 00 00 00 00 00 00  ................
77e463c8  00 00 00 00 00 00 00 00-00 00 00 00 00 00 00 00  ................
77e463d8  00 00 00 00 00 00 00 00-00 00 00 00 00 00 00 00  ................
77e463e8  00 00 00 00 00 00 00 00-00 00 00 00 00 00 00 00  ................
77e463f8  00 00 00 00 00 00 00 00-00 00 00 00 00 00 00 00  ................
77e46408  00 00 00 00 00 00 00 00-00 00 00 00 00 00 00 00  ................
[V18_1_IOCTL_STACK]
0023fad8  000007c4 00390008 77e46318 00000100
0023fae8  0023fb68 00000100 0023fb60 00000000
0023faf8  77e462f8 0023fc80 00000000 00000000
0023fb08  00000000 54021ca0 6bacd812 a683f922
0023fb18  56bf8085 0025beec 77e462f8 0023fc80
0023fb28  000007c4 0023fc6c 77dd8443 77e46318
0023fb38  00000100 0023fb68 0023fb60 00000000
0023fb48  00000000 00000000 77e46318 0023fd3c
0023fb58  00000100 00000006 00000100 00004000
0023fb68  09fa11fc 9e276910 f7066da1 5ea0cf28
0023fb78  ac57979f aa240512 65f9e161 05e71dfb
0023fb88  84d9f1fc 794a893c 226e5d29 ecb7bda7
0023fb98  8775b788 15a0df01 551c7b0e b4e898c7
0023fba8  ae0470c3 30de92a2 25744b5e 78c674a8
0023fbb8  096102de 6b89e58a 65e1b5ca 7cb86c35
0023fbc8  dbc764f1 152d73de ba418a58 5bbe8131
0023fbd8  b63c8f03 7f50b2b5 9a6df560 a7b87cfc
0023fbe8  56df1c14 06f97d1b 79c3f3de bf237aa9
0023fbf8  8928f7d1 65b39286 302d1bcf acd550cc
0023fc08  e2b36ff2 00167eeb c19ed0b8 9f22e55c
0023fc18  0dba6c3b 9d0f881c c3c33277 b440a863
0023fc28  b8c5c2f6 91b83ae9 4bbafd19 5829726c
0023fc38  c898231e 19782b33 bcb2d9bb 21e6cdbf
0023fc48  4e329118 a547d127 1eb8083b cf68df5d
0023fc58  def7e3cf 45cfe0dc d07bdd1c 10948fa0
0023fc68  0000f8f4 0023fc84 77dd8378 0023fd3c
0023fc78  0023fc80 0023fcc0 00000014 0023fca4
0023fc88  77dd833b 00000000 0023fd3c 00000014
0023fc98  0023fcd0 00000000 00000000 0023fcd0
0023fca8  77dd82e3 0023fcc0 0023fd3c 00000014
0023fcb8  0000000a 00000000 00000010 00000000
0023fcc8  00000000 00000000 0023fce8 77dd82a6
[V18_1_IOCTL_CALLSTACK]
 # ChildEBP RetAddr      Args to Child              
WARNING: Frame IP not in any known module. Following frames may be wrong.
00 0023fb2c 77dd8443     77e46318 00000100 0023fb68 0x77dd9549
01 0023fc6c 77dd8378     0023fd3c 0023fc80 0023fcc0 0x77dd8443
02 0023fc84 77dd833b     00000000 0023fd3c 00000014 0x77dd8378
03 0023fca4 77dd82e3     0023fcc0 0023fd3c 00000014 0x77dd833b
04 0023fcd0 77dd82a6     00000000 00000000 0023fd3c 0x77dd82e3
05 0023fce8 6800d69e     0023fd3c 00000014 f0000000 0x77dd82a6
06 0023fd54 6800d766     0025c2a8 0025c288 00000000 0x6800d69e
07 0023fd78 6800fac7     0025c3b4 0025c2a8 0025c288 0x6800d766
08 0023fdcc 6800fb7a     00000000 f0000000 0023fe04 0x6800fac7
09 0023fdf0 77de7c8f     0023fe4c 00000000 f0000000 0x6800fb7a
0a 0023feb8 00401c84     0023ff2c 00000000 00000000 0x77de7c8f
0b 0023fed8 004024e4     0023ff2c 000324a8 0023ff30 0x401c84
0c 0023ff78 0040124b     00000003 000324a8 00032a20 0x4024e4
0d 0023ffb0 00401298     00000001 00000009 0023fff0 0x40124b
0e 0023ffc0 7c817067     729029bc 01dcde82 7ffd9000 0x401298
0f 0023fff0 00000000     00401280 00000000 78746341 0x7c817067
[V18_1_RC4_PRGA_ENTRY]
eax=0025c024 ebx=00000000 ecx=7ffdf000 edx=0025c00c esi=0025c008 edi=0025c00c
eip=77dd8633 esp=0023fb10 ebp=0023fb2c iopl=0         nv up ei pl zr na pe nc
cs=001b  ss=0023  ds=0023  es=0023  fs=003b  gs=0000             efl=00000246
001b:77dd8633 53              push    ebx
[V18_1_EXEC_ID]
proc=<REDACTED> thread=<REDACTED> peb=<REDACTED> teb=<REDACTED> eip=77dd8633 esp=0023fb10 ebp=0023fb2c
ret=77dd8623 s_ptr=0025c024 len=00000000 out_ptr=0023fd3c arg10=77e462f8 eax=0025c024 ebx=00000000 ecx=7ffdf000 edx=0025c00c esi=0025c008 edi=0025c00c
[V18_1_PRGA_STATE_BEFORE_SIJ]
0025c024  fc 0e 0a 62 03 10 3d 7a-36 80 67 8d c7 a3 44 7d  ...b..=z6.g...D}
0025c034  60 97 71 5d 39 e0 7c 05-e3 9b ea 6f 07 df 2b 47  `.q]9.|....o..+G
0025c044  b2 f7 bb e4 fd 92 45 9e-85 7b e7 34 3e f1 0c 2d  ......E..{.4>..-
0025c054  1e 63 35 70 87 f8 11 54-94 58 27 d6 d5 c5 6a 6b  .c5p...T.X'...jk
0025c064  14 bc c0 2e c3 7e a8 3f-79 4a 5c f6 a9 bf 88 9a  .....~.?yJ\.....
0025c074  d2 53 69 33 8a ed 74 08-ae dd f9 b9 77 c9 75 2a  .Si3..t.....w.u*
0025c084  98 23 f3 3c 37 d8 81 43-b7 b5 d3 31 dc 68 22 19  .#.<7..C...1.h".
0025c094  30 d4 82 9c 9f 52 57 2c-20 4e 09 3a 8c b1 d1 cd  0....RW, N.:....
0025c0a4  1d 64 55 18 db ef a7 e1-01 49 d0 b0 5f 93 32 0f  .dU......I.._.2.
0025c0b4  91 59 8e da a5 56 65 24-e5 99 ab 42 cf d9 c1 f0  .Y...Ve$...B....
0025c0c4  e2 06 ac ba 0d a6 af 46-f5 86 3b 41 cb 4f 8b 6c  .......F..;A.O.l
0025c0d4  48 1f e9 73 29 95 17 61-13 12 c2 66 1a ce eb 4b  H..s)..a...f...K
0025c0e4  51 5e ff 1b e6 cc 7f aa-b8 25 fe b6 bd fa a0 76  Q^.......%.....v
0025c0f4  b3 84 d7 f4 02 0b 8f e8-21 ca ec 6d 40 be a4 de  ........!..m@...
0025c104  28 78 04 c6 00 6e f2 90-c8 ee 1c 83 72 5b 4c 96  (x...n......r[L.
0025c114  a1 b4 15 16 26 c4 5a fb-38 4d 2f ad 9d 50 a2 89  ....&.Z.8M/..P..
0025c124  00 00                                            ..
[V18_1_PRGA_OUTPUT_BEFORE]
0023fd3c  10 00 00 00 00 00 00 00-70 4b 25 00 40 fb 23 00  ........pK%.@.#.
0023fd4c  08 00 00 00 bd 1f 00 00-78 fd 23 00 66 d7 00 68  ........x.#.f..h
0023fd5c  a8 c2 25 00 88 c2 25 00-00 00 00 00 00 00 00 00  ..%...%.........
0023fd6c  bc fd 23 00 0a 00 00 00-00 00 00 00 cc fd 23 00  ..#...........#.
[V18_1_RC4_PRGA_RETURN]
eax=0025c124 ebx=00000000 ecx=00000000 edx=00000000 esi=0025c008 edi=0025c00c
eip=77dd8623 esp=0023fb20 ebp=0023fb2c iopl=0         nv up ei pl zr na pe nc
cs=001b  ss=0023  ds=0023  es=0023  fs=003b  gs=0000             efl=00000246
001b:77dd8623 011e            add     dword ptr [esi],ebx ds:0023:0025c008=00000000
[V18_1_EXEC_ID]
proc=<REDACTED> thread=<REDACTED> peb=<REDACTED> teb=<REDACTED> eip=77dd8623 esp=0023fb20 ebp=0023fb2c
eax=0025c124 ebx=00000000 ecx=00000000 edx=00000000 esi=0025c008 edi=0025c00c esp=0023fb20 ebp=0023fb2c saved_sys_out=0023fd3c saved_sys_len=00000014
[V18_1_PRGA_SYSFUNC_OUT_AT_RETURN]
0023fd3c  10 00 00 00 00 00 00 00-70 4b 25 00 40 fb 23 00  ........pK%.@.#.
0023fd4c  08 00 00 00 bd 1f 00 00-78 fd 23 00 66 d7 00 68  ........x.#.f..h
0023fd5c  a8 c2 25 00 88 c2 25 00-00 00 00 00 00 00 00 00  ..%...%.........
0023fd6c  bc fd 23 00 0a 00 00 00-00 00 00 00 cc fd 23 00  ..#...........#.
[V18_1_PRGA_STATE_AFTER_SIJ]
0025c024  fc 0e 0a 62 03 10 3d 7a-36 80 67 8d c7 a3 44 7d  ...b..=z6.g...D}
0025c034  60 97 71 5d 39 e0 7c 05-e3 9b ea 6f 07 df 2b 47  `.q]9.|....o..+G
0025c044  b2 f7 bb e4 fd 92 45 9e-85 7b e7 34 3e f1 0c 2d  ......E..{.4>..-
0025c054  1e 63 35 70 87 f8 11 54-94 58 27 d6 d5 c5 6a 6b  .c5p...T.X'...jk
0025c064  14 bc c0 2e c3 7e a8 3f-79 4a 5c f6 a9 bf 88 9a  .....~.?yJ\.....
0025c074  d2 53 69 33 8a ed 74 08-ae dd f9 b9 77 c9 75 2a  .Si3..t.....w.u*
0025c084  98 23 f3 3c 37 d8 81 43-b7 b5 d3 31 dc 68 22 19  .#.<7..C...1.h".
0025c094  30 d4 82 9c 9f 52 57 2c-20 4e 09 3a 8c b1 d1 cd  0....RW, N.:....
0025c0a4  1d 64 55 18 db ef a7 e1-01 49 d0 b0 5f 93 32 0f  .dU......I.._.2.
0025c0b4  91 59 8e da a5 56 65 24-e5 99 ab 42 cf d9 c1 f0  .Y...Ve$...B....
0025c0c4  e2 06 ac ba 0d a6 af 46-f5 86 3b 41 cb 4f 8b 6c  .......F..;A.O.l
0025c0d4  48 1f e9 73 29 95 17 61-13 12 c2 66 1a ce eb 4b  H..s)..a...f...K
0025c0e4  51 5e ff 1b e6 cc 7f aa-b8 25 fe b6 bd fa a0 76  Q^.......%.....v
0025c0f4  b3 84 d7 f4 02 0b 8f e8-21 ca ec 6d 40 be a4 de  ........!..m@...
0025c104  28 78 04 c6 00 6e f2 90-c8 ee 1c 83 72 5b 4c 96  (x...n......r[L.
0025c114  a1 b4 15 16 26 c4 5a fb-38 4d 2f ad 9d 50 a2 89  ....&.Z.8M/..P..
0025c124  00 00                                            ..
[V18_1_PRGA_OUTPUT_AFTER]
0023fd3c  10 00 00 00 00 00 00 00-70 4b 25 00 40 fb 23 00  ........pK%.@.#.
0023fd4c  08 00 00 00 bd 1f 00 00-78 fd 23 00 66 d7 00 68  ........x.#.f..h
0023fd5c  a8 c2 25 00 88 c2 25 00-00 00 00 00 00 00 00 00  ..%...%.........
0023fd6c  bc fd 23 00 0a 00 00 00-00 00 00 00 cc fd 23 00  ..#...........#.
[V18_1_PRGA_RETURN_CALLSTACK]
 # ChildEBP RetAddr      Args to Child              
WARNING: Frame IP not in any known module. Following frames may be wrong.
00 0023fb2c 77dd85d9     0025b920 00000006 00000000 0x77dd8623
01 0023fc6c 77dd8378     0023fd3c 0023fc80 0023fcc0 0x77dd85d9
02 0023fc84 77dd833b     00000000 0023fd3c 00000014 0x77dd8378
03 0023fca4 77dd82e3     0023fcc0 0023fd3c 00000014 0x77dd833b
04 0023fcd0 77dd82a6     00000000 00000000 0023fd3c 0x77dd82e3
05 0023fce8 6800d69e     0023fd3c 00000014 f0000000 0x77dd82a6
06 0023fd54 6800d766     0025c2a8 0025c288 00000000 0x6800d69e
07 0023fd78 6800fac7     0025c3b4 0025c2a8 0025c288 0x6800d766
08 0023fdcc 6800fb7a     00000000 f0000000 0023fe04 0x6800fac7
09 0023fdf0 77de7c8f     0023fe4c 00000000 f0000000 0x6800fb7a
0a 0023feb8 00401c84     0023ff2c 00000000 00000000 0x77de7c8f
0b 0023fed8 004024e4     0023ff2c 000324a8 0023ff30 0x401c84
0c 0023ff78 0040124b     00000003 000324a8 00032a20 0x4024e4
0d 0023ffb0 00401298     00000001 00000009 0023fff0 0x40124b
0e 0023ffc0 7c817067     729029bc 01dcde82 7ffd9000 0x401298
0f 0023fff0 00000000     00401280 00000000 78746341 0x7c817067
[V18_1_ADVAPI_IOCTL_AFTER_C2]
eax=00000001 ebx=00000100 ecx=7c801698 edx=7c90e4f4 esi=0023fc80 edi=00000000
eip=77dd9549 esp=0023faf8 ebp=0023fb2c iopl=0         nv up ei pl nz na po nc
cs=001b  ss=0023  ds=0023  es=0023  fs=003b  gs=0000             efl=00000202
001b:77dd9549 5f              pop     edi
[V18_1_EXEC_ID]
proc=<REDACTED> thread=<REDACTED> peb=<REDACTED> teb=<REDACTED> eip=77dd9549 esp=0023faf8 ebp=0023fb2c
ioctl_outbuf=0023fb68 ioctl_outlen=00000100 bytesret_ptr=0023fb60 ioctl_inbuf=77e46318 ioctl_inlen=00000100 esp=0023faf8 ebp=0023fb2c eax=00000001
[V18_1_IOCTL_OUTBUF_100]
0023fb68  71 42 df 1a 1b a6 d0 61-16 19 cc bb ca 65 ca 3d  qB.....a.....e.=
0023fb78  05 49 3d ea d1 56 f9 00-c9 fe 44 5e 19 ef 89 b8  .I=..V....D^....
0023fb88  d0 7b df 25 e8 9d 21 ce-86 34 2f c7 ce 8d 13 d5  .{.%..!..4/.....
0023fb98  14 8e f5 39 2c d6 02 e6-0a 35 37 c8 9b 9e af 1e  ...9,....57.....
0023fba8  17 e3 b9 04 94 9d ee da-c8 4a f6 34 e1 b4 3b da  .........J.4..;.
0023fbb8  24 c9 d0 57 6c e3 fd e3-cf 28 71 86 e7 d1 60 a4  $..Wl....(q...`.
0023fbc8  7f 16 4b 7b 01 8e 6e 51-b1 16 d9 ea 39 eb fe fd  ..K{..nQ....9...
0023fbd8  f4 9b 2c 8e 3d 4b e8 3d-db e3 da 92 e5 84 d2 6e  ..,.=K.=.......n
0023fbe8  07 71 7a 87 c8 9c 32 89-4f 9b 21 cc 69 5a eb 1f  .qz...2.O.!.iZ..
0023fbf8  01 08 3b e8 eb 7d 86 28-17 2e 58 f3 06 b3 e9 7e  ..;..}.(..X....~
0023fc08  06 5d e1 86 2c 7f 10 70-cc aa 61 1e 34 1b 80 43  .]..,..p..a.4..C
0023fc18  71 17 36 ea 94 67 db 61-26 0b aa 18 57 68 91 77  q.6..g.a&...Wh.w
0023fc28  24 fb a2 a4 17 8b aa 99-98 b7 58 cf f8 c0 43 2d  $.........X...C-
0023fc38  4f b4 82 30 36 f6 cb e0-03 81 fb 45 ea e8 5d 54  O..06......E..]T
0023fc48  a5 f7 94 39 85 3d 25 60-76 97 cc 6e e4 c5 a6 e8  ...9.=%`v..n....
0023fc58  4e 4b aa 8b 87 bd 24 3a-b3 8f 01 ed 64 db 78 aa  NK....$:....d.x.
[V18_1_IOCTL_INBUF_100]
77e46318  59 ca 1e 7a f9 c2 7a 3a-2d 41 80 fd c8 dd 19 c6  Y..z..z:-A......
77e46328  fb d7 b4 5d 2c 74 68 fb-d7 b4 5d 2c 74 68 fb d7  ...],th...],th..
77e46338  b4 5d 2c 74 68 fb d7 b4-5d 2c 74 68 fb d7 b4 5d  .],th...],th...]
77e46348  2c d4 74 f9 83 a6 85 80-bf 56 00 00 00 00 00 00  ,.t......V......
77e46358  00 00 00 00 00 00 00 00-00 00 00 00 00 00 00 00  ................
77e46368  00 00 00 00 00 00 00 00-00 00 00 00 00 00 00 00  ................
77e46378  00 00 00 00 00 00 00 00-00 00 00 00 00 00 00 00  ................
77e46388  00 00 00 00 00 00 00 00-00 00 00 00 00 00 00 00  ................
77e46398  00 00 00 00 00 00 00 00-00 00 00 00 00 00 00 00  ................
77e463a8  00 00 00 00 00 00 00 00-00 00 00 00 00 00 00 00  ................
77e463b8  00 00 00 00 00 00 00 00-00 00 00 00 00 00 00 00  ................
77e463c8  00 00 00 00 00 00 00 00-00 00 00 00 00 00 00 00  ................
77e463d8  00 00 00 00 00 00 00 00-00 00 00 00 00 00 00 00  ................
77e463e8  00 00 00 00 00 00 00 00-00 00 00 00 00 00 00 00  ................
77e463f8  00 00 00 00 00 00 00 00-00 00 00 00 00 00 00 00  ................
77e46408  00 00 00 00 00 00 00 00-00 00 00 00 00 00 00 00  ................
[V18_1_IOCTL_STACK]
0023fad8  000007c4 00390008 77e46318 00000100
0023fae8  0023fb68 00000100 0023fb60 00000000
0023faf8  77e462f8 0023fc80 00000000 00000000
0023fb08  00000000 54021ca0 6bacd812 a683f922
0023fb18  56bf8085 0025c00c 77e462f8 0023fc80
0023fb28  000007c4 0023fc6c 77dd8443 77e46318
0023fb38  00000100 0023fb68 0023fb60 00000000
0023fb48  00000000 00000000 77e46318 0023fd3c
0023fb58  00000100 00000007 00000100 00004000
0023fb68  1adf4271 61d0a61b bbcc1916 3dca65ca
0023fb78  ea3d4905 00f956d1 5e44fec9 b889ef19
0023fb88  25df7bd0 ce219de8 c72f3486 d5138dce
0023fb98  39f58e14 e602d62c c837350a 1eaf9e9b
0023fba8  04b9e317 daee9d94 34f64ac8 da3bb4e1
0023fbb8  57d0c924 e3fde36c 867128cf a460d1e7
0023fbc8  7b4b167f 516e8e01 ead916b1 fdfeeb39
0023fbd8  8e2c9bf4 3de84b3d 92dae3db 6ed284e5
0023fbe8  877a7107 89329cc8 cc219b4f 1feb5a69
0023fbf8  e83b0801 28867deb f3582e17 7ee9b306
0023fc08  86e15d06 70107f2c 1e61aacc 43801b34
0023fc18  ea361771 61db6794 18aa0b26 77916857
0023fc28  a4a2fb24 99aa8b17 cf58b798 2d43c0f8
0023fc38  3082b44f e0cbf636 45fb8103 545de8ea
0023fc48  3994f7a5 60253d85 6ecc9776 e8a6c5e4
0023fc58  8baa4b4e 3a24bd87 ed018fb3 aa78db64
0023fc68  0000f8f4 0023fc84 77dd8378 0023fd3c
0023fc78  0023fc80 0023fcc0 00000014 0023fca4
0023fc88  77dd833b 00000000 0023fd3c 00000014
0023fc98  0023fcd0 00000000 00000000 0023fcd0
0023fca8  77dd82e3 0023fcc0 0023fd3c 00000014
0023fcb8  0000000a 00000000 00000010 00000000
0023fcc8  00000000 00000000 0023fce8 77dd82a6
[V18_1_IOCTL_CALLSTACK]
 # ChildEBP RetAddr      Args to Child              
WARNING: Frame IP not in any known module. Following frames may be wrong.
00 0023fb2c 77dd8443     77e46318 00000100 0023fb68 0x77dd9549
01 0023fc6c 77dd8378     0023fd3c 0023fc80 0023fcc0 0x77dd8443
02 0023fc84 77dd833b     00000000 0023fd3c 00000014 0x77dd8378
03 0023fca4 77dd82e3     0023fcc0 0023fd3c 00000014 0x77dd833b
04 0023fcd0 77dd82a6     00000000 00000000 0023fd3c 0x77dd82e3
05 0023fce8 6800d69e     0023fd3c 00000014 f0000000 0x77dd82a6
06 0023fd54 6800d766     0025c2a8 0025c288 00000000 0x6800d69e
07 0023fd78 6800fac7     0025c3b4 0025c2a8 0025c288 0x6800d766
08 0023fdcc 6800fb7a     00000000 f0000000 0023fe04 0x6800fac7
09 0023fdf0 77de7c8f     0023fe4c 00000000 f0000000 0x6800fb7a
0a 0023feb8 00401c84     0023ff2c 00000000 00000000 0x77de7c8f
0b 0023fed8 004024e4     0023ff2c 000324a8 0023ff30 0x401c84
0c 0023ff78 0040124b     00000003 000324a8 00032a20 0x4024e4
0d 0023ffb0 00401298     00000001 00000009 0023fff0 0x40124b
0e 0023ffc0 7c817067     729029bc 01dcde82 7ffd9000 0x401298
0f 0023fff0 00000000     00401280 00000000 78746341 0x7c817067
[V18_1_RC4_PRGA_ENTRY]
eax=0025c144 ebx=00000000 ecx=7ffdf000 edx=0025c12c esi=0025c128 edi=0025c12c
eip=77dd8633 esp=0023fb10 ebp=0023fb2c iopl=0         nv up ei pl zr na pe nc
cs=001b  ss=0023  ds=0023  es=0023  fs=003b  gs=0000             efl=00000246
001b:77dd8633 53              push    ebx
[V18_1_EXEC_ID]
proc=<REDACTED> thread=<REDACTED> peb=<REDACTED> teb=<REDACTED> eip=77dd8633 esp=0023fb10 ebp=0023fb2c
ret=77dd8623 s_ptr=0025c144 len=00000000 out_ptr=0023fd3c arg10=77e462f8 eax=0025c144 ebx=00000000 ecx=7ffdf000 edx=0025c12c esi=0025c128 edi=0025c12c
[V18_1_PRGA_STATE_BEFORE_SIJ]
0025c144  6d b4 50 b2 d1 b0 03 30-d8 fa d0 96 74 18 6a 95  m.P....0....t.j.
0025c154  3a 55 c0 3b a2 b9 58 7d-15 24 5d 4a fe c1 45 01  :U.;..X}.$]J..E.
0025c164  a4 40 41 89 98 2b f1 88-1d 94 76 54 a8 63 a3 a7  .@A..+....vT.c..
0025c174  48 78 46 90 9d 39 d2 ed-79 0b 17 bd 70 21 35 e2  HxF..9..y...p!5.
0025c184  bb 09 20 64 ea dd 06 5c-83 1b 56 d5 68 dc 65 8e  .. d...\..V.h.e.
0025c194  0f b8 4b 29 7f 57 1f d4-e0 9a c8 e3 ec 69 16 25  ..K).W.......i.%
0025c1a4  be e9 5b 6b cb 19 a5 f5-db 3c b6 87 c6 71 3e 5e  ..[k.....<...q>^
0025c1b4  44 85 c5 b7 6c cc 08 0d-61 8d e1 d9 84 2c ae 9c  D...l...a....,..
0025c1c4  5f c2 38 28 49 34 d3 62-2e a0 9b f2 e7 ee f4 af  _.8(I4.b........
0025c1d4  67 75 99 31 26 0c bc f8-4e 7e cf 2f bf f7 ce 10  gu.1&...N~./....
0025c1e4  77 66 2d b3 da 7b 59 8a-8c c9 d7 a6 37 c4 02 e4  wf-..{Y.....7...
0025c1f4  3f e5 27 f6 fb 4f 47 a9-2a de aa 97 e6 00 5a ca  ?.'..OG.*.....Z.
0025c204  23 22 cd 11 fc ff 53 91-07 7a 4c 82 1e 60 3d 32  #"....S..zL..`=2
0025c214  f3 a1 33 df 13 04 0a 4d-c7 fd 36 1a 6e ab 80 d6  ..3....M..6.n...
0025c224  05 c3 7c 0e 14 81 9f 8b-1c 12 f0 ba 73 f9 b1 ad  ..|.........s...
0025c234  43 93 9e 42 86 92 52 e8-eb ef 72 8f b5 51 6f ac  C..B..R...r..Qo.
0025c244  00 00                                            ..
[V18_1_PRGA_OUTPUT_BEFORE]
0023fd3c  10 00 00 00 00 00 00 00-70 4b 25 00 40 fb 23 00  ........pK%.@.#.
0023fd4c  08 00 00 00 bd 1f 00 00-78 fd 23 00 66 d7 00 68  ........x.#.f..h
0023fd5c  a8 c2 25 00 88 c2 25 00-00 00 00 00 00 00 00 00  ..%...%.........
0023fd6c  bc fd 23 00 0a 00 00 00-00 00 00 00 cc fd 23 00  ..#...........#.
[V18_1_RC4_PRGA_RETURN]
eax=0025c244 ebx=00000000 ecx=00000000 edx=00000000 esi=0025c128 edi=0025c12c
eip=77dd8623 esp=0023fb20 ebp=0023fb2c iopl=0         nv up ei pl zr na pe nc
cs=001b  ss=0023  ds=0023  es=0023  fs=003b  gs=0000             efl=00000246
001b:77dd8623 011e            add     dword ptr [esi],ebx ds:0023:0025c128=00000000
[V18_1_EXEC_ID]
proc=<REDACTED> thread=<REDACTED> peb=<REDACTED> teb=<REDACTED> eip=77dd8623 esp=0023fb20 ebp=0023fb2c
eax=0025c244 ebx=00000000 ecx=00000000 edx=00000000 esi=0025c128 edi=0025c12c esp=0023fb20 ebp=0023fb2c saved_sys_out=0023fd3c saved_sys_len=00000014
[V18_1_PRGA_SYSFUNC_OUT_AT_RETURN]
0023fd3c  10 00 00 00 00 00 00 00-70 4b 25 00 40 fb 23 00  ........pK%.@.#.
0023fd4c  08 00 00 00 bd 1f 00 00-78 fd 23 00 66 d7 00 68  ........x.#.f..h
0023fd5c  a8 c2 25 00 88 c2 25 00-00 00 00 00 00 00 00 00  ..%...%.........
0023fd6c  bc fd 23 00 0a 00 00 00-00 00 00 00 cc fd 23 00  ..#...........#.
[V18_1_PRGA_STATE_AFTER_SIJ]
0025c144  6d b4 50 b2 d1 b0 03 30-d8 fa d0 96 74 18 6a 95  m.P....0....t.j.
0025c154  3a 55 c0 3b a2 b9 58 7d-15 24 5d 4a fe c1 45 01  :U.;..X}.$]J..E.
0025c164  a4 40 41 89 98 2b f1 88-1d 94 76 54 a8 63 a3 a7  .@A..+....vT.c..
0025c174  48 78 46 90 9d 39 d2 ed-79 0b 17 bd 70 21 35 e2  HxF..9..y...p!5.
0025c184  bb 09 20 64 ea dd 06 5c-83 1b 56 d5 68 dc 65 8e  .. d...\..V.h.e.
0025c194  0f b8 4b 29 7f 57 1f d4-e0 9a c8 e3 ec 69 16 25  ..K).W.......i.%
0025c1a4  be e9 5b 6b cb 19 a5 f5-db 3c b6 87 c6 71 3e 5e  ..[k.....<...q>^
0025c1b4  44 85 c5 b7 6c cc 08 0d-61 8d e1 d9 84 2c ae 9c  D...l...a....,..
0025c1c4  5f c2 38 28 49 34 d3 62-2e a0 9b f2 e7 ee f4 af  _.8(I4.b........
0025c1d4  67 75 99 31 26 0c bc f8-4e 7e cf 2f bf f7 ce 10  gu.1&...N~./....
0025c1e4  77 66 2d b3 da 7b 59 8a-8c c9 d7 a6 37 c4 02 e4  wf-..{Y.....7...
0025c1f4  3f e5 27 f6 fb 4f 47 a9-2a de aa 97 e6 00 5a ca  ?.'..OG.*.....Z.
0025c204  23 22 cd 11 fc ff 53 91-07 7a 4c 82 1e 60 3d 32  #"....S..zL..`=2
0025c214  f3 a1 33 df 13 04 0a 4d-c7 fd 36 1a 6e ab 80 d6  ..3....M..6.n...
0025c224  05 c3 7c 0e 14 81 9f 8b-1c 12 f0 ba 73 f9 b1 ad  ..|.........s...
0025c234  43 93 9e 42 86 92 52 e8-eb ef 72 8f b5 51 6f ac  C..B..R...r..Qo.
0025c244  00 00                                            ..
[V18_1_PRGA_OUTPUT_AFTER]
0023fd3c  10 00 00 00 00 00 00 00-70 4b 25 00 40 fb 23 00  ........pK%.@.#.
0023fd4c  08 00 00 00 bd 1f 00 00-78 fd 23 00 66 d7 00 68  ........x.#.f..h
0023fd5c  a8 c2 25 00 88 c2 25 00-00 00 00 00 00 00 00 00  ..%...%.........
0023fd6c  bc fd 23 00 0a 00 00 00-00 00 00 00 cc fd 23 00  ..#...........#.
[V18_1_PRGA_RETURN_CALLSTACK]
 # ChildEBP RetAddr      Args to Child              
WARNING: Frame IP not in any known module. Following frames may be wrong.
00 0023fb2c 77dd85d9     0025b920 00000007 00000000 0x77dd8623
01 0023fc6c 77dd8378     0023fd3c 0023fc80 0023fcc0 0x77dd85d9
02 0023fc84 77dd833b     00000000 0023fd3c 00000014 0x77dd8378
03 0023fca4 77dd82e3     0023fcc0 0023fd3c 00000014 0x77dd833b
04 0023fcd0 77dd82a6     00000000 00000000 0023fd3c 0x77dd82e3
05 0023fce8 6800d69e     0023fd3c 00000014 f0000000 0x77dd82a6
06 0023fd54 6800d766     0025c2a8 0025c288 00000000 0x6800d69e
07 0023fd78 6800fac7     0025c3b4 0025c2a8 0025c288 0x6800d766
08 0023fdcc 6800fb7a     00000000 f0000000 0023fe04 0x6800fac7
09 0023fdf0 77de7c8f     0023fe4c 00000000 f0000000 0x6800fb7a
0a 0023feb8 00401c84     0023ff2c 00000000 00000000 0x77de7c8f
0b 0023fed8 004024e4     0023ff2c 000324a8 0023ff30 0x401c84
0c 0023ff78 0040124b     00000003 000324a8 00032a20 0x4024e4
0d 0023ffb0 00401298     00000001 00000009 0023fff0 0x40124b
0e 0023ffc0 7c817067     729029bc 01dcde82 7ffd9000 0x401298
0f 0023fff0 00000000     00401280 00000000 78746341 0x7c817067
[V18_1_ADVAPI_IOCTL_AFTER_C2]
eax=00000001 ebx=00000100 ecx=7c801698 edx=7c90e4f4 esi=0023fc80 edi=00000000
eip=77dd9549 esp=0023faf8 ebp=0023fb2c iopl=0         nv up ei pl nz na po nc
cs=001b  ss=0023  ds=0023  es=0023  fs=003b  gs=0000             efl=00000202
001b:77dd9549 5f              pop     edi
[V18_1_EXEC_ID]
proc=<REDACTED> thread=<REDACTED> peb=<REDACTED> teb=<REDACTED> eip=77dd9549 esp=0023faf8 ebp=0023fb2c
ioctl_outbuf=0023fb68 ioctl_outlen=00000100 bytesret_ptr=0023fb60 ioctl_inbuf=77e46318 ioctl_inlen=00000100 esp=0023faf8 ebp=0023fb2c eax=00000001
[V18_1_IOCTL_OUTBUF_100]
0023fb68  d5 41 76 46 16 67 47 fa-88 da 02 76 e3 c2 cc 16  .AvF.gG....v....
0023fb78  b7 bc ff 72 0f 14 2d 95-86 39 7f 99 87 b3 a6 f3  ...r..-..9......
0023fb88  23 7a 65 7e 3d 0a e1 63-cc fd 91 bb 6e 7e 26 23  #ze~=..c....n~&#
0023fb98  c6 78 81 e4 7c d5 63 73-61 f2 e6 5d a7 d0 95 49  .x..|.csa..]...I
0023fba8  5c 66 87 96 e1 60 0e 03-b3 16 f8 52 51 6c 74 9d  \f...`.....RQlt.
0023fbb8  0c 6c d4 73 9c 73 99 a5-b8 7e e4 43 0d df 56 b1  .l.s.s...~.C..V.
0023fbc8  67 f2 b8 31 9e 89 cf fd-ff ab 4a 30 e7 7b 09 a4  g..1......J0.{..
0023fbd8  53 34 c3 24 10 58 13 07-c0 93 d1 83 bd 8d 4d cb  S4.$.X........M.
0023fbe8  25 71 5a 37 35 99 ef c0-5a 53 6e c2 e0 79 57 e3  %qZ75...ZSn..yW.
0023fbf8  97 e8 e2 29 ed 6c 07 e7-f3 9b 50 1c 17 09 b4 30  ...).l....P....0
0023fc08  6f 7c 3c 75 8c 05 1b 09-1a 0f 7b d6 a6 0c 3e 09  o|<u......{...>.
0023fc18  ca 56 af 9a 94 60 05 7a-5d b2 4d 2b 97 ed 73 29  .V...`.z].M+..s)
0023fc28  26 bb 6e 23 d0 b1 f1 e0-f0 a0 d2 bd e1 84 15 d1  &.n#............
0023fc38  a7 8b 72 96 b5 ca 4c 5a-48 bb be fc 70 d8 38 3e  ..r...LZH...p.8>
0023fc48  7d cd 9c 9b 75 d6 35 b2-4e 9d 0b f6 b0 59 4f 0b  }...u.5.N....YO.
0023fc58  46 6a e0 c5 15 62 91 b1-6f 66 51 dd 9b eb 6d 3e  Fj...b..ofQ...m>
[V18_1_IOCTL_INBUF_100]
77e46318  59 ca 1e 7a f9 c2 7a 3a-2d 41 80 fd c8 dd 19 c6  Y..z..z:-A......
77e46328  fb d7 b4 5d 2c 74 68 fb-d7 b4 5d 2c 74 68 fb d7  ...],th...],th..
77e46338  b4 5d 2c 74 68 fb d7 b4-5d 2c 74 68 fb d7 b4 5d  .],th...],th...]
77e46348  2c 74 68 fb d7 b4 5d 2c-d4 74 f9 83 a6 85 80 bf  ,th...],.t......
77e46358  56 00 00 00 00 00 00 00-00 00 00 00 00 00 00 00  V...............
77e46368  00 00 00 00 00 00 00 00-00 00 00 00 00 00 00 00  ................
77e46378  00 00 00 00 00 00 00 00-00 00 00 00 00 00 00 00  ................
77e46388  00 00 00 00 00 00 00 00-00 00 00 00 00 00 00 00  ................
77e46398  00 00 00 00 00 00 00 00-00 00 00 00 00 00 00 00  ................
77e463a8  00 00 00 00 00 00 00 00-00 00 00 00 00 00 00 00  ................
77e463b8  00 00 00 00 00 00 00 00-00 00 00 00 00 00 00 00  ................
77e463c8  00 00 00 00 00 00 00 00-00 00 00 00 00 00 00 00  ................
77e463d8  00 00 00 00 00 00 00 00-00 00 00 00 00 00 00 00  ................
77e463e8  00 00 00 00 00 00 00 00-00 00 00 00 00 00 00 00  ................
77e463f8  00 00 00 00 00 00 00 00-00 00 00 00 00 00 00 00  ................
77e46408  00 00 00 00 00 00 00 00-00 00 00 00 00 00 00 00  ................
[V18_1_IOCTL_STACK]
0023fad8  000007c4 00390008 77e46318 00000100
0023fae8  0023fb68 00000100 0023fb60 00000000
0023faf8  77e462f8 0023fc80 00000000 00000000
0023fb08  00000000 54021ca0 6bacd812 a683f922
0023fb18  56bf8085 0025c12c 77e462f8 0023fc80
0023fb28  000007c4 0023fc6c 77dd8443 77e46318
0023fb38  00000100 0023fb68 0023fb60 00000000
0023fb48  00000000 00000000 77e46318 0023fd3c
0023fb58  00000100 00000000 00000100 00004000
0023fb68  467641d5 fa476716 7602da88 16ccc2e3
0023fb78  72ffbcb7 952d140f 997f3986 f3a6b387
0023fb88  7e657a23 63e10a3d bb91fdcc 23267e6e
0023fb98  e48178c6 7363d57c 5de6f261 4995d0a7
0023fba8  9687665c 030e60e1 52f816b3 9d746c51
0023fbb8  73d46c0c a599739c 43e47eb8 b156df0d
0023fbc8  31b8f267 fdcf899e 304aabff a4097be7
0023fbd8  24c33453 07135810 83d193c0 cb4d8dbd
0023fbe8  375a7125 c0ef9935 c26e535a e35779e0
0023fbf8  29e2e897 e7076ced 1c509bf3 30b40917
0023fc08  753c7c6f 091b058c d67b0f1a 093e0ca6
0023fc18  9aaf56ca 7a056094 2b4db25d 2973ed97
0023fc28  236ebb26 e0f1b1d0 bdd2a0f0 d11584e1
0023fc38  96728ba7 5a4ccab5 fcbebb48 3e38d870
0023fc48  9b9ccd7d b235d675 f60b9d4e 0b4f59b0
0023fc58  c5e06a46 b1916215 dd51666f 3e6deb9b
0023fc68  0000f8f4 0023fc84 77dd8378 0023fd3c
0023fc78  0023fc80 0023fcc0 00000014 0023fca4
0023fc88  77dd833b 00000000 0023fd3c 00000014
0023fc98  0023fcd0 00000000 00000000 0023fcd0
0023fca8  77dd82e3 0023fcc0 0023fd3c 00000014
0023fcb8  0000000a 00000000 00000010 00000000
0023fcc8  00000000 00000000 0023fce8 77dd82a6
[V18_1_IOCTL_CALLSTACK]
 # ChildEBP RetAddr      Args to Child              
WARNING: Frame IP not in any known module. Following frames may be wrong.
00 0023fb2c 77dd8443     77e46318 00000100 0023fb68 0x77dd9549
01 0023fc6c 77dd8378     0023fd3c 0023fc80 0023fcc0 0x77dd8443
02 0023fc84 77dd833b     00000000 0023fd3c 00000014 0x77dd8378
03 0023fca4 77dd82e3     0023fcc0 0023fd3c 00000014 0x77dd833b
04 0023fcd0 77dd82a6     00000000 00000000 0023fd3c 0x77dd82e3
05 0023fce8 6800d69e     0023fd3c 00000014 f0000000 0x77dd82a6
06 0023fd54 6800d766     0025c2a8 0025c288 00000000 0x6800d69e
07 0023fd78 6800fac7     0025c3b4 0025c2a8 0025c288 0x6800d766
08 0023fdcc 6800fb7a     00000000 f0000000 0023fe04 0x6800fac7
09 0023fdf0 77de7c8f     0023fe4c 00000000 f0000000 0x6800fb7a
0a 0023feb8 00401c84     0023ff2c 00000000 00000000 0x77de7c8f
0b 0023fed8 004024e4     0023ff2c 000324a8 0023ff30 0x401c84
0c 0023ff78 0040124b     00000003 000324a8 00032a20 0x4024e4
0d 0023ffb0 00401298     00000001 00000009 0023fff0 0x40124b
0e 0023ffc0 7c817067     729029bc 01dcde82 7ffd9000 0x401298
0f 0023fff0 00000000     00401280 00000000 78746341 0x7c817067
[V18_1_RC4_PRGA_ENTRY]
eax=0025b964 ebx=00000000 ecx=7ffdf000 edx=0025b94c esi=0025b948 edi=0025b94c
eip=77dd8633 esp=0023fb10 ebp=0023fb2c iopl=0         nv up ei pl zr na pe nc
cs=001b  ss=0023  ds=0023  es=0023  fs=003b  gs=0000             efl=00000246
001b:77dd8633 53              push    ebx
[V18_1_EXEC_ID]
proc=<REDACTED> thread=<REDACTED> peb=<REDACTED> teb=<REDACTED> eip=77dd8633 esp=0023fb10 ebp=0023fb2c
ret=77dd8623 s_ptr=0025b964 len=00000000 out_ptr=0023fd3c arg10=77e462f8 eax=0025b964 ebx=00000000 ecx=7ffdf000 edx=0025b94c esi=0025b948 edi=0025b94c
[V18_1_PRGA_STATE_BEFORE_SIJ]
0025b964  96 17 0d cf 6e 5e 36 ac-3c 1f 0e f6 76 6a 0f 69  ....n^6.<...vj.i
0025b974  bd fd fb bb b6 df e3 a1-3d c1 f8 42 98 cb 2c 28  ........=..B..,(
0025b984  ff ab 23 81 83 b2 b9 43-57 3b 54 be 9a b1 49 26  ..#....CW;T...I&
0025b994  71 87 dd 7f 6c 34 7d 85-1a 58 a0 5c 91 4f d6 4b  q...l4}..X.\.O.K
0025b9a4  73 7a 50 5a 2b af d8 d3-48 c9 a2 05 63 02 64 09  szPZ+...H...c.d.
0025b9b4  52 80 20 1d 3f 04 a3 5b-45 86 3a c0 aa e6 7b 8b  R. .?..[E.:...{.
0025b9c4  e9 a5 7e ce 35 07 bc 00-f1 77 8f 60 61 8d 66 b8  ..~.5....w.`a.f.
0025b9d4  da 1e 8e f3 13 bf 9b 2f-c2 e5 d0 9d f4 4c 01 59  ......./.....L.Y
0025b9e4  32 03 b4 38 a6 ad 0b c6-19 a8 5f 06 1c 0a 25 9c  2..8......_...%.
0025b9f4  c8 65 79 14 95 ca ef 37-e2 27 4a 8a 82 f9 51 b7  .ey....7.'J...Q.
0025ba04  40 6f 74 fe e7 11 2d 99-55 fc 3e 12 e4 ec 16 a4  @ot...-.U.>.....
0025ba14  b3 ba a9 f7 ee 46 f2 eb-2e c5 1b 88 d9 78 33 24  .....F.......x3$
0025ba24  62 db 30 84 f5 0c 41 b0-c3 2a cc ed f0 53 dc b5  b.0...A..*...S..
0025ba34  d4 29 de 4d 92 e1 18 39-56 10 e8 70 97 cd d5 c4  .).M...9V..p....
0025ba44  21 31 9f d1 7c a7 08 90-ea 75 d7 c7 e0 68 67 d2  !1..|....u...hg.
0025ba54  9e 15 93 72 6d 89 5d ae-47 8c 4e 44 fa 94 22 6b  ...rm.].G.ND.."k
0025ba64  00 00                                            ..
[V18_1_PRGA_OUTPUT_BEFORE]
0023fd3c  10 00 00 00 00 00 00 00-70 4b 25 00 40 fb 23 00  ........pK%.@.#.
0023fd4c  08 00 00 00 bd 1f 00 00-78 fd 23 00 66 d7 00 68  ........x.#.f..h
0023fd5c  a8 c2 25 00 88 c2 25 00-00 00 00 00 00 00 00 00  ..%...%.........
0023fd6c  bc fd 23 00 0a 00 00 00-00 00 00 00 cc fd 23 00  ..#...........#.
[V18_1_RC4_PRGA_RETURN]
eax=0025ba64 ebx=00000000 ecx=00000000 edx=00000000 esi=0025b948 edi=0025b94c
eip=77dd8623 esp=0023fb20 ebp=0023fb2c iopl=0         nv up ei pl zr na pe nc
cs=001b  ss=0023  ds=0023  es=0023  fs=003b  gs=0000             efl=00000246
001b:77dd8623 011e            add     dword ptr [esi],ebx ds:0023:0025b948=00000000
[V18_1_EXEC_ID]
proc=<REDACTED> thread=<REDACTED> peb=<REDACTED> teb=<REDACTED> eip=77dd8623 esp=0023fb20 ebp=0023fb2c
eax=0025ba64 ebx=00000000 ecx=00000000 edx=00000000 esi=0025b948 edi=0025b94c esp=0023fb20 ebp=0023fb2c saved_sys_out=0023fd3c saved_sys_len=00000014
[V18_1_PRGA_SYSFUNC_OUT_AT_RETURN]
0023fd3c  10 00 00 00 00 00 00 00-70 4b 25 00 40 fb 23 00  ........pK%.@.#.
0023fd4c  08 00 00 00 bd 1f 00 00-78 fd 23 00 66 d7 00 68  ........x.#.f..h
0023fd5c  a8 c2 25 00 88 c2 25 00-00 00 00 00 00 00 00 00  ..%...%.........
0023fd6c  bc fd 23 00 0a 00 00 00-00 00 00 00 cc fd 23 00  ..#...........#.
[V18_1_PRGA_STATE_AFTER_SIJ]
0025b964  96 17 0d cf 6e 5e 36 ac-3c 1f 0e f6 76 6a 0f 69  ....n^6.<...vj.i
0025b974  bd fd fb bb b6 df e3 a1-3d c1 f8 42 98 cb 2c 28  ........=..B..,(
0025b984  ff ab 23 81 83 b2 b9 43-57 3b 54 be 9a b1 49 26  ..#....CW;T...I&
0025b994  71 87 dd 7f 6c 34 7d 85-1a 58 a0 5c 91 4f d6 4b  q...l4}..X.\.O.K
0025b9a4  73 7a 50 5a 2b af d8 d3-48 c9 a2 05 63 02 64 09  szPZ+...H...c.d.
0025b9b4  52 80 20 1d 3f 04 a3 5b-45 86 3a c0 aa e6 7b 8b  R. .?..[E.:...{.
0025b9c4  e9 a5 7e ce 35 07 bc 00-f1 77 8f 60 61 8d 66 b8  ..~.5....w.`a.f.
0025b9d4  da 1e 8e f3 13 bf 9b 2f-c2 e5 d0 9d f4 4c 01 59  ......./.....L.Y
0025b9e4  32 03 b4 38 a6 ad 0b c6-19 a8 5f 06 1c 0a 25 9c  2..8......_...%.
0025b9f4  c8 65 79 14 95 ca ef 37-e2 27 4a 8a 82 f9 51 b7  .ey....7.'J...Q.
0025ba04  40 6f 74 fe e7 11 2d 99-55 fc 3e 12 e4 ec 16 a4  @ot...-.U.>.....
0025ba14  b3 ba a9 f7 ee 46 f2 eb-2e c5 1b 88 d9 78 33 24  .....F.......x3$
0025ba24  62 db 30 84 f5 0c 41 b0-c3 2a cc ed f0 53 dc b5  b.0...A..*...S..
0025ba34  d4 29 de 4d 92 e1 18 39-56 10 e8 70 97 cd d5 c4  .).M...9V..p....
0025ba44  21 31 9f d1 7c a7 08 90-ea 75 d7 c7 e0 68 67 d2  !1..|....u...hg.
0025ba54  9e 15 93 72 6d 89 5d ae-47 8c 4e 44 fa 94 22 6b  ...rm.].G.ND.."k
0025ba64  00 00                                            ..
[V18_1_PRGA_OUTPUT_AFTER]
0023fd3c  10 00 00 00 00 00 00 00-70 4b 25 00 40 fb 23 00  ........pK%.@.#.
0023fd4c  08 00 00 00 bd 1f 00 00-78 fd 23 00 66 d7 00 68  ........x.#.f..h
0023fd5c  a8 c2 25 00 88 c2 25 00-00 00 00 00 00 00 00 00  ..%...%.........
0023fd6c  bc fd 23 00 0a 00 00 00-00 00 00 00 cc fd 23 00  ..#...........#.
[V18_1_PRGA_RETURN_CALLSTACK]
 # ChildEBP RetAddr      Args to Child              
WARNING: Frame IP not in any known module. Following frames may be wrong.
00 0023fb2c 77dd85d9     0025b920 00000000 00000000 0x77dd8623
01 0023fc6c 77dd8378     0023fd3c 0023fc80 0023fcc0 0x77dd85d9
02 0023fc84 77dd833b     00000000 0023fd3c 00000014 0x77dd8378
03 0023fca4 77dd82e3     0023fcc0 0023fd3c 00000014 0x77dd833b
04 0023fcd0 77dd82a6     00000000 00000000 0023fd3c 0x77dd82e3
05 0023fce8 6800d69e     0023fd3c 00000014 f0000000 0x77dd82a6
06 0023fd54 6800d766     0025c2a8 0025c288 00000000 0x6800d69e
07 0023fd78 6800fac7     0025c3b4 0025c2a8 0025c288 0x6800d766
08 0023fdcc 6800fb7a     00000000 f0000000 0023fe04 0x6800fac7
09 0023fdf0 77de7c8f     0023fe4c 00000000 f0000000 0x6800fb7a
0a 0023feb8 00401c84     0023ff2c 00000000 00000000 0x77de7c8f
0b 0023fed8 004024e4     0023ff2c 000324a8 0023ff30 0x401c84
0c 0023ff78 0040124b     00000003 000324a8 00032a20 0x4024e4
0d 0023ffb0 00401298     00000001 00000009 0023fff0 0x40124b
0e 0023ffc0 7c817067     729029bc 01dcde82 7ffd9000 0x401298
0f 0023fff0 00000000     00401280 00000000 78746341 0x7c817067
[V18_1_RC4_PRGA_ENTRY]
eax=0025ba84 ebx=00000014 ecx=7ffdf000 edx=0025ba6c esi=0025ba68 edi=0025ba6c
eip=77dd8633 esp=0023fb10 ebp=0023fb2c iopl=0         nv up ei pl zr na pe nc
cs=001b  ss=0023  ds=0023  es=0023  fs=003b  gs=0000             efl=00000246
001b:77dd8633 53              push    ebx
[V18_1_EXEC_ID]
proc=<REDACTED> thread=<REDACTED> peb=<REDACTED> teb=<REDACTED> eip=77dd8633 esp=0023fb10 ebp=0023fb2c
ret=77dd8623 s_ptr=0025ba84 len=00000014 out_ptr=0023fd3c arg10=77e462f8 eax=0025ba84 ebx=00000014 ecx=7ffdf000 edx=0025ba6c esi=0025ba68 edi=0025ba6c
[V18_1_PRGA_STATE_BEFORE_SIJ]
0025ba84  12 5a 50 cb f9 74 a4 ff-49 1a e9 94 1d 68 ab 67  .ZP..t..I....h.g
0025ba94  b7 08 c3 2a 70 91 75 17-c2 18 d3 85 a8 b0 4a 35  ...*p.u.......J5
0025baa4  46 c8 4d 9c 19 8d dc b9-83 41 21 26 f8 15 34 bd  F.M......A!&..4.
0025bab4  b2 9e 6a f1 73 27 37 e6-e2 2e 4f 82 bc cd 5c 47  ..j.s'7...O...\G
0025bac4  a0 4c 48 f5 93 78 7e 71-9b 39 11 0b 25 a7 cc 77  .LH..x~q.9..%..w
0025bad4  42 63 aa c9 db 36 57 32-ad 43 06 92 8a af 3f a3  Bc...6W2.C....?.
0025bae4  80 6e 56 fa 9d f2 02 95-09 1f a9 29 3b c4 9a 1b  .nV........);...
0025baf4  10 7b 00 ed 7d 96 ef 99-fb 28 be fc 5f 44 98 de  .{..}....(.._D..
0025bb04  6f 5b 1e 66 d0 fe 97 e1-e7 07 89 e4 d9 58 d6 84  o[.f.........X..
0025bb14  51 3c 7c 0f f4 72 5d 8e-76 da c0 03 61 ec cf 52  Q<|..r].v...a..R
0025bb24  4b a5 b4 5e 2f 05 6c e3-e0 2d 0c 69 6b 4e 45 81  K..^/.l..-.ikNE.
0025bb34  14 8b 3d 90 55 b5 2b c7-24 13 f0 88 d8 a1 a2 30  ..=.U.+.$......0
0025bb44  ac e5 86 d2 33 d1 01 ea-9f f7 e8 c5 ca 7a 0a d5  ....3........z..
0025bb54  54 87 bb 8c df c1 b1 ce-6d b3 0d dd bf f6 ee 04  T.......m.......
0025bb64  22 8f 2c 0e 38 16 62 53-79 3e d7 23 c6 fd 40 ae  ".,.8.bSy>.#..@.
0025bb74  59 eb 20 31 b8 1c ba f3-3a 7f 64 d4 b6 65 a6 60  Y. 1....:.d..e.`
0025bb84  14 f9                                            ..
[V18_1_PRGA_OUTPUT_BEFORE]
0023fd3c  10 00 00 00 00 00 00 00-70 4b 25 00 40 fb 23 00  ........pK%.@.#.
0023fd4c  08 00 00 00 bd 1f 00 00-78 fd 23 00 66 d7 00 68  ........x.#.f..h
0023fd5c  a8 c2 25 00 88 c2 25 00-00 00 00 00 00 00 00 00  ..%...%.........
0023fd6c  bc fd 23 00 0a 00 00 00-00 00 00 00 cc fd 23 00  ..#...........#.
[V18_1_RC4_PRGA_RETURN]
eax=0025bb84 ebx=00000014 ecx=00000028 edx=000000d4 esi=0025ba68 edi=0025ba6c
eip=77dd8623 esp=0023fb20 ebp=0023fb2c iopl=0         nv up ei pl zr na pe nc
cs=001b  ss=0023  ds=0023  es=0023  fs=003b  gs=0000             efl=00000246
001b:77dd8623 011e            add     dword ptr [esi],ebx ds:0023:0025ba68=00000014
[V18_1_EXEC_ID]
proc=<REDACTED> thread=<REDACTED> peb=<REDACTED> teb=<REDACTED> eip=77dd8623 esp=0023fb20 ebp=0023fb2c
eax=0025bb84 ebx=00000014 ecx=00000028 edx=000000d4 esi=0025ba68 edi=0025ba6c esp=0023fb20 ebp=0023fb2c saved_sys_out=0023fd3c saved_sys_len=00000014
[V18_1_PRGA_SYSFUNC_OUT_AT_RETURN]
0023fd3c  c3 c1 99 bd 7b 05 46 ac-a4 83 8c e2 b6 6f b3 b1  ....{.F......o..
0023fd4c  4e aa 18 56 bd 1f 00 00-78 fd 23 00 66 d7 00 68  N..V....x.#.f..h
0023fd5c  a8 c2 25 00 88 c2 25 00-00 00 00 00 00 00 00 00  ..%...%.........
0023fd6c  bc fd 23 00 0a 00 00 00-00 00 00 00 cc fd 23 00  ..#...........#.
[V18_1_PRGA_STATE_AFTER_SIJ]
0025ba84  12 5a 50 cb f9 74 a4 ff-49 1a e9 94 1d 68 ab 67  .ZP..t..I....h.g
0025ba94  b7 08 c3 2a 70 89 9c 60-6d 59 d2 9b 18 4b d7 35  ...*p..`mY...K.5
0025baa4  f2 15 be 17 bd d8 76 63-df 41 21 26 f8 c8 34 19  ......vc.A!&..4.
0025bab4  b2 9e 6a f1 73 27 37 e6-e2 2e 4f 82 bc cd 5c 47  ..j.s'7...O...\G
0025bac4  a0 4c 48 f5 93 78 7e 71-85 39 11 0b 25 a7 cc 77  .LH..x~q.9..%..w
0025bad4  42 b9 aa c9 db 36 57 32-ad 43 06 92 8a af 3f a3  B....6W2.C....?.
0025bae4  80 6e 56 fa 9d 46 02 95-09 1f a9 29 3b c4 9a 1b  .nV..F.....);...
0025baf4  10 7b 00 ed 7d 96 ef 99-fb 28 4d fc 5f 44 98 de  .{..}....(M._D..
0025bb04  6f 5b 1e 66 d0 fe 97 e1-e7 07 91 e4 d9 58 d6 84  o[.f.........X..
0025bb14  51 3c 7c 0f f4 72 5d 8e-dc da c0 03 61 ec cf 52  Q<|..r].....a..R
0025bb24  b0 a5 b4 5e 2f 05 6c e3-e0 2d 0c 69 6b 4e 45 81  ...^/.l..-.ikNE.
0025bb34  14 8b 3d 90 55 b5 2b c7-24 13 f0 88 8d a1 a2 30  ..=.U.+.$......0
0025bb44  ac e5 86 d3 33 d1 01 ea-9f f7 e8 c5 ca 7a 0a d5  ....3........z..
0025bb54  54 87 bb 8c 83 c1 b1 ce-c2 b3 0d dd bf f6 ee 04  T...............
0025bb64  22 8f 2c 0e 38 16 62 53-79 3e 4a 23 c6 fd 40 ae  ".,.8.bSy>J#..@.
0025bb74  a8 eb 20 31 b8 1c ba f3-3a 7f 64 d4 b6 65 a6 75  .. 1....:.d..e.u
0025bb84  28 d4                                            (.
[V18_1_PRGA_OUTPUT_AFTER]
0023fd3c  c3 c1 99 bd 7b 05 46 ac-a4 83 8c e2 b6 6f b3 b1  ....{.F......o..
0023fd4c  4e aa 18 56 bd 1f 00 00-78 fd 23 00 66 d7 00 68  N..V....x.#.f..h
0023fd5c  a8 c2 25 00 88 c2 25 00-00 00 00 00 00 00 00 00  ..%...%.........
0023fd6c  bc fd 23 00 0a 00 00 00-00 00 00 00 cc fd 23 00  ..#...........#.
[V18_1_PRGA_RETURN_CALLSTACK]
 # ChildEBP RetAddr      Args to Child              
WARNING: Frame IP not in any known module. Following frames may be wrong.
00 0023fb2c 77dd85d9     0025b920 00000001 00000014 0x77dd8623
01 0023fc6c 77dd8378     0023fd3c 0023fc80 0023fcc0 0x77dd85d9
02 0023fc84 77dd833b     00000000 0023fd3c 00000014 0x77dd8378
03 0023fca4 77dd82e3     0023fcc0 0023fd3c 00000014 0x77dd833b
04 0023fcd0 77dd82a6     00000000 00000000 0023fd3c 0x77dd82e3
05 0023fce8 6800d69e     0023fd3c 00000014 f0000000 0x77dd82a6
06 0023fd54 6800d766     0025c2a8 0025c288 00000000 0x6800d69e
07 0023fd78 6800fac7     0025c3b4 0025c2a8 0025c288 0x6800d766
08 0023fdcc 6800fb7a     00000000 f0000000 0023fe04 0x6800fac7
09 0023fdf0 77de7c8f     0023fe4c 00000000 f0000000 0x6800fb7a
0a 0023feb8 00401c84     0023ff2c 00000000 00000000 0x77de7c8f
0b 0023fed8 004024e4     0023ff2c 000324a8 0023ff30 0x401c84
0c 0023ff78 0040124b     00000003 000324a8 00032a20 0x4024e4
0d 0023ffb0 00401298     00000001 00000009 0023fff0 0x40124b
0e 0023ffc0 7c817067     729029bc 01dcde82 7ffd9000 0x401298
0f 0023fff0 00000000     00401280 00000000 78746341 0x7c817067
[V18_1_SYSTEMFUNCTION036_RETURN]
eax=00000001 ebx=00000000 ecx=0000f8f4 edx=0025ba6c esi=00000000 edi=0000000a
eip=77dd82a6 esp=0023fce8 ebp=0023fce8 iopl=0         nv up ei pl zr na pe nc
cs=001b  ss=0023  ds=0023  es=0023  fs=003b  gs=0000             efl=00000246
001b:77dd82a6 5d              pop     ebp
[V18_1_EXEC_ID]
proc=<REDACTED> thread=<REDACTED> peb=<REDACTED> teb=<REDACTED> eip=77dd82a6 esp=0023fce8 ebp=0023fce8
eax=00000001 saved_out_t8=0023fd3c saved_len_t9=00000014 esp=0023fce8 ebp=0023fce8
[V18_1_SYSFUNC_OUT_AFTER]
0023fd3c  c3 c1 99 bd 7b 05 46 ac-a4 83 8c e2 b6 6f b3 b1  ....{.F......o..
0023fd4c  4e aa 18 56 bd 1f 00 00-78 fd 23 00 66 d7 00 68  N..V....x.#.f..h
0023fd5c  a8 c2 25 00 88 c2 25 00-00 00 00 00 00 00 00 00  ..%...%.........
0023fd6c  bc fd 23 00 0a 00 00 00-00 00 00 00 cc fd 23 00  ..#...........#.
[V18_1_SYSFUNC_RETURN_CALLSTACK]
 # ChildEBP RetAddr      Args to Child              
WARNING: Frame IP not in any known module. Following frames may be wrong.
00 0023fce8 6800d69e     0023fd3c 00000014 f0000000 0x77dd82a6
01 0023fd54 6800d766     0025c2a8 0025c288 00000000 0x6800d69e
02 0023fd78 6800fac7     0025c3b4 0025c2a8 0025c288 0x6800d766
03 0023fdcc 6800fb7a     00000000 f0000000 0023fe04 0x6800fac7
04 0023fdf0 77de7c8f     0023fe4c 00000000 f0000000 0x6800fb7a
05 0023feb8 00401c84     0023ff2c 00000000 00000000 0x77de7c8f
06 0023fed8 004024e4     0023ff2c 000324a8 0023ff30 0x401c84
07 0023ff78 0040124b     00000003 000324a8 00032a20 0x4024e4
08 0023ffb0 00401298     00000001 00000009 0023fff0 0x40124b
09 0023ffc0 7c817067     729029bc 01dcde82 7ffd9000 0x401298
0a 0023fff0 00000000     00401280 00000000 78746341 0x7c817067
[V18_1_SYSTEMFUNCTION036_ENTRY]
eax=0023fca8 ebx=00000000 ecx=0025c288 edx=77c61b78 esi=00000000 edi=00000014
eip=77dd8292 esp=0023fc58 ebp=0023fcc0 iopl=0         nv up ei pl nz ac pe nc
cs=001b  ss=0023  ds=0023  es=0023  fs=003b  gs=0000             efl=00000216
001b:77dd8292 8bff            mov     edi,edi
[V18_1_EXEC_ID]
proc=<REDACTED> thread=<REDACTED> peb=<REDACTED> teb=<REDACTED> eip=77dd8292 esp=0023fc58 ebp=0023fcc0
ret=6800d69e out_ptr=0023fca8 len=00000014 saved_out_t8=0023fca8 saved_len_t9=00000014
[V18_1_SYSFUNC_OUT_BEFORE]
0023fca8  ff ff ff ff ad 03 c3 77-b2 ed c3 77 01 00 00 00  .......w...w....
0023fcb8  28 38 03 00 bd 1f 00 00-e4 fc 23 00 da d7 00 68  (8........#....h
0023fcc8  a8 c2 25 00 88 c2 25 00-00 00 00 00 00 00 00 00  ..%...%.........
0023fcd8  a0 fd 23 00 20 00 00 00-00 00 00 00 28 fd 23 00  ..#. .......(.#.
[V18_1_SYSFUNC_ENTRY_STACK]
0023fc58  6800d69e 0023fca8 00000014 00000000
0023fc68  0025abf0 7ffd9000 00000000 00000000
0023fc78  0023fda0 00000020 77c303ad 00000028
0023fc88  77c5fca0 00000000 00000028 0023fc84
0023fc98  00000000 0023fd18 77c35c94 77c12580
0023fca8  ffffffff 77c303ad 77c3edb2 00000001
0023fcb8  00033828 00001fbd 0023fce4 6800d7da
0023fcc8  0025c2a8 0025c288 00000000 00000000
0023fcd8  0023fda0 00000020 00000000 0023fd28
0023fce8  77dfb401 e37f5c84 00000020 0023fda0
0023fcf8  729029bc 01dcde82 7ffd9000 00000000
0023fd08  0025abf0 00000001 0023fcf8 6bea004a
[V18_1_SYSFUNC_ENTRY_CALLSTACK]
 # ChildEBP RetAddr      Args to Child              
WARNING: Frame IP not in any known module. Following frames may be wrong.
00 0023fc54 6800d69e     0023fca8 00000014 00000000 0x77dd8292
01 0023fcc0 6800d7da     0025c2a8 0025c288 00000000 0x6800d69e
02 0023fce4 77dfb401     e37f5c84 00000020 0023fda0 0x6800d7da
03 0023fd28 00401d2e     0025abf0 00000020 0023fda0 0x77dfb401
04 0023fea8 00401e72     0025abf0 0040476a 00000000 0x401d2e
05 0023fed8 00402506     0025abf0 0023ff30 0023ff30 0x401e72
06 0023ff78 0040124b     00000003 000324a8 00032a20 0x402506
07 0023ffb0 00401298     00000001 00000009 0023fff0 0x40124b
08 0023ffc0 7c817067     729029bc 01dcde82 7ffd9000 0x401298
09 0023fff0 00000000     00401280 00000000 78746341 0x7c817067
[V18_1_RC4_PRGA_ENTRY]
eax=0025bba4 ebx=00000014 ecx=7ffdf000 edx=0025bb8c esi=0025bb88 edi=0025bb8c
eip=77dd8633 esp=0023fa7c ebp=0023fa98 iopl=0         nv up ei pl zr na pe nc
cs=001b  ss=0023  ds=0023  es=0023  fs=003b  gs=0000             efl=00000246
001b:77dd8633 53              push    ebx
[V18_1_EXEC_ID]
proc=<REDACTED> thread=<REDACTED> peb=<REDACTED> teb=<REDACTED> eip=77dd8633 esp=0023fa7c ebp=0023fa98
ret=77dd8623 s_ptr=0025bba4 len=00000014 out_ptr=0023fca8 arg10=77e462f8 eax=0025bba4 ebx=00000014 ecx=7ffdf000 edx=0025bb8c esi=0025bb88 edi=0025bb8c
[V18_1_PRGA_STATE_BEFORE_SIJ]
0025bba4  78 3b 31 61 9d 1e 4c 36-af 82 d6 0a 00 da bb 51  x;1a..L6.......Q
0025bbb4  c1 3e 6d 01 69 06 48 5f-90 f7 21 02 10 0e 5a 74  .>m.i.H_..!...Zt
0025bbc4  22 fd fa 96 33 18 52 5e-a3 15 a5 ae cf 03 81 94  "...3.R^........
0025bbd4  97 25 a2 d7 0f 4a 2b 28-8e c5 6c 05 8c 66 73 46  .%...J+(..l..fsF
0025bbe4  a6 fc a0 9b ad e6 b8 63-a9 f8 1a b2 e0 89 f1 47  .......c.......G
0025bbf4  5b a8 5c 62 5d 2d 07 6b-26 4d 20 87 aa bf c8 cb  [.\b]-.k&M .....
0025bc04  c2 c7 70 92 8a ee 1f ca-d1 14 7b 12 ec a1 0c e9  ..p.......{.....
0025bc14  ce 7e 84 cc 59 98 80 dd-41 ef 1d 76 85 44 77 75  .~..Y...A..v.Dwu
0025bc24  b3 d3 1b 83 64 9e e7 f0-72 53 08 d5 c0 be f5 0b  ....d...rS......
0025bc34  bc 9a 19 b9 42 7a c6 9f-79 0d 11 a4 93 e5 dc b5  ....Bz..y.......
0025bc44  3f df 32 49 99 ac 27 56-04 bd b4 ea b0 f2 e1 8b  ?.2I..'V........
0025bc54  65 c4 09 45 57 e2 88 55-d0 29 13 6f 6e c9 ab d2  e..EW..U.).on...
0025bc64  24 67 b1 e4 39 2c d9 e8-68 6a f9 d8 a7 58 23 4f  $g..9,..hj...X#O
0025bc74  37 2f c3 f4 71 8f 86 4b-e3 ff 4e 7d ba 54 34 40  7/..q..K..N}.T4@
0025bc84  3c 91 1c f3 2e 43 7f 9c-f6 7c 8d db 38 3a 30 50  <....C...|..8:0P
0025bc94  95 3d cd fe eb ed de 60-16 b6 b7 2a fb d4 17 35  .=.....`...*...5
0025bca4  00 00                                            ..
[V18_1_PRGA_OUTPUT_BEFORE]
0023fca8  ff ff ff ff ad 03 c3 77-b2 ed c3 77 01 00 00 00  .......w...w....
0023fcb8  28 38 03 00 bd 1f 00 00-e4 fc 23 00 da d7 00 68  (8........#....h
0023fcc8  a8 c2 25 00 88 c2 25 00-00 00 00 00 00 00 00 00  ..%...%.........
0023fcd8  a0 fd 23 00 20 00 00 00-00 00 00 00 28 fd 23 00  ..#. .......(.#.
[V18_1_RC4_PRGA_RETURN]
eax=0025bca4 ebx=00000014 ecx=00000014 edx=00000031 esi=0025bb88 edi=0025bb8c
eip=77dd8623 esp=0023fa8c ebp=0023fa98 iopl=0         nv up ei pl zr na pe nc
cs=001b  ss=0023  ds=0023  es=0023  fs=003b  gs=0000             efl=00000246
001b:77dd8623 011e            add     dword ptr [esi],ebx ds:0023:0025bb88=00000000
[V18_1_EXEC_ID]
proc=<REDACTED> thread=<REDACTED> peb=<REDACTED> teb=<REDACTED> eip=77dd8623 esp=0023fa8c ebp=0023fa98
eax=0025bca4 ebx=00000014 ecx=00000014 edx=00000031 esi=0025bb88 edi=0025bb8c esp=0023fa8c ebp=0023fa98 saved_sys_out=0023fca8 saved_sys_len=00000014
[V18_1_PRGA_SYSFUNC_OUT_AT_RETURN]
0023fca8  59 f1 d6 6f 11 ca c3 94-7b ba 70 09 d7 85 90 d8  Y..o....{.p.....
0023fcb8  e0 e2 17 f5 bd 1f 00 00-e4 fc 23 00 da d7 00 68  ..........#....h
0023fcc8  a8 c2 25 00 88 c2 25 00-00 00 00 00 00 00 00 00  ..%...%.........
0023fcd8  a0 fd 23 00 20 00 00 00-00 00 00 00 28 fd 23 00  ..#. .......(.#.
[V18_1_PRGA_STATE_AFTER_SIJ]
0025bba4  78 05 ec 58 7b 72 71 d6-29 3b 7e 76 0a 2d c1 c7  x..X{rq.);~v.-..
0025bbb4  10 20 e8 68 25 06 48 5f-90 f7 21 02 bb 0e 5a 74  . .h%.H_..!...Zt
0025bbc4  22 fd fa 96 33 18 52 5e-a3 15 a5 ae cf 03 81 94  "...3.R^........
0025bbd4  97 69 a2 d7 0f 4a 2b 28-8e c5 6c 82 8c 66 73 46  .i...J+(..l..fsF
0025bbe4  a6 fc a0 9b ad e6 b8 63-a9 f8 1a b2 e0 89 f1 47  .......c.......G
0025bbf4  5b a8 5c 62 5d da 07 6b-26 4d 3e 87 aa bf c8 cb  [.\b]..k&M>.....
0025bc04  c2 51 70 92 8a ee 1f ca-d1 14 9d 12 31 a1 0c e9  .Qp.........1...
0025bc14  ce 36 84 cc 59 98 80 dd-41 ef 1d 00 85 44 77 75  .6..Y...A....Dwu
0025bc24  b3 d3 1b 83 64 9e e7 f0-1e 53 08 d5 c0 be f5 0b  ....d....S......
0025bc34  bc 9a 19 b9 42 7a c6 9f-79 0d 11 a4 93 e5 dc b5  ....Bz..y.......
0025bc44  3f df 32 49 99 ac 27 56-04 bd b4 ea b0 f2 e1 8b  ?.2I..'V........
0025bc54  65 c4 09 45 57 e2 88 55-d0 af 13 6f 6e c9 ab d2  e..EW..U...on...
0025bc64  24 67 b1 e4 39 2c d9 6d-01 6a f9 d8 a7 61 23 4f  $g..9,.m.j...a#O
0025bc74  37 2f c3 f4 4c 8f 86 4b-e3 ff 4e 7d ba 54 34 40  7/..L..K..N}.T4@
0025bc84  3c 91 1c f3 2e 43 7f 9c-f6 7c 8d db 38 3a 30 50  <....C...|..8:0P
0025bc94  95 3d cd fe eb ed de 60-16 b6 b7 2a fb d4 17 35  .=.....`...*...5
0025bca4  14 31                                            .1
[V18_1_PRGA_OUTPUT_AFTER]
0023fca8  59 f1 d6 6f 11 ca c3 94-7b ba 70 09 d7 85 90 d8  Y..o....{.p.....
0023fcb8  e0 e2 17 f5 bd 1f 00 00-e4 fc 23 00 da d7 00 68  ..........#....h
0023fcc8  a8 c2 25 00 88 c2 25 00-00 00 00 00 00 00 00 00  ..%...%.........
0023fcd8  a0 fd 23 00 20 00 00 00-00 00 00 00 28 fd 23 00  ..#. .......(.#.
[V18_1_PRGA_RETURN_CALLSTACK]
 # ChildEBP RetAddr      Args to Child              
WARNING: Frame IP not in any known module. Following frames may be wrong.
00 0023fa98 77dd85d9     0025b920 00000002 00000014 0x77dd8623
01 0023fbd8 77dd8378     0023fca8 0023fbec 0023fc2c 0x77dd85d9
02 0023fbf0 77dd833b     00000000 0023fca8 00000014 0x77dd8378
03 0023fc10 77dd82e3     0023fc2c 0023fca8 00000014 0x77dd833b
04 0023fc3c 77dd82a6     00000000 00000000 0023fca8 0x77dd82e3
05 0023fc54 6800d69e     0023fca8 00000014 00000000 0x77dd82a6
06 0023fcc0 6800d7da     0025c2a8 0025c288 00000000 0x6800d69e
07 0023fce4 77dfb401     e37f5c84 00000020 0023fda0 0x6800d7da
08 0023fd28 00401d2e     0025abf0 00000020 0023fda0 0x77dfb401
09 0023fea8 00401e72     0025abf0 0040476a 00000000 0x401d2e
0a 0023fed8 00402506     0025abf0 0023ff30 0023ff30 0x401e72
0b 0023ff78 0040124b     00000003 000324a8 00032a20 0x402506
0c 0023ffb0 00401298     00000001 00000009 0023fff0 0x40124b
0d 0023ffc0 7c817067     729029bc 01dcde82 7ffd9000 0x401298
0e 0023fff0 00000000     00401280 00000000 78746341 0x7c817067
[V18_1_SYSTEMFUNCTION036_RETURN]
eax=00000001 ebx=00000000 ecx=0000f8f4 edx=0025bb8c esi=00000000 edi=00000014
eip=77dd82a6 esp=0023fc54 ebp=0023fc54 iopl=0         nv up ei pl zr na pe nc
cs=001b  ss=0023  ds=0023  es=0023  fs=003b  gs=0000             efl=00000246
001b:77dd82a6 5d              pop     ebp
[V18_1_EXEC_ID]
proc=<REDACTED> thread=<REDACTED> peb=<REDACTED> teb=<REDACTED> eip=77dd82a6 esp=0023fc54 ebp=0023fc54
eax=00000001 saved_out_t8=0023fca8 saved_len_t9=00000014 esp=0023fc54 ebp=0023fc54
[V18_1_SYSFUNC_OUT_AFTER]
0023fca8  59 f1 d6 6f 11 ca c3 94-7b ba 70 09 d7 85 90 d8  Y..o....{.p.....
0023fcb8  e0 e2 17 f5 bd 1f 00 00-e4 fc 23 00 da d7 00 68  ..........#....h
0023fcc8  a8 c2 25 00 88 c2 25 00-00 00 00 00 00 00 00 00  ..%...%.........
0023fcd8  a0 fd 23 00 20 00 00 00-00 00 00 00 28 fd 23 00  ..#. .......(.#.
[V18_1_SYSFUNC_RETURN_CALLSTACK]
 # ChildEBP RetAddr      Args to Child              
WARNING: Frame IP not in any known module. Following frames may be wrong.
00 0023fc54 6800d69e     0023fca8 00000014 00000000 0x77dd82a6
01 0023fcc0 6800d7da     0025c2a8 0025c288 00000000 0x6800d69e
02 0023fce4 77dfb401     e37f5c84 00000020 0023fda0 0x6800d7da
03 0023fd28 00401d2e     0025abf0 00000020 0023fda0 0x77dfb401
04 0023fea8 00401e72     0025abf0 0040476a 00000000 0x401d2e
05 0023fed8 00402506     0025abf0 0023ff30 0023ff30 0x401e72
06 0023ff78 0040124b     00000003 000324a8 00032a20 0x402506
07 0023ffb0 00401298     00000001 00000009 0023fff0 0x40124b
08 0023ffc0 7c817067     729029bc 01dcde82 7ffd9000 0x401298
09 0023fff0 00000000     00401280 00000000 78746341 0x7c817067
Break instruction exception - code 80000003 (first chance)
ntdll!DbgBreakPoint:
001b:7c90120e cc              int     3
3: kd> g
g
[V18_1_SYSTEMFUNCTION036_ENTRY]
eax=0023fca8 ebx=00000000 ecx=0025c288 edx=77c61b78 esi=00000000 edi=00000014
eip=77dd8292 esp=0023fc58 ebp=0023fcc0 iopl=0         nv up ei pl nz ac pe nc
cs=001b  ss=0023  ds=0023  es=0023  fs=003b  gs=0000             efl=00000216
001b:77dd8292 8bff            mov     edi,edi
[V18_1_EXEC_ID]
proc=<REDACTED> thread=<REDACTED> peb=<REDACTED> teb=<REDACTED> eip=77dd8292 esp=0023fc58 ebp=0023fcc0
ret=6800d69e out_ptr=0023fca8 len=00000014 saved_out_t8=0023fca8 saved_len_t9=00000014
[V18_1_SYSFUNC_OUT_BEFORE]
0023fca8  ff ff ff ff ad 03 c3 77-b2 ed c3 77 01 00 00 00  .......w...w....
0023fcb8  28 38 03 00 bd 1f 00 00-e4 fc 23 00 da d7 00 68  (8........#....h
0023fcc8  a8 c2 25 00 88 c2 25 00-00 00 00 00 00 00 00 00  ..%...%.........
0023fcd8  a0 fd 23 00 20 00 00 00-00 00 00 00 28 fd 23 00  ..#. .......(.#.
[V18_1_SYSFUNC_ENTRY_STACK]
0023fc58  6800d69e 0023fca8 00000014 00000000
0023fc68  0025abf0 7ffd9000 00000000 00000000
0023fc78  0023fda0 00000020 77c303ad 0000002a
0023fc88  77c5fca0 00000000 0000002a 0023fc84
0023fc98  0065006e 0023fd18 77c35c94 77c12580
0023fca8  ffffffff 77c303ad 77c3edb2 00000001
0023fcb8  00033828 00001fbd 0023fce4 6800d7da
0023fcc8  0025c2a8 0025c288 00000000 00000000
0023fcd8  0023fda0 00000020 00000000 0023fd28
0023fce8  77dfb401 e37f5c84 00000020 0023fda0
0023fcf8  729029bc 01dcde82 7ffd9000 00000000
0023fd08  0025abf0 00000001 0023fcf8 002f0001
[V18_1_SYSFUNC_ENTRY_CALLSTACK]
 # ChildEBP RetAddr      Args to Child              
WARNING: Frame IP not in any known module. Following frames may be wrong.
00 0023fc54 6800d69e     0023fca8 00000014 00000000 0x77dd8292
01 0023fcc0 6800d7da     0025c2a8 0025c288 00000000 0x6800d69e
02 0023fce4 77dfb401     e37f5c84 00000020 0023fda0 0x6800d7da
03 0023fd28 00401d2e     0025abf0 00000020 0023fda0 0x77dfb401
04 0023fea8 00402290     0025abf0 00404970 00000000 0x401d2e
05 0023fed8 004025b9     0025abf0 0023ff30 0023ff30 0x402290
06 0023ff78 0040124b     00000003 000324a8 00032a20 0x4025b9
07 0023ffb0 00401298     00000001 00000009 0023fff0 0x40124b
08 0023ffc0 7c817067     729029bc 01dcde82 7ffd9000 0x401298
09 0023fff0 00000000     00401280 00000000 78746341 0x7c817067
[V18_1_RC4_PRGA_ENTRY]
eax=0025bcc4 ebx=00000014 ecx=7ffdf000 edx=0025bcac esi=0025bca8 edi=0025bcac
eip=77dd8633 esp=0023fa7c ebp=0023fa98 iopl=0         nv up ei pl zr na pe nc
cs=001b  ss=0023  ds=0023  es=0023  fs=003b  gs=0000             efl=00000246
001b:77dd8633 53              push    ebx
[V18_1_EXEC_ID]
proc=<REDACTED> thread=<REDACTED> peb=<REDACTED> teb=<REDACTED> eip=77dd8633 esp=0023fa7c ebp=0023fa98
ret=77dd8623 s_ptr=0025bcc4 len=00000014 out_ptr=0023fca8 arg10=77e462f8 eax=0025bcc4 ebx=00000014 ecx=7ffdf000 edx=0025bcac esi=0025bca8 edi=0025bcac
[V18_1_PRGA_STATE_BEFORE_SIJ]
0025bcc4  83 98 2b 8a b5 05 b0 8d-59 2f 60 c4 7c ea b7 0a  ..+.....Y/`.|...
0025bcd4  71 61 4f 27 43 0e 8b b1-11 17 c7 d7 c0 e9 5a 02  qaO'C.........Z.
0025bce4  e6 de 3c e5 66 3f 9d d5-6b 4a f2 51 6a 7d 15 91  ..<.f?..kJ.Qj}..
0025bcf4  1d 48 34 f5 12 90 cf 82-7e a2 cc 2e 9f 9a ce 57  .H4.....~......W
0025bd04  ee c2 1f 77 2d 04 99 08-26 3b 01 d2 4c a9 74 1e  ...w-...&;..L.t.
0025bd14  ba 5d 65 28 10 63 bd 1c-5f 84 5e f1 6e 69 67 f8  .]e(.c.._.^.nig.
0025bd24  d4 62 54 37 07 b3 36 50-ab b4 33 2c dc 4d 81 db  .bT7..6P..3,.M..
0025bd34  aa 6f a1 41 e0 a5 a3 78-1b 2a 3d e8 42 bf f4 80  .o.A...x.*=.B...
0025bd44  76 fb 97 55 89 75 58 ac-38 25 a0 03 79 39 3a 09  v..U.uX.8%..y9:.
0025bd54  3e 13 73 93 29 df 70 af-d6 c8 b6 c6 bb 32 e3 b8  >.s.).p......2..
0025bd64  ef 8f 52 5c be cb 45 56-31 92 da f9 d1 8e d3 6c  ..R\..EV1......l
0025bd74  a6 b2 eb 18 c1 9b fa fc-72 ad e2 64 1a 5b 94 d0  ........r..d.[..
0025bd84  e1 0c ae 24 c9 21 00 bc-7a f7 9c 95 87 a4 53 ca  ...$.!..z.....S.
0025bd94  96 0f dd 4e 40 30 d9 88-7b 68 16 a7 0d e4 9e 46  ...N@0..{h.....F
0025bda4  ed 86 14 cd fe 20 22 fd-d8 8c ff 4b 6d f3 35 44  ..... "....Km.5D
0025bdb4  f6 0b b9 c5 c3 49 47 7f-19 f0 ec 06 a8 85 23 e7  .....IG.......#.
0025bdc4  00 00                                            ..
[V18_1_PRGA_OUTPUT_BEFORE]
0023fca8  ff ff ff ff ad 03 c3 77-b2 ed c3 77 01 00 00 00  .......w...w....
0023fcb8  28 38 03 00 bd 1f 00 00-e4 fc 23 00 da d7 00 68  (8........#....h
0023fcc8  a8 c2 25 00 88 c2 25 00-00 00 00 00 00 00 00 00  ..%...%.........
0023fcd8  a0 fd 23 00 20 00 00 00-00 00 00 00 28 fd 23 00  ..#. .......(.#.
[V18_1_RC4_PRGA_RETURN]
eax=0025bdc4 ebx=00000014 ecx=00000014 edx=0000001a esi=0025bca8 edi=0025bcac
eip=77dd8623 esp=0023fa8c ebp=0023fa98 iopl=0         nv up ei pl zr na pe nc
cs=001b  ss=0023  ds=0023  es=0023  fs=003b  gs=0000             efl=00000246
001b:77dd8623 011e            add     dword ptr [esi],ebx ds:0023:0025bca8=00000000
[V18_1_EXEC_ID]
proc=<REDACTED> thread=<REDACTED> peb=<REDACTED> teb=<REDACTED> eip=77dd8623 esp=0023fa8c ebp=0023fa98
eax=0025bdc4 ebx=00000014 ecx=00000014 edx=0000001a esi=0025bca8 edi=0025bcac esp=0023fa8c ebp=0023fa98 saved_sys_out=0023fca8 saved_sys_len=00000014
[V18_1_PRGA_SYSFUNC_OUT_AT_RETURN]
0023fca8  7e e1 0a 97 de d2 c1 27-dc b7 18 4a 9b 6a 27 c3  ~......'...J.j'.
0023fcb8  03 71 6f be bd 1f 00 00-e4 fc 23 00 da d7 00 68  .qo.......#....h
0023fcc8  a8 c2 25 00 88 c2 25 00-00 00 00 00 00 00 00 00  ..%...%.........
0023fcd8  a0 fd 23 00 20 00 00 00-00 00 00 00 28 fd 23 00  ..#. .......(.#.
[V18_1_PRGA_STATE_AFTER_SIJ]
0025bcc4  71 d6 b5 a9 24 8d fc 1a-0e 2d be ab fe 53 75 09  q...$....-...Su.
0025bcd4  83 62 a6 88 c7 59 8b b1-11 17 43 d7 c0 e9 5a 02  .b...Y....C...Z.
0025bce4  e6 de 3c e5 66 3f 9d d5-6b 4a f2 51 6a 7d 15 91  ..<.f?..kJ.Qj}..
0025bcf4  1d 48 34 f5 12 90 cf 82-7e a2 cc 2e 9f 9a ce 57  .H4.....~......W
0025bd04  ee c2 1f 77 2f 04 99 08-26 3b 01 d2 4c 8a 74 1e  ...w/...&;..L.t.
0025bd14  ba 5d 65 28 10 63 bd 1c-5f 84 5e f1 6e 69 67 f8  .]e(.c.._.^.nig.
0025bd24  d4 61 54 37 07 b3 36 50-c4 b4 33 2c dc 4d 81 db  .aT7..6P..3,.M..
0025bd34  aa 6f a1 41 e0 a5 a3 78-1b 2a 3d e8 42 bf f4 80  .o.A...x.*=.B...
0025bd44  76 fb 97 55 89 b7 58 ac-38 25 a0 03 79 39 3a 0a  v..U..X.8%..y9:.
0025bd54  3e 13 73 93 29 df 70 af-98 c8 b6 c6 bb 32 e3 b8  >.s.).p......2..
0025bd64  ef 8f 52 5c 60 cb 45 56-31 92 da f9 d1 8e d3 6c  ..R\`.EV1......l
0025bd74  4f b2 eb 18 c1 9b fa b0-72 ad e2 64 05 5b 94 d0  O.......r..d.[..
0025bd84  e1 0c ae 2b c9 21 00 bc-7a f7 9c 95 87 a4 ea ca  ...+.!..z.......
0025bd94  96 0f dd 4e 40 30 d9 27-7b 68 16 a7 0d e4 9e 46  ...N@0.'{h.....F
0025bda4  ed 86 14 cd 7c 20 22 fd-d8 8c ff 4b 6d f3 35 44  ....| "....Km.5D
0025bdb4  f6 0b b9 c5 c3 49 47 7f-19 f0 ec 06 a8 85 23 e7  .....IG.......#.
0025bdc4  14 1a                                            ..
[V18_1_PRGA_OUTPUT_AFTER]
0023fca8  7e e1 0a 97 de d2 c1 27-dc b7 18 4a 9b 6a 27 c3  ~......'...J.j'.
0023fcb8  03 71 6f be bd 1f 00 00-e4 fc 23 00 da d7 00 68  .qo.......#....h
0023fcc8  a8 c2 25 00 88 c2 25 00-00 00 00 00 00 00 00 00  ..%...%.........
0023fcd8  a0 fd 23 00 20 00 00 00-00 00 00 00 28 fd 23 00  ..#. .......(.#.
[V18_1_PRGA_RETURN_CALLSTACK]
 # ChildEBP RetAddr      Args to Child              
WARNING: Frame IP not in any known module. Following frames may be wrong.
00 0023fa98 77dd85d9     0025b920 00000003 00000014 0x77dd8623
01 0023fbd8 77dd8378     0023fca8 0023fbec 0023fc2c 0x77dd85d9
02 0023fbf0 77dd833b     00000000 0023fca8 00000014 0x77dd8378
03 0023fc10 77dd82e3     0023fc2c 0023fca8 00000014 0x77dd833b
04 0023fc3c 77dd82a6     00000000 00000000 0023fca8 0x77dd82e3
05 0023fc54 6800d69e     0023fca8 00000014 00000000 0x77dd82a6
06 0023fcc0 6800d7da     0025c2a8 0025c288 00000000 0x6800d69e
07 0023fce4 77dfb401     e37f5c84 00000020 0023fda0 0x6800d7da
08 0023fd28 00401d2e     0025abf0 00000020 0023fda0 0x77dfb401
09 0023fea8 00402290     0025abf0 00404970 00000000 0x401d2e
0a 0023fed8 004025b9     0025abf0 0023ff30 0023ff30 0x402290
0b 0023ff78 0040124b     00000003 000324a8 00032a20 0x4025b9
0c 0023ffb0 00401298     00000001 00000009 0023fff0 0x40124b
0d 0023ffc0 7c817067     729029bc 01dcde82 7ffd9000 0x401298
0e 0023fff0 00000000     00401280 00000000 78746341 0x7c817067
[V18_1_SYSTEMFUNCTION036_RETURN]
eax=00000001 ebx=00000000 ecx=0000f8f4 edx=0025bcac esi=00000000 edi=00000014
eip=77dd82a6 esp=0023fc54 ebp=0023fc54 iopl=0         nv up ei pl zr na pe nc
cs=001b  ss=0023  ds=0023  es=0023  fs=003b  gs=0000             efl=00000246
001b:77dd82a6 5d              pop     ebp
[V18_1_EXEC_ID]
proc=<REDACTED> thread=<REDACTED> peb=<REDACTED> teb=<REDACTED> eip=77dd82a6 esp=0023fc54 ebp=0023fc54
eax=00000001 saved_out_t8=0023fca8 saved_len_t9=00000014 esp=0023fc54 ebp=0023fc54
[V18_1_SYSFUNC_OUT_AFTER]
0023fca8  7e e1 0a 97 de d2 c1 27-dc b7 18 4a 9b 6a 27 c3  ~......'...J.j'.
0023fcb8  03 71 6f be bd 1f 00 00-e4 fc 23 00 da d7 00 68  .qo.......#....h
0023fcc8  a8 c2 25 00 88 c2 25 00-00 00 00 00 00 00 00 00  ..%...%.........
0023fcd8  a0 fd 23 00 20 00 00 00-00 00 00 00 28 fd 23 00  ..#. .......(.#.
[V18_1_SYSFUNC_RETURN_CALLSTACK]
 # ChildEBP RetAddr      Args to Child              
WARNING: Frame IP not in any known module. Following frames may be wrong.
00 0023fc54 6800d69e     0023fca8 00000014 00000000 0x77dd82a6
01 0023fcc0 6800d7da     0025c2a8 0025c288 00000000 0x6800d69e
02 0023fce4 77dfb401     e37f5c84 00000020 0023fda0 0x6800d7da
03 0023fd28 00401d2e     0025abf0 00000020 0023fda0 0x77dfb401
04 0023fea8 00402290     0025abf0 00404970 00000000 0x401d2e
05 0023fed8 004025b9     0025abf0 0023ff30 0023ff30 0x402290
06 0023ff78 0040124b     00000003 000324a8 00032a20 0x4025b9
07 0023ffb0 00401298     00000001 00000009 0023fff0 0x40124b
08 0023ffc0 7c817067     729029bc 01dcde82 7ffd9000 0x401298
09 0023fff0 00000000     00401280 00000000 78746341 0x7c817067
Break instruction exception - code 80000003 (first chance)
*******************************************************************************
*                                                                             *
*   You are seeing this message because you pressed either                    *
*       CTRL+C (if you run console kernel debugger) or,                       *
*       CTRL+BREAK (if you run GUI kernel debugger),                          *
*   on your debugger machine's keyboard.                                      *
*                                                                             *
*                   THIS IS NOT A BUG OR A SYSTEM CRASH                       *
*                                                                             *
* If you did not intend to break into the debugger, press the "g" key, then   *
* press the "Enter" key now.  This message might immediately reappear.  If it *
* does, press "g" and "Enter" again.                                          *
*                                                                             *
*******************************************************************************
nt!RtlpBreakWithStatusInstruction:
804e2a42 cc              int     3
0: kd> .logclose
.logclose
Closing open log file <REDACTED>
