bp 680120CF ".echo [GSTATE_INIT_CALL_680120CF_BEFORE_SUB_6800D640]; r; kb; u @eip-40 L80; dd @esp L80; dd @ebp-80 L80; db 68031958 L40"
bp 680120CF ".echo [GSTATE_INIT_CALL_680120CF_BEFORE_SUB_6800D640]; r; kb; u @eip-40 L80; dd @esp L80; dd @ebp-80 L80; db 68031958 L40"
     0 e Disable Clear  680120cf     0001 (0001)  ".echo [GSTATE_INIT_CALL_680120CF_BEFORE_SUB_6800D640]; r; kb; u @eip-40 L80; dd @esp L80; dd @ebp-80 L80; db 68031958 L40"

[GSTATE_INIT_CALL_680120CF_BEFORE_SUB_6800D640]
eax=0013f724 ebx=68000000 ecx=680266c6 edx=7c97b140 esi=00000000 edi=68031998
eip=680120cf esp=0013f700 ebp=0013f750 iopl=0         nv up ei pl zr na pe nc
cs=001b  ss=0023  ds=0023  es=0023  fs=003b  gs=0000             efl=00000246
001b:680120cf e86cb5ffff      call    6800d640
 # ChildEBP RetAddr      Args to Child
WARNING: Frame IP not in any known module. Following frames may be wrong.
00 0013f750 68014eda     68000000 00000001 00000000 0x680120cf
01 0013f770 7c90118a     68000000 00000001 00000000 0x68014eda
02 0013f790 7c91c4da     68014e88 68000000 00000001 ntdll!LdrpCallInitRoutine+0x14
03 0013f898 7c916351     00000000 c0150008 00000000 ntdll!LdrpRunInitializeRoutines+0x344
6801208f e8e5390100      call    68025a79
68012094 85c0            test    eax,eax
68012096 7540            jne     680120d8
68012098 57              push    edi
68012099 e879430100      call    68026417
6801209e 85c0            test    eax,eax
680120a0 7536            jne     680120d8
680120a2 33f6            xor     esi,esi
680120a4 56              push    esi
680120a5 56              push    esi
680120a6 b8efbeadde      mov     eax,0DEADBEEFh
680120ab 50              push    eax
680120ac 50              push    eax
680120ad e883b80100      call    6802d935
680120b2 e894fbffff      call    68011c4b
680120b7 85c0            test    eax,eax
680120b9 751d            jne     680120d8
680120bb e8b8440100      call    68026578
680120c0 85c0            test    eax,eax
680120c2 7514            jne     680120d8
680120c4 56              push    esi
680120c5 6a28            push    28h
680120c7 8d45d4          lea     eax,[ebp-2Ch]
680120ca 50              push    eax
680120cb 56              push    esi
680120cc 56              push    esi
680120cd 56              push    esi
680120ce 56              push    esi
680120cf e86cb5ffff      call    6800d640
680120d4 85c0            test    eax,eax
680120d6 7414            je      680120ec
680120d8 33c0            xor     eax,eax
680120da eb13            jmp     680120ef
680120dc 837d0c00        cmp     dword ptr [ebp+0Ch],0
680120e0 750a            jne     680120ec
680120e2 e8763d0100      call    68025e5d
680120e7 e874440100      call    68026560
680120ec 33c0            xor     eax,eax
680120ee 40              inc     eax
680120ef 8b4dfc          mov     ecx,dword ptr [ebp-4]
680120f2 5f              pop     edi
680120f3 5e              pop     esi
680120f4 e8c02b0000      call    68014cb9
680120f9 c9              leave
680120fa c20c00          ret     0Ch
680120fd cc              int     3
680120fe cc              int     3
680120ff cc              int     3
68012100 cc              int     3
68012101 cc              int     3
68012102 8bff            mov     edi,edi
68012104 55              push    ebp
68012105 8bec            mov     ebp,esp
68012107 51              push    ecx
68012108 51              push    ecx
68012109 53              push    ebx
6801210a 56              push    esi
6801210b 57              push    edi
6801210c 33c0            xor     eax,eax
6801210e 50              push    eax
6801210f 6a01            push    1
68012111 bbd0160068      mov     ebx,680016D0h
68012116 53              push    ebx
68012117 bfc4160068      mov     edi,680016C4h
6801211c 57              push    edi
6801211d 6a01            push    1
6801211f 50              push    eax
68012120 50              push    eax
68012121 beb8160068      mov     esi,680016B8h
68012126 56              push    esi
68012127 68c8140068      push    680014C8h
6801212c 8945fc          mov     dword ptr [ebp-4],eax
6801212f e87aefffff      call    680110ae
68012134 33c9            xor     ecx,ecx
68012136 3bc1            cmp     eax,ecx
68012138 0f8584000000    jne     680121c2
6801213e 51              push    ecx
6801213f 6a01            push    1
68012141 53              push    ebx
68012142 57              push    edi
68012143 6a01            push    1
68012145 51              push    ecx
68012146 51              push    ecx
68012147 56              push    esi
68012148 6888160068      push    68001688h
6801214d e85cefffff      call    680110ae
68012152 85c0            test    eax,eax
68012154 756c            jne     680121c2
68012156 6a01            push    1
68012158 6a01            push    1
6801215a 53              push    ebx
6801215b 57              push    edi
6801215c 6a01            push    1
6801215e 50              push    eax
6801215f 50              push    eax
68012160 56              push    esi
68012161 68a0140068      push    680014A0h
68012166 e843efffff      call    680110ae
6801216b 33db            xor     ebx,ebx
6801216d 3bc3            cmp     eax,ebx
6801216f 7551            jne     680121c2
68012171 33ff            xor     edi,edi
68012173 47              inc     edi
68012174 57              push    edi
68012175 57              push    edi
68012176 6878160068      push    68001678h
6801217b 686c160068      push    6800166Ch
68012180 6a0c            push    0Ch
68012182 53              push    ebx
68012183 53              push    ebx
68012184 56              push    esi
68012185 683c160068      push    6800163Ch
6801218a e81fefffff      call    680110ae
6801218f 3bc3            cmp     eax,ebx
68012191 752f            jne     680121c2
68012193 57              push    edi
68012194 57              push    edi
68012195 6828160068      push    68001628h
6801219a 681c160068      push    6800161Ch
6801219f 6a18            push    18h
680121a1 53              push    ebx
680121a2 53              push    ebx
680121a3 56              push    esi
680121a4 68d8150068      push    680015D8h
680121a9 e800efffff      call    680110ae
680121ae 3bc3            cmp     eax,ebx
680121b0 7510            jne     680121c2
680121b2 8d45fc          lea     eax,[ebp-4]
0013f700  00000000 00000000 00000000 00000000
0013f710  0013f724 00000028 00000000 00000000
0013f720  00000001 77c2c3ce 77c2c3e7 00000080
0013f730  0013f73c 77c39d7a 00000000 0013f750
0013f740  68014e32 6802f000 6802f008 00008030
0013f750  0013f770 68014eda 68000000 00000001
0013f760  00000000 00000001 0013f784 68014e88
0013f770  0013f790 7c90118a 68000000 00000001
0013f780  00000000 68014e88 00000001 00252248
0013f790  0013f898 7c91c4da 68014e88 68000000
0013f7a0  00000001 00000000 0013fe38 0013fe18
0013f7b0  00000000 00000000 68001000 0013f778
0013f7c0  7c91c265 7ffde000 00252248 7c91d008
0013f7d0  ffffffff 7c91cffe 7c91d2fb 00252388
0013f7e0  00252248 7ffde000 00000000 00000001
0013f7f0  00252248 7ffdf000 00252388 00000014
0013f800  00000001 00000000 00000000 00000010
0013f810  00000000 0013f82c 0013f894 00000004
0013f820  00000000 00000004 002522e8 00252428
0013f830  00252388 00252248 00000000 00000014
0013f840  00000001 00000000 00000000 00000010
0013f850  6802ddc4 c000008a 68000000 68000000
0013f860  00000000 7ffdf000 68014e88 00252248
0013f870  0013f838 01000000 0013f828 00000000
0013f880  0013f7a8 0013fb34 0013fb34 7c90e900
0013f890  7c91c348 00000002 0013fb44 7c916351
0013f8a0  00000000 c0150008 00000000 00000000
0013f8b0  0013f908 00252258 001410a0 0013f910
0013f8c0  0013f90c 7ffde000 00252398 0013f91c
0013f8d0  00251eac 0013f900 0013fe38 0013fa3c
0013f8e0  0013fe18 00000018 7ffdec14 00000000
0013f8f0  0013fe34 00000000 7ffdec0e 00156a90
0013f6d0  00156eb8 0013f714 68026678 680266c6
0013f6e0  68031998 00000000 68000000 00156eb8
0013f6f0  00000000 00000000 00000000 0013f6e0
0013f700  00000000 00000000 00000000 00000000
0013f710  0013f724 00000028 00000000 00000000
0013f720  00000001 77c2c3ce 77c2c3e7 00000080
0013f730  0013f73c 77c39d7a 00000000 0013f750
0013f740  68014e32 6802f000 6802f008 00008030
0013f750  0013f770 68014eda 68000000 00000001
0013f760  00000000 00000001 0013f784 68014e88
0013f770  0013f790 7c90118a 68000000 00000001
0013f780  00000000 68014e88 00000001 00252248
0013f790  0013f898 7c91c4da 68014e88 68000000
0013f7a0  00000001 00000000 0013fe38 0013fe18
0013f7b0  00000000 00000000 68001000 0013f778
0013f7c0  7c91c265 7ffde000 00252248 7c91d008
0013f7d0  ffffffff 7c91cffe 7c91d2fb 00252388
0013f7e0  00252248 7ffde000 00000000 00000001
0013f7f0  00252248 7ffdf000 00252388 00000014
0013f800  00000001 00000000 00000000 00000010
0013f810  00000000 0013f82c 0013f894 00000004
0013f820  00000000 00000004 002522e8 00252428
0013f830  00252388 00252248 00000000 00000014
0013f840  00000001 00000000 00000000 00000010
0013f850  6802ddc4 c000008a 68000000 68000000
0013f860  00000000 7ffdf000 68014e88 00252248
0013f870  0013f838 01000000 0013f828 00000000
0013f880  0013f7a8 0013fb34 0013fb34 7c90e900
0013f890  7c91c348 00000002 0013fb44 7c916351
0013f8a0  00000000 c0150008 00000000 00000000
0013f8b0  0013f908 00252258 001410a0 0013f910
0013f8c0  0013f90c 7ffde000 00252398 0013f91c
68031958  24 c5 06 c0 44 5b 81 78-6d c9 1c 85 6e 0d f5 c0  $...D[.xm...n...
68031968  7c 88 04 eb 00 00 00 00-00 00 00 00 00 00 00 00  |...............
68031978  00 00 00 00 00 00 00 00-0a e8 1e 95 fc 39 7b 50  .............9{P
68031988  8d 9a 4e 0d fd cd 1a 2c-24 e4 72 86 00 00 00 00  ..N....,$.r.....
001b:680120cf e86cb5ffff      call    6800d640
bp /1 6800D693 ".echo [GSTATE_INIT_AUX_BEFORE_SYSTEMFUNCTION036_6800D693]; r; kb; dd @esp L40; dd @ebp-40 L40; .printf \"aux_dst=%08x\n\", @ebp-18; db @ebp-18 L20; db 68031958 L40"
bp /1 6800D693 ".echo [GSTATE_INIT_AUX_BEFORE_SYSTEMFUNCTION036_6800D693]; r; kb; dd @esp L40; dd @ebp-40 L40; .printf \"aux_dst=%08x\n\", @ebp-18; db @ebp-18 L20; db 68031958 L40"
bp /1 6800D69E ".echo [GSTATE_INIT_AUX_AFTER_SYSTEMFUNCTION036_6800D69E]; r; kb; dd @esp L40; dd @ebp-40 L40; .printf \"aux_dst=%08x\n\", @ebp-18; db @ebp-18 L20; db 68031958 L40"
bp /1 6800D69E ".echo [GSTATE_INIT_AUX_AFTER_SYSTEMFUNCTION036_6800D69E]; r; kb; dd @esp L40; dd @ebp-40 L40; .printf \"aux_dst=%08x\n\", @ebp-18; db @ebp-18 L20; db 68031958 L40"
bp /1 68027101 ".echo [GSTATE_INIT_FIPS_ENTRY_68027101]; r; kb; dd @esp L40; dd @ebp-80 L80; .printf \"state=%08x aux=%08x out=%08x len_or_flags=%08x\n\", poi(@esp+4), poi(@esp+8), poi(@esp+c), poi(@esp+10); db poi(@esp+4) L40; db poi(@esp+8) L20; db poi(@esp+c) L40; db 68031958 L40"
bp /1 68027101 ".echo [GSTATE_INIT_FIPS_ENTRY_68027101]; r; kb; dd @esp L40; dd @ebp-80 L80; .printf \"state=%08x aux=%08x out=%08x len_or_flags=%08x\n\", poi(@esp+4), poi(@esp+8), poi(@esp+c), poi(@esp+10); db poi(@esp+4) L40; db poi(@esp+8) L20; db poi(@esp+c) L40; db 68031958 L40"
bp /1 680120D4 ".echo [GSTATE_INIT_RETURN_680120D4_AFTER_SUB_6800D640]; r; kb; dd @esp L80; dd @ebp-80 L80; db 68031958 L40"
bp /1 680120D4 ".echo [GSTATE_INIT_RETURN_680120D4_AFTER_SUB_6800D640]; r; kb; dd @esp L80; dd @ebp-80 L80; db 68031958 L40"
     0 e Disable Clear  680120cf     0001 (0001)  ".echo [GSTATE_INIT_CALL_680120CF_BEFORE_SUB_6800D640]; r; kb; u @eip-40 L80; dd @esp L80; dd @ebp-80 L80; db 68031958 L40"
     1 e Disable Clear  6800d693     /1 0001 (0001)  ".echo [GSTATE_INIT_AUX_BEFORE_SYSTEMFUNCTION036_6800D693]; r; kb; dd @esp L40; dd @ebp-40 L40; .printf \"aux_dst=%08x\n\", @ebp-18; db @ebp-18 L20; db 68031958 L40"
     2 e Disable Clear  6800d69e     /1 0001 (0001)  ".echo [GSTATE_INIT_AUX_AFTER_SYSTEMFUNCTION036_6800D69E]; r; kb; dd @esp L40; dd @ebp-40 L40; .printf \"aux_dst=%08x\n\", @ebp-18; db @ebp-18 L20; db 68031958 L40"
     3 e Disable Clear  68027101     /1 0001 (0001)  ".echo [GSTATE_INIT_FIPS_ENTRY_68027101]; r; kb; dd @esp L40; dd @ebp-80 L80; .printf \"state=%08x aux=%08x out=%08x len_or_flags=%08x\n\", poi(@esp+4), poi(@esp+8), poi(@esp+c), poi(@esp+10); db poi(@esp+4) L40; db poi(@esp+8) L20; db poi(@esp+c) L40; db 68031958 L40"
     4 e Disable Clear  680120d4     /1 0001 (0001)  ".echo [GSTATE_INIT_RETURN_680120D4_AFTER_SUB_6800D640]; r; kb; dd @esp L80; dd @ebp-80 L80; db 68031958 L40"

[GSTATE_INIT_AUX_BEFORE_SYSTEMFUNCTION036_6800D693]
eax=00000028 ebx=00000000 ecx=680266c6 edx=7c97b140 esi=00000000 edi=00000014
eip=6800d693 esp=0013f69c ebp=0013f6f8 iopl=0         nv up ei pl nz na pe nc
cs=001b  ss=0023  ds=0023  es=0023  fs=003b  gs=0000             efl=00000206
001b:6800d693 6a14            push    14h
 # ChildEBP RetAddr      Args to Child
WARNING: Frame IP not in any known module. Following frames may be wrong.
00 0013f6f8 680120d4     00000000 00000000 00000000 0x6800d693
01 0013f750 68014eda     68000000 00000001 00000000 0x680120d4
02 0013f770 7c90118a     68000000 00000001 00000000 0x68014eda
03 0013f790 7c91c4da     68014e88 68000000 00000001 ntdll!LdrpCallInitRoutine+0x14
0013f69c  68031998 00000000 68000000 00000000
0013f6ac  00000000 0013f724 00000028 0013f6c8
0013f6bc  7c91160c 00156eb8 00000000 0013f6d4
0013f6cc  7c809f8f 00156eb8 0013f714 68026678
0013f6dc  680266c6 68031998 00000000 68000000
0013f6ec  00156eb8 00000000 00008030 0013f750
0013f6fc  680120d4 00000000 00000000 00000000
0013f70c  00000000 0013f724 00000028 00000000
0013f71c  00000000 00000001 77c2c3ce 77c2c3e7
0013f72c  00000080 0013f73c 77c39d7a 00000000
0013f73c  0013f750 68014e32 6802f000 6802f008
0013f74c  00008030 0013f770 68014eda 68000000
0013f75c  00000001 00000000 00000001 0013f784
0013f76c  68014e88 0013f790 7c90118a 68000000
0013f77c  00000001 00000000 68014e88 00000001
0013f78c  00252248 0013f898 7c91c4da 68014e88
0013f6b8  0013f6c8 7c91160c 00156eb8 00000000
0013f6c8  0013f6d4 7c809f8f 00156eb8 0013f714
0013f6d8  68026678 680266c6 68031998 00000000
0013f6e8  68000000 00156eb8 00000000 00008030
0013f6f8  0013f750 680120d4 00000000 00000000
0013f708  00000000 00000000 0013f724 00000028
0013f718  00000000 00000000 00000001 77c2c3ce
0013f728  77c2c3e7 00000080 0013f73c 77c39d7a
0013f738  00000000 0013f750 68014e32 6802f000
0013f748  6802f008 00008030 0013f770 68014eda
0013f758  68000000 00000001 00000000 00000001
0013f768  0013f784 68014e88 0013f790 7c90118a
0013f778  68000000 00000001 00000000 68014e88
0013f788  00000001 00252248 0013f898 7c91c4da
0013f798  68014e88 68000000 00000001 00000000
0013f7a8  0013fe38 0013fe18 00000000 00000000
aux_dst=0013f6e0 0013f6e0  98 19 03 68 00 00 00 00-00 00 00 68 b8 6e 15 00  ...h.......h.n..
0013f6f0  00 00 00 00 30 80 00 00-50 f7 13 00 d4 20 01 68  ....0...P.... .h
68031958  24 c5 06 c0 44 5b 81 78-6d c9 1c 85 6e 0d f5 c0  $...D[.xm...n...
68031968  7c 88 04 eb 00 00 00 00-00 00 00 00 00 00 00 00  |...............
68031978  00 00 00 00 00 00 00 00-0a e8 1e 95 fc 39 7b 50  .............9{P
68031988  8d 9a 4e 0d fd cd 1a 2c-24 e4 72 86 00 00 00 00  ..N....,$.r.....
001b:6800d693 6a14            push    14h
[GSTATE_INIT_AUX_AFTER_SYSTEMFUNCTION036_6800D69E]
eax=00000001 ebx=00000000 ecx=000065b1 edx=0015dd84 esi=00000000 edi=00000014
eip=6800d69e esp=0013f69c ebp=0013f6f8 iopl=0         nv up ei pl zr na pe nc
cs=001b  ss=0023  ds=0023  es=0023  fs=003b  gs=0000             efl=00000246
001b:6800d69e 84c0            test    al,al
 # ChildEBP RetAddr      Args to Child
WARNING: Frame IP not in any known module. Following frames may be wrong.
00 0013f6f8 680120d4     00000000 00000000 00000000 0x6800d69e
01 0013f750 68014eda     68000000 00000001 00000000 0x680120d4
02 0013f770 7c90118a     68000000 00000001 00000000 0x68014eda
03 0013f790 7c91c4da     68014e88 68000000 00000001 ntdll!LdrpCallInitRoutine+0x14
0013f69c  68031998 00000000 68000000 00000000
0013f6ac  00000000 0013f724 00000028 0013f6c8
0013f6bc  7c91160c 00156eb8 00000000 0013f6d4
0013f6cc  7c809f8f 00156eb8 0013f714 68026678
0013f6dc  680266c6 ae08cfff 56cf542a 8df17a90
0013f6ec  215f9c1a 31f715a5 00008030 0013f750
0013f6fc  680120d4 00000000 00000000 00000000
0013f70c  00000000 0013f724 00000028 00000000
0013f71c  00000000 00000001 77c2c3ce 77c2c3e7
0013f72c  00000080 0013f73c 77c39d7a 00000000
0013f73c  0013f750 68014e32 6802f000 6802f008
0013f74c  00008030 0013f770 68014eda 68000000
0013f75c  00000001 00000000 00000001 0013f784
0013f76c  68014e88 0013f790 7c90118a 68000000
0013f77c  00000001 00000000 68014e88 00000001
0013f78c  00252248 0013f898 7c91c4da 68014e88
0013f6b8  0013f6c8 7c91160c 00156eb8 00000000
0013f6c8  0013f6d4 7c809f8f 00156eb8 0013f714
0013f6d8  68026678 680266c6 ae08cfff 56cf542a
0013f6e8  8df17a90 215f9c1a 31f715a5 00008030
0013f6f8  0013f750 680120d4 00000000 00000000
0013f708  00000000 00000000 0013f724 00000028
0013f718  00000000 00000000 00000001 77c2c3ce
0013f728  77c2c3e7 00000080 0013f73c 77c39d7a
0013f738  00000000 0013f750 68014e32 6802f000
0013f748  6802f008 00008030 0013f770 68014eda
0013f758  68000000 00000001 00000000 00000001
0013f768  0013f784 68014e88 0013f790 7c90118a
0013f778  68000000 00000001 00000000 68014e88
0013f788  00000001 00252248 0013f898 7c91c4da
0013f798  68014e88 68000000 00000001 00000000
0013f7a8  0013fe38 0013fe18 00000000 00000000
aux_dst=0013f6e0 0013f6e0  ff cf 08 ae 2a 54 cf 56-90 7a f1 8d 1a 9c 5f 21  ....*T.V.z...._!
0013f6f0  a5 15 f7 31 30 80 00 00-50 f7 13 00 d4 20 01 68  ...10...P.... .h
68031958  24 c5 06 c0 44 5b 81 78-6d c9 1c 85 6e 0d f5 c0  $...D[.xm...n...
68031968  7c 88 04 eb 00 00 00 00-00 00 00 00 00 00 00 00  |...............
68031978  00 00 00 00 00 00 00 00-0a e8 1e 95 fc 39 7b 50  .............9{P
68031988  8d 9a 4e 0d fd cd 1a 2c-24 e4 72 86 00 00 00 00  ..N....,$.r.....
001b:6800d69e 84c0            test    al,al
[GSTATE_INIT_FIPS_ENTRY_68027101]
eax=0013f6e0 ebx=00000001 ecx=00008030 edx=6803196c esi=00000044 edi=00000014
eip=68027101 esp=0013f688 ebp=0013f6f8 iopl=0         nv up ei pl nz na po nc
cs=001b  ss=0023  ds=0023  es=0023  fs=003b  gs=0000             efl=00000202
001b:68027101 8bff            mov     edi,edi
 # ChildEBP RetAddr      Args to Child
WARNING: Frame IP not in any known module. Following frames may be wrong.
00 0013f684 6800d6fb     68031958 0013f6e0 0013f6b8 0x68027101
01 0013f6f8 680120d4     00000000 00000000 00000000 0x6800d6fb
02 0013f750 68014eda     68000000 00000001 00000000 0x680120d4
03 0013f770 7c90118a     68000000 00000001 00000000 0x68014eda
0013f688  6800d6fb 68031958 0013f6e0 0013f6b8
0013f698  00000014 68031998 00000000 68000000
0013f6a8  00000000 00000000 0013f724 00000028
0013f6b8  0013f6c8 7c91160c 00156eb8 00000000
0013f6c8  0013f6d4 7c809f8f 00156eb8 0013f714
0013f6d8  68026678 680266c6 d9ca0c31 210d97cd
0013f6e8  8df17a10 214c6b26 463488df 00008030
0013f6f8  0013f750 680120d4 00000000 00000000
0013f708  00000000 00000000 0013f724 00000028
0013f718  00000000 00000000 00000001 77c2c3ce
0013f728  77c2c3e7 00000080 0013f73c 77c39d7a
0013f738  00000000 0013f750 68014e32 6802f000
0013f748  6802f008 00008030 0013f770 68014eda
0013f758  68000000 00000001 00000000 00000001
0013f768  0013f784 68014e88 0013f790 7c90118a
0013f778  68000000 00000001 00000000 68014e88
0013f678  5f66a1fa c10e4a71 ea071945 e9739cf1
0013f688  6800d6fb 68031958 0013f6e0 0013f6b8
0013f698  00000014 68031998 00000000 68000000
0013f6a8  00000000 00000000 0013f724 00000028
0013f6b8  0013f6c8 7c91160c 00156eb8 00000000
0013f6c8  0013f6d4 7c809f8f 00156eb8 0013f714
0013f6d8  68026678 680266c6 d9ca0c31 210d97cd
0013f6e8  8df17a10 214c6b26 463488df 00008030
0013f6f8  0013f750 680120d4 00000000 00000000
0013f708  00000000 00000000 0013f724 00000028
0013f718  00000000 00000000 00000001 77c2c3ce
0013f728  77c2c3e7 00000080 0013f73c 77c39d7a
0013f738  00000000 0013f750 68014e32 6802f000
0013f748  6802f008 00008030 0013f770 68014eda
0013f758  68000000 00000001 00000000 00000001
0013f768  0013f784 68014e88 0013f790 7c90118a
0013f778  68000000 00000001 00000000 68014e88
0013f788  00000001 00252248 0013f898 7c91c4da
0013f798  68014e88 68000000 00000001 00000000
0013f7a8  0013fe38 0013fe18 00000000 00000000
0013f7b8  68001000 0013f778 7c91c265 7ffde000
0013f7c8  00252248 7c91d008 ffffffff 7c91cffe
0013f7d8  7c91d2fb 00252388 00252248 7ffde000
0013f7e8  00000000 00000001 00252248 7ffdf000
0013f7f8  00252388 00000014 00000001 00000000
0013f808  00000000 00000010 00000000 0013f82c
0013f818  0013f894 00000004 00000000 00000004
0013f828  002522e8 00252428 00252388 00252248
0013f838  00000000 00000014 00000001 00000000
0013f848  00000000 00000010 6802ddc4 c000008a
0013f858  68000000 68000000 00000000 7ffdf000
0013f868  68014e88 00252248 0013f838 01000000
state=68031958 aux=0013f6e0 out=0013f6b8 len_or_flags=00000014 68031958  24 c5 06 c0 44 5b 81 78-6d c9 1c 85 6e 0d f5 c0  $...D[.xm...n...
68031968  7c 88 04 eb fa a1 66 5f-71 4a 0e c1 45 19 07 ea  |.....f_qJ..E...
68031978  f1 9c 73 e9 b8 b9 91 c4-0a e8 1e 95 fc 39 7b 50  ..s..........9{P
68031988  8d 9a 4e 0d fd cd 1a 2c-24 e4 72 86 00 00 00 00  ..N....,$.r.....
0013f6e0  31 0c ca d9 cd 97 0d 21-10 7a f1 8d 26 6b 4c 21  1......!.z..&kL!
0013f6f0  df 88 34 46 30 80 00 00-50 f7 13 00 d4 20 01 68  ..4F0...P.... .h
0013f6b8  c8 f6 13 00 0c 16 91 7c-b8 6e 15 00 00 00 00 00  .......|.n......
0013f6c8  d4 f6 13 00 8f 9f 80 7c-b8 6e 15 00 14 f7 13 00  .......|.n......
0013f6d8  78 66 02 68 c6 66 02 68-31 0c ca d9 cd 97 0d 21  xf.h.f.h1......!
0013f6e8  10 7a f1 8d 26 6b 4c 21-df 88 34 46 30 80 00 00  .z..&kL!..4F0...
68031958  24 c5 06 c0 44 5b 81 78-6d c9 1c 85 6e 0d f5 c0  $...D[.xm...n...
68031968  7c 88 04 eb fa a1 66 5f-71 4a 0e c1 45 19 07 ea  |.....f_qJ..E...
68031978  f1 9c 73 e9 b8 b9 91 c4-0a e8 1e 95 fc 39 7b 50  ..s..........9{P
68031988  8d 9a 4e 0d fd cd 1a 2c-24 e4 72 86 00 00 00 00  ..N....,$.r.....
001b:68027101 8bff            mov     edi,edi
[GSTATE_INIT_RETURN_680120D4_AFTER_SUB_6800D640]
eax=00000000 ebx=68000000 ecx=00008030 edx=68031980 esi=00000000 edi=68031998
eip=680120d4 esp=0013f71c ebp=0013f750 iopl=0         nv up ei pl zr na pe nc
cs=001b  ss=0023  ds=0023  es=0023  fs=003b  gs=0000             efl=00000246
001b:680120d4 85c0            test    eax,eax
 # ChildEBP RetAddr      Args to Child
WARNING: Frame IP not in any known module. Following frames may be wrong.
00 0013f750 68014eda     68000000 00000001 00000000 0x680120d4
01 0013f770 7c90118a     68000000 00000001 00000000 0x68014eda
02 0013f790 7c91c4da     68014e88 68000000 00000001 ntdll!LdrpCallInitRoutine+0x14
03 0013f898 7c916351     00000000 c0150008 00000000 ntdll!LdrpRunInitializeRoutines+0x344
0013f71c  00000000 00000001 147ee556 54328b56
0013f72c  3f9a6d08 a54b72f8 c40e43a9 bfbe9df9
0013f73c  cd6d0165 f757fedd afcc6704 c9118a9f
0013f74c  00008030 0013f770 68014eda 68000000
0013f75c  00000001 00000000 00000001 0013f784
0013f76c  68014e88 0013f790 7c90118a 68000000
0013f77c  00000001 00000000 68014e88 00000001
0013f78c  00252248 0013f898 7c91c4da 68014e88
0013f79c  68000000 00000001 00000000 0013fe38
0013f7ac  0013fe18 00000000 00000000 68001000
0013f7bc  0013f778 7c91c265 7ffde000 00252248
0013f7cc  7c91d008 ffffffff 7c91cffe 7c91d2fb
0013f7dc  00252388 00252248 7ffde000 00000000
0013f7ec  00000001 00252248 7ffdf000 00252388
0013f7fc  00000014 00000001 00000000 00000000
0013f80c  00000010 00000000 0013f82c 0013f894
0013f81c  00000004 00000000 00000004 002522e8
0013f82c  00252428 00252388 00252248 00000000
0013f83c  00000014 00000001 00000000 00000000
0013f84c  00000010 6802ddc4 c000008a 68000000
0013f85c  68000000 00000000 7ffdf000 68014e88
0013f86c  00252248 0013f838 01000000 0013f828
0013f87c  00000000 0013f7a8 0013fb34 0013fb34
0013f88c  7c90e900 7c91c348 00000002 0013fb44
0013f89c  7c916351 00000000 c0150008 00000000
0013f8ac  00000000 0013f908 00252258 001410a0
0013f8bc  0013f910 0013f90c 7ffde000 00252398
0013f8cc  0013f91c 00251eac 0013f900 0013fe38
0013f8dc  0013fa3c 0013fe18 00000018 7ffdec14
0013f8ec  00000000 0013fe34 00000000 7ffdec0e
0013f8fc  00156a90 02160014 0013f910 00000000
0013f90c  00252248 00730072 00650061 0068006e
0013f6d0  cd6d0165 f757fedd afcc6704 c9118a9f
0013f6e0  d9ca0c31 210d97cd 8df17a10 214c6b26
0013f6f0  463488df 00008030 0013f750 680120d4
0013f700  00000000 00000000 00000000 00000000
0013f710  0013f724 00000028 00000000 00000000
0013f720  00000001 147ee556 54328b56 3f9a6d08
0013f730  a54b72f8 c40e43a9 bfbe9df9 cd6d0165
0013f740  f757fedd afcc6704 c9118a9f 00008030
0013f750  0013f770 68014eda 68000000 00000001
0013f760  00000000 00000001 0013f784 68014e88
0013f770  0013f790 7c90118a 68000000 00000001
0013f780  00000000 68014e88 00000001 00252248
0013f790  0013f898 7c91c4da 68014e88 68000000
0013f7a0  00000001 00000000 0013fe38 0013fe18
0013f7b0  00000000 00000000 68001000 0013f778
0013f7c0  7c91c265 7ffde000 00252248 7c91d008
0013f7d0  ffffffff 7c91cffe 7c91d2fb 00252388
0013f7e0  00252248 7ffde000 00000000 00000001
0013f7f0  00252248 7ffdf000 00252388 00000014
0013f800  00000001 00000000 00000000 00000010
0013f810  00000000 0013f82c 0013f894 00000004
0013f820  00000000 00000004 002522e8 00252428
0013f830  00252388 00252248 00000000 00000014
0013f840  00000001 00000000 00000000 00000010
0013f850  6802ddc4 c000008a 68000000 68000000
0013f860  00000000 7ffdf000 68014e88 00252248
0013f870  0013f838 01000000 0013f828 00000000
0013f880  0013f7a8 0013fb34 0013fb34 7c90e900
0013f890  7c91c348 00000002 0013fb44 7c916351
0013f8a0  00000000 c0150008 00000000 00000000
0013f8b0  0013f908 00252258 001410a0 0013f910
0013f8c0  0013f90c 7ffde000 00252398 0013f91c
68031958  75 48 43 93 ff e8 21 9a-54 35 0e bc 6a e8 0e 15  uHC...!.T5..j...
68031968  c5 55 25 7a fa a1 66 5f-71 4a 0e c1 45 19 07 ea  .U%z..f_qJ..E...
68031978  f1 9c 73 e9 b8 b9 91 c4-56 e5 7e 14 56 8b 32 54  ..s.....V.~.V.2T
68031988  08 6d 9a 3f f8 72 4b a5-a9 43 0e c4 00 00 00 00  .m.?.rK..C......
001b:680120d4 85c0            test    eax,eax
001b:7c90120e cc              int     3
001b:7c90120e cc              int     3
